#
# There is insufficient memory for the Java Runtime Environment to continue.
# Native memory allocation (malloc) failed to allocate 1384080 bytes. Error detail: Chunk::new
# Possible reasons:
#   The system is out of physical RAM or swap space
#   This process is running with CompressedOops enabled, and the Java Heap may be blocking the growth of the native heap
# Possible solutions:
#   Reduce memory load on the system
#   Increase physical memory or swap space
#   Check if swap backing store is full
#   Decrease Java heap size (-Xmx/-Xms)
#   Decrease number of Java threads
#   Decrease Java thread stack sizes (-Xss)
#   Set larger code cache with -XX:ReservedCodeCacheSize=
#   JVM is running with Unscaled Compressed Oops mode in which the Java heap is
#     placed in the first 4GB address space. The Java Heap base address is the
#     maximum limit for the native heap growth. Please use -XX:HeapBaseMinAddress
#     to set the Java Heap base and to place the Java Heap above 4GB virtual address.
# This output file may be truncated or incomplete.
#
#  Out of Memory Error (arena.cpp:168), pid=23040, tid=30668
#
# JRE version: OpenJDK Runtime Environment Temurin-21.0.8+9 (21.0.8+9) (build 21.0.8+9-LTS)
# Java VM: OpenJDK 64-Bit Server VM Temurin-21.0.8+9 (21.0.8+9-LTS, mixed mode, sharing, tiered, compressed oops, compressed class ptrs, parallel gc, windows-amd64)
# No core dump will be written. Minidumps are not enabled by default on client versions of Windows
#

---------------  S U M M A R Y ------------

Command Line: --add-modules=ALL-SYSTEM --add-opens=java.base/java.util=ALL-UNNAMED --add-opens=java.base/java.lang=ALL-UNNAMED --add-opens=java.base/sun.nio.fs=ALL-UNNAMED -Declipse.application=org.eclipse.jdt.ls.core.id1 -Dosgi.bundles.defaultStartLevel=4 -Declipse.product=org.eclipse.jdt.ls.core.product -Djava.import.generatesMetadataFilesAtProjectRoot=false -DDetectVMInstallationsJob.disabled=true -Dfile.encoding=utf8 -XX:+UseParallelGC -XX:GCTimeRatio=4 -XX:AdaptiveSizePolicyWeight=90 -Dsun.zip.disableMemoryMapping=true -Xmx2G -Xms100m -Xlog:disable -javaagent:c:\Users\Shaik\.vscode\extensions\redhat.java-1.46.0-win32-x64\lombok\lombok-1.18.39-4050.jar -XX:+HeapDumpOnOutOfMemoryError -XX:HeapDumpPath=c:\Users\Shaik\AppData\Roaming\Code\User\workspaceStorage\b969609c57074d7f45bfa7cd6e1570cd\redhat.java -Daether.dependencyCollector.impl=bf c:\Users\Shaik\.vscode\extensions\redhat.java-1.46.0-win32-x64\server\plugins\org.eclipse.equinox.launcher_1.7.0.v20250519-0528.jar -configuration c:\Users\Shaik\AppData\Roaming\Code\User\globalStorage\redhat.java\1.46.0\config_win -data c:\Users\Shaik\AppData\Roaming\Code\User\workspaceStorage\b969609c57074d7f45bfa7cd6e1570cd\redhat.java\jdt_ws --pipe=\\.\pipe\lsp-2ca3c93f23ce6df593c74e035ab392b4-sock

Host: 13th Gen Intel(R) Core(TM) i5-1335U, 12 cores, 15G,  Windows 11 , 64 bit Build 26100 (10.0.26100.5074)
Time: Wed Oct 15 18:37:55 2025 India Standard Time elapsed time: 59.808635 seconds (0d 0h 0m 59s)

---------------  T H R E A D  ---------------

Current thread (0x0000012bf7126b30):  JavaThread "C2 CompilerThread2" daemon [_thread_in_native, id=30668, stack(0x0000002215c00000,0x0000002215d00000) (1024K)]


Current CompileTask:
C2:59808 4687       4       org.eclipse.osgi.internal.loader.BundleLoader::addExportedProvidersFor (167 bytes)

Stack: [0x0000002215c00000,0x0000002215d00000]
Native frames: (J=compiled Java code, j=interpreted, Vv=VM code, C=native code)
V  [jvm.dll+0x6d2449]
V  [jvm.dll+0x8ae341]
V  [jvm.dll+0x8b08be]
V  [jvm.dll+0x8b0fa3]
V  [jvm.dll+0x280c96]
V  [jvm.dll+0xc581d]
V  [jvm.dll+0xc5d53]
V  [jvm.dll+0x3b919c]
V  [jvm.dll+0x1e1213]
V  [jvm.dll+0x249022]
V  [jvm.dll+0x2484af]
V  [jvm.dll+0x1c89ee]
V  [jvm.dll+0x257d4d]
V  [jvm.dll+0x2562ea]
V  [jvm.dll+0x3f2d16]
V  [jvm.dll+0x857e6b]
V  [jvm.dll+0x6d0b0d]
C  [ucrtbase.dll+0x37b0]
C  [KERNEL32.DLL+0x2e8d7]
C  [ntdll.dll+0x8d9c]


---------------  P R O C E S S  ---------------

Threads class SMR info:
_java_thread_list=0x0000012bfc06c8a0, length=42, elements={
0x0000012b9d7e4310, 0x0000012bf7100290, 0x0000012bf7100ee0, 0x0000012bf710a810,
0x0000012bf710d220, 0x0000012bf710df10, 0x0000012bf7113ee0, 0x0000012bf711cba0,
0x0000012bf7124250, 0x0000012bf71fd6e0, 0x0000012bf7707460, 0x0000012bfc0213b0,
0x0000012bf7857ef0, 0x0000012bfc1b3820, 0x0000012bfc1b3e80, 0x0000012bf7cb0700,
0x0000012bfcfc9410, 0x0000012bfc339500, 0x0000012bfc33bc60, 0x0000012bfc339b90,
0x0000012bfc33af40, 0x0000012bfc33a220, 0x0000012bf7123b80, 0x0000012bf7126b30,
0x0000012bfc33a8b0, 0x0000012bfc338e70, 0x0000012bfc33c2f0, 0x0000012bfcc57180,
0x0000012bfcc57810, 0x0000012bfcc550b0, 0x0000012bfcc55740, 0x0000012bfcc56460,
0x0000012bfcc55dd0, 0x0000012bfcc59f70, 0x0000012bfcc58530, 0x0000012bfcc56af0,
0x0000012bfcc5a600, 0x0000012bfcc59250, 0x0000012bfcc58bc0, 0x0000012bfcc5ac90,
0x0000012bfcc5b320, 0x0000012bfcc598e0
}

Java Threads: ( => current thread )
  0x0000012b9d7e4310 JavaThread "main"                              [_thread_in_vm, id=28816, stack(0x0000002213a00000,0x0000002213b00000) (1024K)]
  0x0000012bf7100290 JavaThread "Reference Handler"          daemon [_thread_blocked, id=30692, stack(0x0000002213e00000,0x0000002213f00000) (1024K)]
  0x0000012bf7100ee0 JavaThread "Finalizer"                  daemon [_thread_blocked, id=27020, stack(0x0000002213f00000,0x0000002214000000) (1024K)]
  0x0000012bf710a810 JavaThread "Signal Dispatcher"          daemon [_thread_blocked, id=21228, stack(0x0000002214000000,0x0000002214100000) (1024K)]
  0x0000012bf710d220 JavaThread "Attach Listener"            daemon [_thread_blocked, id=30868, stack(0x0000002214100000,0x0000002214200000) (1024K)]
  0x0000012bf710df10 JavaThread "Service Thread"             daemon [_thread_blocked, id=29208, stack(0x0000002214200000,0x0000002214300000) (1024K)]
  0x0000012bf7113ee0 JavaThread "Monitor Deflation Thread"   daemon [_thread_blocked, id=30908, stack(0x0000002214300000,0x0000002214400000) (1024K)]
  0x0000012bf711cba0 JavaThread "C2 CompilerThread0"         daemon [_thread_in_native, id=21256, stack(0x0000002214400000,0x0000002214500000) (1024K)]
  0x0000012bf7124250 JavaThread "C1 CompilerThread0"         daemon [_thread_in_native, id=19308, stack(0x0000002214500000,0x0000002214600000) (1024K)]
  0x0000012bf71fd6e0 JavaThread "Common-Cleaner"             daemon [_thread_blocked, id=23108, stack(0x0000002214600000,0x0000002214700000) (1024K)]
  0x0000012bf7707460 JavaThread "Notification Thread"        daemon [_thread_blocked, id=20932, stack(0x0000002214800000,0x0000002214900000) (1024K)]
  0x0000012bfc0213b0 JavaThread "Active Thread: Equinox Container: bc80a496-22df-43a8-9b19-9de8a896d4a4"        [_thread_blocked, id=8856, stack(0x0000002215000000,0x0000002215100000) (1024K)]
  0x0000012bf7857ef0 JavaThread "Refresh Thread: Equinox Container: bc80a496-22df-43a8-9b19-9de8a896d4a4" daemon [_thread_blocked, id=31568, stack(0x0000002214900000,0x0000002214a00000) (1024K)]
  0x0000012bfc1b3820 JavaThread "Framework Event Dispatcher: Equinox Container: bc80a496-22df-43a8-9b19-9de8a896d4a4" daemon [_thread_blocked, id=20812, stack(0x0000002215100000,0x0000002215200000) (1024K)]
  0x0000012bfc1b3e80 JavaThread "Start Level: Equinox Container: bc80a496-22df-43a8-9b19-9de8a896d4a4" daemon [_thread_blocked, id=21540, stack(0x0000002215200000,0x0000002215300000) (1024K)]
  0x0000012bf7cb0700 JavaThread "Bundle File Closer"         daemon [_thread_blocked, id=30096, stack(0x0000002215500000,0x0000002215600000) (1024K)]
  0x0000012bfcfc9410 JavaThread "SCR Component Actor"        daemon [_thread_blocked, id=30900, stack(0x0000002213900000,0x0000002213a00000) (1024K)]
  0x0000012bfc339500 JavaThread "Worker-JM"                         [_thread_blocked, id=30504, stack(0x0000002215800000,0x0000002215900000) (1024K)]
  0x0000012bfc33bc60 JavaThread "Worker-0: Updating Maven Dependencies"        [_thread_in_native, id=30864, stack(0x0000002215600000,0x0000002215700000) (1024K)]
  0x0000012bfc339b90 JavaThread "Worker-1: Repository registry initialization"        [_thread_blocked, id=26172, stack(0x0000002215700000,0x0000002215800000) (1024K)]
  0x0000012bfc33af40 JavaThread "Worker-2: Loading available Gradle versions"        [_thread_in_vm, id=22964, stack(0x0000002215900000,0x0000002215a00000) (1024K)]
  0x0000012bfc33a220 JavaThread "Worker-3: Initialize After Load"        [_thread_blocked, id=13012, stack(0x0000002215a00000,0x0000002215b00000) (1024K)]
  0x0000012bf7123b80 JavaThread "C2 CompilerThread1"         daemon [_thread_in_native, id=19372, stack(0x0000002215b00000,0x0000002215c00000) (1024K)]
=>0x0000012bf7126b30 JavaThread "C2 CompilerThread2"         daemon [_thread_in_native, id=30668, stack(0x0000002215c00000,0x0000002215d00000) (1024K)]
  0x0000012bfc33a8b0 JavaThread "Java indexing"              daemon [_thread_blocked, id=2136, stack(0x0000002215d00000,0x0000002215e00000) (1024K)]
  0x0000012bfc338e70 JavaThread "JNA Cleaner"                daemon [_thread_blocked, id=26396, stack(0x0000002215e00000,0x0000002215f00000) (1024K)]
  0x0000012bfc33c2f0 JavaThread "Worker-4"                          [_thread_blocked, id=8200, stack(0x0000002216100000,0x0000002216200000) (1024K)]
  0x0000012bfcc57180 JavaThread "Worker-5"                          [_thread_blocked, id=28688, stack(0x0000002216200000,0x0000002216300000) (1024K)]
  0x0000012bfcc57810 JavaThread "Thread-1"                   daemon [_thread_in_native, id=23596, stack(0x0000002216300000,0x0000002216400000) (1024K)]
  0x0000012bfcc550b0 JavaThread "Thread-2"                   daemon [_thread_in_native, id=29052, stack(0x0000002216400000,0x0000002216500000) (1024K)]
  0x0000012bfcc55740 JavaThread "Thread-3"                   daemon [_thread_in_native, id=15004, stack(0x0000002216500000,0x0000002216600000) (1024K)]
  0x0000012bfcc56460 JavaThread "Thread-4"                   daemon [_thread_in_native, id=18940, stack(0x0000002216600000,0x0000002216700000) (1024K)]
  0x0000012bfcc55dd0 JavaThread "Thread-5"                   daemon [_thread_in_native, id=29384, stack(0x0000002216700000,0x0000002216800000) (1024K)]
  0x0000012bfcc59f70 JavaThread "Thread-6"                   daemon [_thread_in_native, id=28448, stack(0x0000002216800000,0x0000002216900000) (1024K)]
  0x0000012bfcc58530 JavaThread "Thread-7"                   daemon [_thread_in_native, id=5964, stack(0x0000002216900000,0x0000002216a00000) (1024K)]
  0x0000012bfcc56af0 JavaThread "Thread-8"                   daemon [_thread_in_native, id=20892, stack(0x0000002216a00000,0x0000002216b00000) (1024K)]
  0x0000012bfcc5a600 JavaThread "Thread-9"                   daemon [_thread_in_native, id=22576, stack(0x0000002216b00000,0x0000002216c00000) (1024K)]
  0x0000012bfcc59250 JavaThread "Thread-10"                  daemon [_thread_in_native, id=30592, stack(0x0000002216c00000,0x0000002216d00000) (1024K)]
  0x0000012bfcc58bc0 JavaThread "Thread-11"                  daemon [_thread_in_native, id=8616, stack(0x0000002216d00000,0x0000002216e00000) (1024K)]
  0x0000012bfcc5ac90 JavaThread "Thread-12"                  daemon [_thread_in_native, id=19084, stack(0x0000002216e00000,0x0000002216f00000) (1024K)]
  0x0000012bfcc5b320 JavaThread "Thread-13"                  daemon [_thread_in_native, id=21984, stack(0x0000002216f00000,0x0000002217000000) (1024K)]
  0x0000012bfcc598e0 JavaThread "pool-2-thread-1"                   [_thread_blocked, id=30488, stack(0x0000002217000000,0x0000002217100000) (1024K)]
Total: 42

Other Threads:
  0x0000012b9d89e7c0 VMThread "VM Thread"                           [id=25824, stack(0x0000002213d00000,0x0000002213e00000) (1024K)] _threads_hazard_ptr=0x0000012bfc06c8a0
  0x0000012b9d66ca00 WatcherThread "VM Periodic Task Thread"        [id=14284, stack(0x0000002213c00000,0x0000002213d00000) (1024K)]
  0x0000012b9d8018e0 WorkerThread "GC Thread#0"                     [id=26204, stack(0x0000002213b00000,0x0000002213c00000) (1024K)]
  0x0000012bf7cf8910 WorkerThread "GC Thread#1"                     [id=14400, stack(0x0000002214a00000,0x0000002214b00000) (1024K)]
  0x0000012bfc17d0b0 WorkerThread "GC Thread#2"                     [id=15860, stack(0x0000002214b00000,0x0000002214c00000) (1024K)]
  0x0000012bfc17d450 WorkerThread "GC Thread#3"                     [id=25644, stack(0x0000002214c00000,0x0000002214d00000) (1024K)]
  0x0000012bfc2396b0 WorkerThread "GC Thread#4"                     [id=15452, stack(0x0000002214d00000,0x0000002214e00000) (1024K)]
  0x0000012bfc239a50 WorkerThread "GC Thread#5"                     [id=21804, stack(0x0000002214e00000,0x0000002214f00000) (1024K)]
  0x0000012bf7ac4390 WorkerThread "GC Thread#6"                     [id=30336, stack(0x0000002214f00000,0x0000002215000000) (1024K)]
  0x0000012bf79973a0 WorkerThread "GC Thread#7"                     [id=20712, stack(0x0000002214700000,0x0000002214800000) (1024K)]
  0x0000012bf7592bf0 WorkerThread "GC Thread#8"                     [id=23452, stack(0x0000002215300000,0x0000002215400000) (1024K)]
  0x0000012bf7592f90 WorkerThread "GC Thread#9"                     [id=24996, stack(0x0000002215400000,0x0000002215500000) (1024K)]
Total: 12

Threads with active compile tasks:
C2 CompilerThread0  60833 4738   !   4       org.eclipse.osgi.internal.loader.classpath.ClasspathManager::defineClass (636 bytes)
C1 CompilerThread0  60833 5104       3       java.util.regex.Pattern::compile (537 bytes)
C2 CompilerThread1  60833 5080       4       jdk.internal.module.SystemModuleFinders$SystemModuleReader::find (59 bytes)
C2 CompilerThread2  60833 4687       4       org.eclipse.osgi.internal.loader.BundleLoader::addExportedProvidersFor (167 bytes)
Total: 4

VM state: not at safepoint (normal execution)

VM Mutex/Monitor currently owned by a thread: None

Heap address: 0x0000000080000000, size: 2048 MB, Compressed Oops mode: 32-bit

CDS archive(s) mapped at: [0x0000012bb5000000-0x0000012bb5ba0000-0x0000012bb5ba0000), size 12189696, SharedBaseAddress: 0x0000012bb5000000, ArchiveRelocationMode: 1.
Compressed class space mapped at: 0x0000012bb6000000-0x0000012bf6000000, reserved size: 1073741824
Narrow klass base: 0x0000012bb5000000, Narrow klass shift: 0, Narrow klass range: 0x100000000

GC Precious Log:
 CardTable entry size: 512
 CPUs: 12 total, 12 available
 Memory: 16095M
 Large Page Support: Disabled
 NUMA Support: Disabled
 Compressed Oops: Enabled (32-bit)
 Alignments: Space 512K, Generation 512K, Heap 2M
 Heap Min Capacity: 100M
 Heap Initial Capacity: 100M
 Heap Max Capacity: 2G
 Pre-touch: Disabled
 Parallel Workers: 10

Heap:
 PSYoungGen      total 23552K, used 8473K [0x00000000d5580000, 0x00000000d7300000, 0x0000000100000000)
  eden space 22016K, 31% used [0x00000000d5580000,0x00000000d5c464a0,0x00000000d6b00000)
  from space 1536K, 100% used [0x00000000d7180000,0x00000000d7300000,0x00000000d7300000)
  to   space 3072K, 0% used [0x00000000d6d00000,0x00000000d6d00000,0x00000000d7000000)
 ParOldGen       total 68608K, used 21387K [0x0000000080000000, 0x0000000084300000, 0x00000000d5580000)
  object space 68608K, 31% used [0x0000000080000000,0x00000000814e2c30,0x0000000084300000)
 Metaspace       used 41705K, committed 42752K, reserved 1114112K
  class space    used 4498K, committed 4928K, reserved 1048576K

Card table byte_map: [0x0000012b9d180000,0x0000012b9d590000] _byte_map_base: 0x0000012b9cd80000

Marking Bits: (ParMarkBitMap*) 0x00007ffc62d6a340
 Begin Bits: [0x0000012bafc80000, 0x0000012bb1c80000)
 End Bits:   [0x0000012bb1c80000, 0x0000012bb3c80000)

Polling page: 0x0000012b9b5e0000

Metaspace:

Usage:
  Non-class:     36.33 MB used.
      Class:      4.39 MB used.
       Both:     40.73 MB used.

Virtual space:
  Non-class space:       64.00 MB reserved,      36.94 MB ( 58%) committed,  1 nodes.
      Class space:        1.00 GB reserved,       4.81 MB ( <1%) committed,  1 nodes.
             Both:        1.06 GB reserved,      41.75 MB (  4%) committed. 

Chunk freelists:
   Non-Class:  10.30 MB
       Class:  11.04 MB
        Both:  21.34 MB

MaxMetaspaceSize: unlimited
CompressedClassSpaceSize: 1.00 GB
Initial GC threshold: 21.00 MB
Current GC threshold: 58.88 MB
CDS: on
 - commit_granule_bytes: 65536.
 - commit_granule_words: 8192.
 - virtual_space_node_default_size: 8388608.
 - enlarge_chunks_in_place: 1.
 - use_allocation_guard: 0.


Internal statistics:

num_allocs_failed_limit: 12.
num_arena_births: 742.
num_arena_deaths: 14.
num_vsnodes_births: 2.
num_vsnodes_deaths: 0.
num_space_committed: 668.
num_space_uncommitted: 0.
num_chunks_returned_to_freelist: 26.
num_chunks_taken_from_freelist: 2532.
num_chunk_merges: 18.
num_chunk_splits: 1533.
num_chunks_enlarged: 816.
num_inconsistent_stats: 0.

CodeHeap 'non-profiled nmethods': size=120000Kb used=2098Kb max_used=2379Kb free=117901Kb
 bounds [0x0000012ba84a0000, 0x0000012ba8710000, 0x0000012baf9d0000]
CodeHeap 'profiled nmethods': size=120000Kb used=9013Kb max_used=9826Kb free=110986Kb
 bounds [0x0000012ba09d0000, 0x0000012ba1370000, 0x0000012ba7f00000]
CodeHeap 'non-nmethods': size=5760Kb used=1375Kb max_used=1398Kb free=4384Kb
 bounds [0x0000012ba7f00000, 0x0000012ba8170000, 0x0000012ba84a0000]
CodeCache: size=245760Kb, used=12486Kb, max_used=13603Kb, free=233271Kb
 total_blobs=5169, nmethods=4498, adapters=576, full_count=0
Compilation: enabled, stopped_count=0, restarted_count=0

Compilation events (20 events):
Event: 58.758 Thread 0x0000012bf7124250 5077       3       org.eclipse.lsp4j.jsonrpc.services.AnnotationUtil::isDelegateMethod (59 bytes)
Event: 58.759 Thread 0x0000012bf7124250 nmethod 5077 0x0000012ba0b45b90 code [0x0000012ba0b45e40, 0x0000012ba0b46aa8]
Event: 58.760 Thread 0x0000012bf7124250 5075       3       java.lang.reflect.Executable::getDeclaredAnnotations (8 bytes)
Event: 58.760 Thread 0x0000012bf7123b80 5080       4       jdk.internal.module.SystemModuleFinders$SystemModuleReader::find (59 bytes)
Event: 58.760 Thread 0x0000012bf7124250 nmethod 5075 0x0000012ba0d87f90 code [0x0000012ba0d88180, 0x0000012ba0d885c8]
Event: 58.767 Thread 0x0000012bf7124250 5083       3       sun.reflect.generics.parser.SignatureParser::parseTypeArgument (135 bytes)
Event: 58.768 Thread 0x0000012bf7124250 nmethod 5083 0x0000012ba0bf9110 code [0x0000012ba0bf9420, 0x0000012ba0bfa878]
Event: 58.768 Thread 0x0000012bf7124250 5086       3       java.util.Spliterators$ArraySpliterator::forEachRemaining (68 bytes)
Event: 58.768 Thread 0x0000012bf7124250 nmethod 5086 0x0000012ba0d54e90 code [0x0000012ba0d55060, 0x0000012ba0d554b8]
Event: 58.768 Thread 0x0000012bf7124250 5084       3       com.google.inject.spi.InjectionPoint::forInstanceMethodsAndFields (8 bytes)
Event: 58.768 Thread 0x0000012bf7124250 nmethod 5084 0x0000012ba0d87a90 code [0x0000012ba0d87c60, 0x0000012ba0d87e78]
Event: 58.768 Thread 0x0000012bf7124250 5085       3       com.google.inject.spi.InjectionPoint$InjectableMember::<init> (50 bytes)
Event: 58.768 Thread 0x0000012bf7124250 nmethod 5085 0x0000012ba0d54690 code [0x0000012ba0d54880, 0x0000012ba0d54cf8]
Event: 58.768 Thread 0x0000012bf7124250 5087       3       com.google.inject.spi.InjectionPoint::<init> (67 bytes)
Event: 58.769 Thread 0x0000012bf7124250 nmethod 5087 0x0000012ba0a74110 code [0x0000012ba0a74320, 0x0000012ba0a74a70]
Event: 58.769 Thread 0x0000012bf7124250 5088       3       com.google.inject.TypeLiteral::<init> (43 bytes)
Event: 58.769 Thread 0x0000012bf7124250 nmethod 5088 0x0000012ba0a73590 code [0x0000012ba0a737a0, 0x0000012ba0a73d20]
Event: 58.784 Thread 0x0000012bf7124250 5090       1       java.util.logging.Logger::getName (5 bytes)
Event: 58.784 Thread 0x0000012bf7124250 nmethod 5090 0x0000012ba8550110 code [0x0000012ba85502a0, 0x0000012ba8550368]
Event: 58.790 Thread 0x0000012bf7124250 5091       3       org.eclipse.core.runtime.jobs.Job::getState (5 bytes)

GC Heap History (20 events):
Event: 57.181 GC heap before
{Heap before GC invocations=9 (full 1):
 PSYoungGen      total 29184K, used 24576K [0x00000000d5580000, 0x00000000d7680000, 0x0000000100000000)
  eden space 24576K, 100% used [0x00000000d5580000,0x00000000d6d80000,0x00000000d6d80000)
  from space 4608K, 0% used [0x00000000d6e80000,0x00000000d6e80000,0x00000000d7300000)
  to   space 3584K, 0% used [0x00000000d7300000,0x00000000d7300000,0x00000000d7680000)
 ParOldGen       total 68608K, used 13324K [0x0000000080000000, 0x0000000084300000, 0x00000000d5580000)
  object space 68608K, 19% used [0x0000000080000000,0x0000000080d03078,0x0000000084300000)
 Metaspace       used 22847K, committed 23744K, reserved 1114112K
  class space    used 2349K, committed 2752K, reserved 1048576K
}
Event: 57.183 GC heap after
{Heap after GC invocations=9 (full 1):
 PSYoungGen      total 25088K, used 516K [0x00000000d5580000, 0x00000000d7400000, 0x0000000100000000)
  eden space 24064K, 0% used [0x00000000d5580000,0x00000000d5580000,0x00000000d6d00000)
  from space 1024K, 50% used [0x00000000d7300000,0x00000000d73810d0,0x00000000d7400000)
  to   space 2048K, 0% used [0x00000000d7000000,0x00000000d7000000,0x00000000d7200000)
 ParOldGen       total 68608K, used 13332K [0x0000000080000000, 0x0000000084300000, 0x00000000d5580000)
  object space 68608K, 19% used [0x0000000080000000,0x0000000080d05078,0x0000000084300000)
 Metaspace       used 22847K, committed 23744K, reserved 1114112K
  class space    used 2349K, committed 2752K, reserved 1048576K
}
Event: 57.582 GC heap before
{Heap before GC invocations=10 (full 1):
 PSYoungGen      total 25088K, used 24580K [0x00000000d5580000, 0x00000000d7400000, 0x0000000100000000)
  eden space 24064K, 100% used [0x00000000d5580000,0x00000000d6d00000,0x00000000d6d00000)
  from space 1024K, 50% used [0x00000000d7300000,0x00000000d73810d0,0x00000000d7400000)
  to   space 2048K, 0% used [0x00000000d7000000,0x00000000d7000000,0x00000000d7200000)
 ParOldGen       total 68608K, used 13332K [0x0000000080000000, 0x0000000084300000, 0x00000000d5580000)
  object space 68608K, 19% used [0x0000000080000000,0x0000000080d05078,0x0000000084300000)
 Metaspace       used 26574K, committed 27520K, reserved 1114112K
  class space    used 2753K, committed 3136K, reserved 1048576K
}
Event: 57.583 GC heap after
{Heap after GC invocations=10 (full 1):
 PSYoungGen      total 25600K, used 736K [0x00000000d5580000, 0x00000000d7380000, 0x0000000100000000)
  eden space 23552K, 0% used [0x00000000d5580000,0x00000000d5580000,0x00000000d6c80000)
  from space 2048K, 35% used [0x00000000d7000000,0x00000000d70b8000,0x00000000d7200000)
  to   space 1024K, 0% used [0x00000000d7280000,0x00000000d7280000,0x00000000d7380000)
 ParOldGen       total 68608K, used 13340K [0x0000000080000000, 0x0000000084300000, 0x00000000d5580000)
  object space 68608K, 19% used [0x0000000080000000,0x0000000080d07078,0x0000000084300000)
 Metaspace       used 26574K, committed 27520K, reserved 1114112K
  class space    used 2753K, committed 3136K, reserved 1048576K
}
Event: 57.680 GC heap before
{Heap before GC invocations=11 (full 1):
 PSYoungGen      total 25600K, used 24288K [0x00000000d5580000, 0x00000000d7380000, 0x0000000100000000)
  eden space 23552K, 100% used [0x00000000d5580000,0x00000000d6c80000,0x00000000d6c80000)
  from space 2048K, 35% used [0x00000000d7000000,0x00000000d70b8000,0x00000000d7200000)
  to   space 1024K, 0% used [0x00000000d7280000,0x00000000d7280000,0x00000000d7380000)
 ParOldGen       total 68608K, used 13340K [0x0000000080000000, 0x0000000084300000, 0x00000000d5580000)
  object space 68608K, 19% used [0x0000000080000000,0x0000000080d07078,0x0000000084300000)
 Metaspace       used 28105K, committed 28928K, reserved 1114112K
  class space    used 2867K, committed 3200K, reserved 1048576K
}
Event: 57.682 GC heap after
{Heap after GC invocations=11 (full 1):
 PSYoungGen      total 24064K, used 996K [0x00000000d5580000, 0x00000000d7380000, 0x0000000100000000)
  eden space 23040K, 0% used [0x00000000d5580000,0x00000000d5580000,0x00000000d6c00000)
  from space 1024K, 97% used [0x00000000d7280000,0x00000000d7379148,0x00000000d7380000)
  to   space 1536K, 0% used [0x00000000d7080000,0x00000000d7080000,0x00000000d7200000)
 ParOldGen       total 68608K, used 15118K [0x0000000080000000, 0x0000000084300000, 0x00000000d5580000)
  object space 68608K, 22% used [0x0000000080000000,0x0000000080ec3a98,0x0000000084300000)
 Metaspace       used 28105K, committed 28928K, reserved 1114112K
  class space    used 2867K, committed 3200K, reserved 1048576K
}
Event: 57.875 GC heap before
{Heap before GC invocations=12 (full 1):
 PSYoungGen      total 24064K, used 24036K [0x00000000d5580000, 0x00000000d7380000, 0x0000000100000000)
  eden space 23040K, 100% used [0x00000000d5580000,0x00000000d6c00000,0x00000000d6c00000)
  from space 1024K, 97% used [0x00000000d7280000,0x00000000d7379148,0x00000000d7380000)
  to   space 1536K, 0% used [0x00000000d7080000,0x00000000d7080000,0x00000000d7200000)
 ParOldGen       total 68608K, used 15118K [0x0000000080000000, 0x0000000084300000, 0x00000000d5580000)
  object space 68608K, 22% used [0x0000000080000000,0x0000000080ec3a98,0x0000000084300000)
 Metaspace       used 29473K, committed 30400K, reserved 1114112K
  class space    used 3023K, committed 3392K, reserved 1048576K
}
Event: 57.877 GC heap after
{Heap after GC invocations=12 (full 1):
 PSYoungGen      total 24064K, used 1309K [0x00000000d5580000, 0x00000000d7300000, 0x0000000100000000)
  eden space 22528K, 0% used [0x00000000d5580000,0x00000000d5580000,0x00000000d6b80000)
  from space 1536K, 85% used [0x00000000d7080000,0x00000000d71c7698,0x00000000d7200000)
  to   space 1024K, 0% used [0x00000000d7200000,0x00000000d7200000,0x00000000d7300000)
 ParOldGen       total 68608K, used 15747K [0x0000000080000000, 0x0000000084300000, 0x00000000d5580000)
  object space 68608K, 22% used [0x0000000080000000,0x0000000080f60c20,0x0000000084300000)
 Metaspace       used 29473K, committed 30400K, reserved 1114112K
  class space    used 3023K, committed 3392K, reserved 1048576K
}
Event: 58.087 GC heap before
{Heap before GC invocations=13 (full 1):
 PSYoungGen      total 24064K, used 23837K [0x00000000d5580000, 0x00000000d7300000, 0x0000000100000000)
  eden space 22528K, 100% used [0x00000000d5580000,0x00000000d6b80000,0x00000000d6b80000)
  from space 1536K, 85% used [0x00000000d7080000,0x00000000d71c7698,0x00000000d7200000)
  to   space 1024K, 0% used [0x00000000d7200000,0x00000000d7200000,0x00000000d7300000)
 ParOldGen       total 68608K, used 15747K [0x0000000080000000, 0x0000000084300000, 0x00000000d5580000)
  object space 68608K, 22% used [0x0000000080000000,0x0000000080f60c20,0x0000000084300000)
 Metaspace       used 32347K, committed 33216K, reserved 1114112K
  class space    used 3355K, committed 3712K, reserved 1048576K
}
Event: 58.089 GC heap after
{Heap after GC invocations=13 (full 1):
 PSYoungGen      total 23040K, used 1004K [0x00000000d5580000, 0x00000000d7300000, 0x0000000100000000)
  eden space 22016K, 0% used [0x00000000d5580000,0x00000000d5580000,0x00000000d6b00000)
  from space 1024K, 98% used [0x00000000d7200000,0x00000000d72fb0a8,0x00000000d7300000)
  to   space 1536K, 0% used [0x00000000d7000000,0x00000000d7000000,0x00000000d7180000)
 ParOldGen       total 68608K, used 16603K [0x0000000080000000, 0x0000000084300000, 0x00000000d5580000)
  object space 68608K, 24% used [0x0000000080000000,0x0000000081036db8,0x0000000084300000)
 Metaspace       used 32347K, committed 33216K, reserved 1114112K
  class space    used 3355K, committed 3712K, reserved 1048576K
}
Event: 58.267 GC heap before
{Heap before GC invocations=14 (full 1):
 PSYoungGen      total 23040K, used 18998K [0x00000000d5580000, 0x00000000d7300000, 0x0000000100000000)
  eden space 22016K, 81% used [0x00000000d5580000,0x00000000d6712b40,0x00000000d6b00000)
  from space 1024K, 98% used [0x00000000d7200000,0x00000000d72fb0a8,0x00000000d7300000)
  to   space 1536K, 0% used [0x00000000d7000000,0x00000000d7000000,0x00000000d7180000)
 ParOldGen       total 68608K, used 16603K [0x0000000080000000, 0x0000000084300000, 0x00000000d5580000)
  object space 68608K, 24% used [0x0000000080000000,0x0000000081036db8,0x0000000084300000)
 Metaspace       used 34850K, committed 35904K, reserved 1114112K
  class space    used 3658K, committed 4096K, reserved 1048576K
}
Event: 58.269 GC heap after
{Heap after GC invocations=14 (full 1):
 PSYoungGen      total 23552K, used 1128K [0x00000000d5580000, 0x00000000d7280000, 0x0000000100000000)
  eden space 22016K, 0% used [0x00000000d5580000,0x00000000d5580000,0x00000000d6b00000)
  from space 1536K, 73% used [0x00000000d7000000,0x00000000d711a050,0x00000000d7180000)
  to   space 1024K, 0% used [0x00000000d7180000,0x00000000d7180000,0x00000000d7280000)
 ParOldGen       total 68608K, used 17429K [0x0000000080000000, 0x0000000084300000, 0x00000000d5580000)
  object space 68608K, 25% used [0x0000000080000000,0x0000000081105460,0x0000000084300000)
 Metaspace       used 34850K, committed 35904K, reserved 1114112K
  class space    used 3658K, committed 4096K, reserved 1048576K
}
Event: 58.304 GC heap before
{Heap before GC invocations=15 (full 1):
 PSYoungGen      total 23552K, used 4926K [0x00000000d5580000, 0x00000000d7280000, 0x0000000100000000)
  eden space 22016K, 17% used [0x00000000d5580000,0x00000000d5935b98,0x00000000d6b00000)
  from space 1536K, 73% used [0x00000000d7000000,0x00000000d711a050,0x00000000d7180000)
  to   space 1024K, 0% used [0x00000000d7180000,0x00000000d7180000,0x00000000d7280000)
 ParOldGen       total 68608K, used 17429K [0x0000000080000000, 0x0000000084300000, 0x00000000d5580000)
  object space 68608K, 25% used [0x0000000080000000,0x0000000081105460,0x0000000084300000)
 Metaspace       used 35205K, committed 36160K, reserved 1114112K
  class space    used 3695K, committed 4096K, reserved 1048576K
}
Event: 58.305 GC heap after
{Heap after GC invocations=15 (full 1):
 PSYoungGen      total 23040K, used 800K [0x00000000d5580000, 0x00000000d7280000, 0x0000000100000000)
  eden space 22016K, 0% used [0x00000000d5580000,0x00000000d5580000,0x00000000d6b00000)
  from space 1024K, 78% used [0x00000000d7180000,0x00000000d72482d0,0x00000000d7280000)
  to   space 1024K, 0% used [0x00000000d7080000,0x00000000d7080000,0x00000000d7180000)
 ParOldGen       total 68608K, used 18290K [0x0000000080000000, 0x0000000084300000, 0x00000000d5580000)
  object space 68608K, 26% used [0x0000000080000000,0x00000000811dcb40,0x0000000084300000)
 Metaspace       used 35205K, committed 36160K, reserved 1114112K
  class space    used 3695K, committed 4096K, reserved 1048576K
}
Event: 58.305 GC heap before
{Heap before GC invocations=16 (full 2):
 PSYoungGen      total 23040K, used 800K [0x00000000d5580000, 0x00000000d7280000, 0x0000000100000000)
  eden space 22016K, 0% used [0x00000000d5580000,0x00000000d5580000,0x00000000d6b00000)
  from space 1024K, 78% used [0x00000000d7180000,0x00000000d72482d0,0x00000000d7280000)
  to   space 1024K, 0% used [0x00000000d7080000,0x00000000d7080000,0x00000000d7180000)
 ParOldGen       total 68608K, used 18290K [0x0000000080000000, 0x0000000084300000, 0x00000000d5580000)
  object space 68608K, 26% used [0x0000000080000000,0x00000000811dcb40,0x0000000084300000)
 Metaspace       used 35205K, committed 36160K, reserved 1114112K
  class space    used 3695K, committed 4096K, reserved 1048576K
}
Event: 58.327 GC heap after
{Heap after GC invocations=16 (full 2):
 PSYoungGen      total 23040K, used 0K [0x00000000d5580000, 0x00000000d7280000, 0x0000000100000000)
  eden space 22016K, 0% used [0x00000000d5580000,0x00000000d5580000,0x00000000d6b00000)
  from space 1024K, 0% used [0x00000000d7180000,0x00000000d7180000,0x00000000d7280000)
  to   space 1024K, 0% used [0x00000000d7080000,0x00000000d7080000,0x00000000d7180000)
 ParOldGen       total 68608K, used 17907K [0x0000000080000000, 0x0000000084300000, 0x00000000d5580000)
  object space 68608K, 26% used [0x0000000080000000,0x000000008117cee8,0x0000000084300000)
 Metaspace       used 35205K, committed 36160K, reserved 1114112K
  class space    used 3695K, committed 4096K, reserved 1048576K
}
Event: 58.489 GC heap before
{Heap before GC invocations=17 (full 2):
 PSYoungGen      total 23040K, used 21944K [0x00000000d5580000, 0x00000000d7280000, 0x0000000100000000)
  eden space 22016K, 99% used [0x00000000d5580000,0x00000000d6aee1a0,0x00000000d6b00000)
  from space 1024K, 0% used [0x00000000d7180000,0x00000000d7180000,0x00000000d7280000)
  to   space 1024K, 0% used [0x00000000d7080000,0x00000000d7080000,0x00000000d7180000)
 ParOldGen       total 68608K, used 17907K [0x0000000080000000, 0x0000000084300000, 0x00000000d5580000)
  object space 68608K, 26% used [0x0000000080000000,0x000000008117cee8,0x0000000084300000)
 Metaspace       used 37995K, committed 39040K, reserved 1114112K
  class space    used 4039K, committed 4480K, reserved 1048576K
}
Event: 58.491 GC heap after
{Heap after GC invocations=17 (full 2):
 PSYoungGen      total 23040K, used 1024K [0x00000000d5580000, 0x00000000d7300000, 0x0000000100000000)
  eden space 22016K, 0% used [0x00000000d5580000,0x00000000d5580000,0x00000000d6b00000)
  from space 1024K, 100% used [0x00000000d7080000,0x00000000d7180000,0x00000000d7180000)
  to   space 1536K, 0% used [0x00000000d7180000,0x00000000d7180000,0x00000000d7300000)
 ParOldGen       total 68608K, used 20130K [0x0000000080000000, 0x0000000084300000, 0x00000000d5580000)
  object space 68608K, 29% used [0x0000000080000000,0x00000000813a89e0,0x0000000084300000)
 Metaspace       used 37995K, committed 39040K, reserved 1114112K
  class space    used 4039K, committed 4480K, reserved 1048576K
}
Event: 58.743 GC heap before
{Heap before GC invocations=18 (full 2):
 PSYoungGen      total 23040K, used 23037K [0x00000000d5580000, 0x00000000d7300000, 0x0000000100000000)
  eden space 22016K, 99% used [0x00000000d5580000,0x00000000d6aff4b0,0x00000000d6b00000)
  from space 1024K, 100% used [0x00000000d7080000,0x00000000d7180000,0x00000000d7180000)
  to   space 1536K, 0% used [0x00000000d7180000,0x00000000d7180000,0x00000000d7300000)
 ParOldGen       total 68608K, used 20130K [0x0000000080000000, 0x0000000084300000, 0x00000000d5580000)
  object space 68608K, 29% used [0x0000000080000000,0x00000000813a89e0,0x0000000084300000)
 Metaspace       used 40627K, committed 41664K, reserved 1114112K
  class space    used 4368K, committed 4800K, reserved 1048576K
}
Event: 58.746 GC heap after
{Heap after GC invocations=18 (full 2):
 PSYoungGen      total 23552K, used 1536K [0x00000000d5580000, 0x00000000d7300000, 0x0000000100000000)
  eden space 22016K, 0% used [0x00000000d5580000,0x00000000d5580000,0x00000000d6b00000)
  from space 1536K, 100% used [0x00000000d7180000,0x00000000d7300000,0x00000000d7300000)
  to   space 3072K, 0% used [0x00000000d6d00000,0x00000000d6d00000,0x00000000d7000000)
 ParOldGen       total 68608K, used 21387K [0x0000000080000000, 0x0000000084300000, 0x00000000d5580000)
  object space 68608K, 31% used [0x0000000080000000,0x00000000814e2c30,0x0000000084300000)
 Metaspace       used 40627K, committed 41664K, reserved 1114112K
  class space    used 4368K, committed 4800K, reserved 1048576K
}

Dll operation events (13 events):
Event: 0.015 Loaded shared library c:\Users\Shaik\.vscode\extensions\redhat.java-1.46.0-win32-x64\jre\21.0.8-win32-x86_64\bin\java.dll
Event: 0.077 Loaded shared library c:\Users\Shaik\.vscode\extensions\redhat.java-1.46.0-win32-x64\jre\21.0.8-win32-x86_64\bin\zip.dll
Event: 0.098 Loaded shared library C:\Users\Shaik\.vscode\extensions\redhat.java-1.46.0-win32-x64\jre\21.0.8-win32-x86_64\bin\instrument.dll
Event: 0.102 Loaded shared library C:\Users\Shaik\.vscode\extensions\redhat.java-1.46.0-win32-x64\jre\21.0.8-win32-x86_64\bin\net.dll
Event: 0.104 Loaded shared library C:\Users\Shaik\.vscode\extensions\redhat.java-1.46.0-win32-x64\jre\21.0.8-win32-x86_64\bin\nio.dll
Event: 0.107 Loaded shared library C:\Users\Shaik\.vscode\extensions\redhat.java-1.46.0-win32-x64\jre\21.0.8-win32-x86_64\bin\zip.dll
Event: 0.122 Loaded shared library C:\Users\Shaik\.vscode\extensions\redhat.java-1.46.0-win32-x64\jre\21.0.8-win32-x86_64\bin\jimage.dll
Event: 0.189 Loaded shared library c:\Users\Shaik\.vscode\extensions\redhat.java-1.46.0-win32-x64\jre\21.0.8-win32-x86_64\bin\verify.dll
Event: 14.502 Loaded shared library C:\Users\Shaik\AppData\Roaming\Code\User\globalStorage\redhat.java\1.46.0\config_win\org.eclipse.equinox.launcher\org.eclipse.equinox.launcher.win32.win32.x86_64_1.2.1400.v20250801-0854\eclipse_11916.dll
Event: 50.342 Loaded shared library C:\Users\Shaik\.vscode\extensions\redhat.java-1.46.0-win32-x64\jre\21.0.8-win32-x86_64\bin\management.dll
Event: 50.349 Loaded shared library C:\Users\Shaik\.vscode\extensions\redhat.java-1.46.0-win32-x64\jre\21.0.8-win32-x86_64\bin\management_ext.dll
Event: 58.176 Loaded shared library C:\Users\Shaik\AppData\Local\Temp\jna-79847086\jna6247283353829644273.dll
Event: 58.344 Loaded shared library C:\Users\Shaik\.vscode\extensions\redhat.java-1.46.0-win32-x64\jre\21.0.8-win32-x86_64\bin\sunmscapi.dll

Deoptimization events (20 events):
Event: 58.510 Thread 0x0000012bfc33af40 Uncommon trap: trap_request=0xffffffde fr.pc=0x0000012ba85c4288 relative=0x0000000000001768
Event: 58.510 Thread 0x0000012bfc33af40 Uncommon trap: reason=class_check action=maybe_recompile pc=0x0000012ba85c4288 method=java.lang.String.<init>(Ljava/nio/charset/Charset;[BII)V @ 521 c2
Event: 58.510 Thread 0x0000012bfc33af40 DEOPT PACKING pc=0x0000012ba85c4288 sp=0x00000022159fd290
Event: 58.510 Thread 0x0000012bfc33af40 DEOPT UNPACKING pc=0x0000012ba7f53aa2 sp=0x00000022159fd268 mode 2
Event: 58.620 Thread 0x0000012bfc33af40 Uncommon trap: trap_request=0xffffff45 fr.pc=0x0000012ba8677c44 relative=0x00000000000000a4
Event: 58.620 Thread 0x0000012bfc33af40 Uncommon trap: reason=unstable_if action=reinterpret pc=0x0000012ba8677c44 method=java.util.ArrayList.fastRemove([Ljava/lang/Object;I)V @ 19 c2
Event: 58.620 Thread 0x0000012bfc33af40 DEOPT PACKING pc=0x0000012ba8677c44 sp=0x00000022159fdc60
Event: 58.620 Thread 0x0000012bfc33af40 DEOPT UNPACKING pc=0x0000012ba7f53aa2 sp=0x00000022159fdbe8 mode 2
Event: 58.721 Thread 0x0000012bfc33af40 Uncommon trap: trap_request=0xffffff45 fr.pc=0x0000012ba86c88d0 relative=0x0000000000000230
Event: 58.721 Thread 0x0000012bfc33af40 Uncommon trap: reason=unstable_if action=reinterpret pc=0x0000012ba86c88d0 method=java.util.HashMap.putVal(ILjava/lang/Object;Ljava/lang/Object;ZZ)Ljava/lang/Object; @ 162 c2
Event: 58.721 Thread 0x0000012bfc33af40 DEOPT PACKING pc=0x0000012ba86c88d0 sp=0x00000022159fc0d0
Event: 58.721 Thread 0x0000012bfc33af40 DEOPT UNPACKING pc=0x0000012ba7f53aa2 sp=0x00000022159fbfd8 mode 2
Event: 58.749 Thread 0x0000012bfc33af40 Uncommon trap: trap_request=0xffffff3d fr.pc=0x0000012ba8563578 relative=0x00000000000001d8
Event: 58.749 Thread 0x0000012bfc33af40 Uncommon trap: reason=unstable_fused_if action=reinterpret pc=0x0000012ba8563578 method=java.lang.CharacterDataLatin1.equalsIgnoreCase(BB)Z @ 16 c2
Event: 58.749 Thread 0x0000012bfc33af40 DEOPT PACKING pc=0x0000012ba8563578 sp=0x00000022159fce00
Event: 58.749 Thread 0x0000012bfc33af40 DEOPT UNPACKING pc=0x0000012ba7f53aa2 sp=0x00000022159fcd08 mode 2
Event: 58.752 Thread 0x0000012bfc33af40 Uncommon trap: trap_request=0xffffffc6 fr.pc=0x0000012ba86c67dc relative=0x000000000000079c
Event: 58.752 Thread 0x0000012bfc33af40 Uncommon trap: reason=bimorphic_or_optimized_type_check action=maybe_recompile pc=0x0000012ba86c67dc method=java.util.Hashtable.addEntry(ILjava/lang/Object;Ljava/lang/Object;I)V @ 28 c2
Event: 58.752 Thread 0x0000012bfc33af40 DEOPT PACKING pc=0x0000012ba86c67dc sp=0x00000022159fb620
Event: 58.752 Thread 0x0000012bfc33af40 DEOPT UNPACKING pc=0x0000012ba7f53aa2 sp=0x00000022159fb558 mode 2

Classes loaded (20 events):
Event: 58.758 Loading class sun/security/ssl/DTLSRecord done
Event: 58.758 Loading class sun/security/ssl/DTLSInputRecord done
Event: 58.758 Loading class java/util/concurrent/ConcurrentSkipListMap$KeySet
Event: 58.758 Loading class java/util/concurrent/ConcurrentSkipListMap$KeySet done
Event: 58.758 Loading class java/util/concurrent/ConcurrentSkipListMap$KeyIterator
Event: 58.758 Loading class java/util/concurrent/ConcurrentSkipListMap$Iter
Event: 58.759 Loading class java/util/concurrent/ConcurrentSkipListMap$Iter done
Event: 58.759 Loading class java/util/concurrent/ConcurrentSkipListMap$KeyIterator done
Event: 58.759 Loading class java/net/InetAddress$NameServiceAddresses
Event: 58.759 Loading class java/net/InetAddress$Addresses
Event: 58.759 Loading class java/net/InetAddress$Addresses done
Event: 58.759 Loading class java/net/InetAddress$NameServiceAddresses done
Event: 58.759 Loading class java/net/spi/InetAddressResolverProvider
Event: 58.759 Loading class java/net/spi/InetAddressResolverProvider done
Event: 58.773 Loading class java/math/BigDecimal
Event: 58.774 Loading class java/math/BigDecimal done
Event: 58.787 Loading class java/lang/ExceptionInInitializerError
Event: 58.788 Loading class java/lang/ExceptionInInitializerError done
Event: 58.788 Loading class sun/misc/Unsafe
Event: 58.788 Loading class sun/misc/Unsafe done

Classes unloaded (7 events):
Event: 54.561 Thread 0x0000012b9d89e7c0 Unloading class 0x0000012bb61a9400 'java/lang/invoke/LambdaForm$MH+0x0000012bb61a9400'
Event: 54.561 Thread 0x0000012b9d89e7c0 Unloading class 0x0000012bb61a9000 'java/lang/invoke/LambdaForm$MH+0x0000012bb61a9000'
Event: 54.561 Thread 0x0000012b9d89e7c0 Unloading class 0x0000012bb61a8c00 'java/lang/invoke/LambdaForm$MH+0x0000012bb61a8c00'
Event: 54.561 Thread 0x0000012b9d89e7c0 Unloading class 0x0000012bb61a8800 'java/lang/invoke/LambdaForm$MH+0x0000012bb61a8800'
Event: 54.561 Thread 0x0000012b9d89e7c0 Unloading class 0x0000012bb61a8400 'java/lang/invoke/LambdaForm$BMH+0x0000012bb61a8400'
Event: 54.561 Thread 0x0000012b9d89e7c0 Unloading class 0x0000012bb61a8000 'java/lang/invoke/LambdaForm$DMH+0x0000012bb61a8000'
Event: 54.561 Thread 0x0000012b9d89e7c0 Unloading class 0x0000012bb61a6c00 'java/lang/invoke/LambdaForm$DMH+0x0000012bb61a6c00'

Classes redefined (0 events):
No events

Internal exceptions (20 events):
Event: 57.904 Thread 0x0000012bfc1b3e80 Exception <a 'java/lang/NoSuchMethodError'{0x00000000d57d86c8}: 'java.lang.Object java.lang.invoke.DirectMethodHandle$Holder.invokeStaticInit(java.lang.Object, java.lang.Object, int, int, int, int)'> (0x00000000d57d86c8) 
thrown [s\src\hotspot\share\interpreter\linkResolver.cpp, line 773]
Event: 57.973 Thread 0x0000012bfc1b3e80 Exception <a 'sun/nio/fs/WindowsException'{0x00000000d5f87088}> (0x00000000d5f87088) 
thrown [s\src\hotspot\share\prims\jni.cpp, line 520]
Event: 57.974 Thread 0x0000012bfc1b3e80 Exception <a 'sun/nio/fs/WindowsException'{0x00000000d5f8ad80}> (0x00000000d5f8ad80) 
thrown [s\src\hotspot\share\prims\jni.cpp, line 520]
Event: 57.977 Thread 0x0000012bfc1b3e80 Exception <a 'sun/nio/fs/WindowsException'{0x00000000d5f97c08}> (0x00000000d5f97c08) 
thrown [s\src\hotspot\share\prims\jni.cpp, line 520]
Event: 58.031 Thread 0x0000012bfc1b3e80 Exception <a 'java/lang/ClassNotFoundException'{0x00000000d65e9810}: com/sun/org/apache/xml/internal/serializer/spi/XMLEntitiesProvider> (0x00000000d65e9810) 
thrown [s\src\hotspot\share\classfile\systemDictionary.cpp, line 312]
Event: 58.132 Thread 0x0000012bfc1b3e80 Exception <a 'java/io/FileNotFoundException'{0x00000000d58d4b90}> (0x00000000d58d4b90) 
thrown [s\src\hotspot\share\prims\jni.cpp, line 520]
Event: 58.212 Thread 0x0000012bfc1b3e80 Exception <a 'java/lang/UnsatisfiedLinkError'{0x00000000d6029088}: The specified procedure could not be found.
> (0x00000000d6029088) 
thrown [s\src\hotspot\share\prims\jni.cpp, line 539]
Event: 58.216 Thread 0x0000012bfc1b3e80 Exception <a 'java/io/FileNotFoundException'{0x00000000d60bb738}> (0x00000000d60bb738) 
thrown [s\src\hotspot\share\prims\jni.cpp, line 520]
Event: 58.237 Thread 0x0000012bfc1b3e80 Exception <a 'java/lang/NoSuchMethodError'{0x00000000d63a46f8}: 'void java.lang.invoke.DirectMethodHandle$Holder.invokeSpecial(java.lang.Object, java.lang.Object, java.lang.Object, int)'> (0x00000000d63a46f8) 
thrown [s\src\hotspot\share\interpreter\linkResolver.cpp, line 773]
Event: 58.238 Thread 0x0000012bfc1b3e80 Exception <a 'java/lang/NoSuchMethodError'{0x00000000d63a7dc8}: 'void java.lang.invoke.DelegatingMethodHandle$Holder.reinvoke_L(java.lang.Object, java.lang.Object, int)'> (0x00000000d63a7dc8) 
thrown [s\src\hotspot\share\interpreter\linkResolver.cpp, line 773]
Event: 58.238 Thread 0x0000012bfc1b3e80 Exception <a 'java/lang/NoSuchMethodError'{0x00000000d63ae760}: 'int java.lang.invoke.Invokers$Holder.invokeExact_MT(java.lang.Object, java.lang.Object, java.lang.Object)'> (0x00000000d63ae760) 
thrown [s\src\hotspot\share\interpreter\linkResolver.cpp, line 773]
Event: 58.241 Thread 0x0000012bfc1b3e80 Exception <a 'java/lang/UnsatisfiedLinkError'{0x00000000d63eb3b8}: The specified procedure could not be found.
> (0x00000000d63eb3b8) 
thrown [s\src\hotspot\share\prims\jni.cpp, line 539]
Event: 58.246 Thread 0x0000012bfc1b3e80 Exception <a 'java/lang/NoSuchMethodError'{0x00000000d63f80f0}: 'void java.lang.invoke.Invokers$Holder.invokeExact_MT(java.lang.Object, java.lang.Object, int, java.lang.Object)'> (0x00000000d63f80f0) 
thrown [s\src\hotspot\share\interpreter\linkResolver.cpp, line 773]
Event: 58.352 Thread 0x0000012b9d7e4310 Exception <a 'java/io/FileNotFoundException'{0x00000000d59bbc10}> (0x00000000d59bbc10) 
thrown [s\src\hotspot\share\prims\jni.cpp, line 520]
Event: 58.384 Thread 0x0000012bfc33af40 Exception <a 'sun/nio/fs/WindowsException'{0x00000000d5f04128}> (0x00000000d5f04128) 
thrown [s\src\hotspot\share\prims\jni.cpp, line 520]
Event: 58.388 Thread 0x0000012b9d7e4310 Exception <a 'java/lang/NoSuchMethodError'{0x00000000d5f85028}: 'java.lang.Object java.lang.invoke.DirectMethodHandle$Holder.invokeStatic(java.lang.Object, long, java.lang.Object)'> (0x00000000d5f85028) 
thrown [s\src\hotspot\share\interpreter\linkResolver.cpp, line 773]
Event: 58.390 Thread 0x0000012b9d7e4310 Exception <a 'java/lang/NoSuchMethodError'{0x00000000d5f931d0}: 'java.lang.Object java.lang.invoke.DirectMethodHandle$Holder.invokeStaticInit(java.lang.Object, long, java.lang.Object)'> (0x00000000d5f931d0) 
thrown [s\src\hotspot\share\interpreter\linkResolver.cpp, line 773]
Event: 58.391 Thread 0x0000012b9d7e4310 Exception <a 'java/lang/NoSuchMethodError'{0x00000000d5fd59d8}: 'java.lang.Object java.lang.invoke.DirectMethodHandle$Holder.newInvokeSpecial(java.lang.Object, long)'> (0x00000000d5fd59d8) 
thrown [s\src\hotspot\share\interpreter\linkResolver.cpp, line 773]
Event: 58.782 Thread 0x0000012bfc33bc60 Exception <a 'java/lang/NoSuchMethodError'{0x00000000d59af4f0}: 'void java.lang.invoke.DirectMethodHandle$Holder.invokeStaticInit(java.lang.Object, java.lang.Object, java.lang.Object)'> (0x00000000d59af4f0) 
thrown [s\src\hotspot\share\interpreter\linkResolver.cpp, line 773]
Event: 58.789 Thread 0x0000012bfc33bc60 Exception <a 'java/lang/ExceptionInInitializerError'{0x00000000d5a940a8}> (0x00000000d5a940a8) 
thrown [s\src\hotspot\share\oops\instanceKlass.cpp, line 1220]

ZGC Phase Switch (0 events):
No events

VM Operations (20 events):
Event: 58.304 Executing VM operation: CollectForMetadataAllocation (Metadata GC Threshold)
Event: 58.327 Executing VM operation: CollectForMetadataAllocation (Metadata GC Threshold) done
Event: 58.336 Executing VM operation: HandshakeAllThreads (Deoptimize)
Event: 58.336 Executing VM operation: HandshakeAllThreads (Deoptimize) done
Event: 58.387 Executing VM operation: HandshakeAllThreads (Deoptimize)
Event: 58.387 Executing VM operation: HandshakeAllThreads (Deoptimize) done
Event: 58.489 Executing VM operation: ParallelGCFailedAllocation (Allocation Failure)
Event: 58.491 Executing VM operation: ParallelGCFailedAllocation (Allocation Failure) done
Event: 58.496 Executing VM operation: HandshakeAllThreads (Deoptimize)
Event: 58.499 Executing VM operation: HandshakeAllThreads (Deoptimize) done
Event: 58.598 Executing VM operation: HandshakeAllThreads (Deoptimize)
Event: 58.599 Executing VM operation: HandshakeAllThreads (Deoptimize) done
Event: 58.743 Executing VM operation: ParallelGCFailedAllocation (Allocation Failure)
Event: 58.746 Executing VM operation: ParallelGCFailedAllocation (Allocation Failure) done
Event: 58.755 Executing VM operation: HandshakeAllThreads (Deoptimize)
Event: 58.756 Executing VM operation: HandshakeAllThreads (Deoptimize) done
Event: 58.781 Executing VM operation: HandshakeAllThreads (Deoptimize)
Event: 58.782 Executing VM operation: HandshakeAllThreads (Deoptimize) done
Event: 59.782 Executing VM operation: Cleanup
Event: 59.782 Executing VM operation: Cleanup done

Memory protections (0 events):
No events

Nmethod flushes (20 events):
Event: 58.317 Thread 0x0000012b9d89e7c0 flushing  nmethod 0x0000012ba101bf90
Event: 58.317 Thread 0x0000012b9d89e7c0 flushing  nmethod 0x0000012ba101c710
Event: 58.317 Thread 0x0000012b9d89e7c0 flushing  nmethod 0x0000012ba101e090
Event: 58.317 Thread 0x0000012b9d89e7c0 flushing  nmethod 0x0000012ba101e510
Event: 58.317 Thread 0x0000012b9d89e7c0 flushing  nmethod 0x0000012ba101f210
Event: 58.317 Thread 0x0000012b9d89e7c0 flushing  nmethod 0x0000012ba101f710
Event: 58.317 Thread 0x0000012b9d89e7c0 flushing  nmethod 0x0000012ba1020790
Event: 58.317 Thread 0x0000012b9d89e7c0 flushing  nmethod 0x0000012ba1022090
Event: 58.317 Thread 0x0000012b9d89e7c0 flushing  nmethod 0x0000012ba1022790
Event: 58.317 Thread 0x0000012b9d89e7c0 flushing  nmethod 0x0000012ba102c890
Event: 58.317 Thread 0x0000012b9d89e7c0 flushing  nmethod 0x0000012ba104c790
Event: 58.317 Thread 0x0000012b9d89e7c0 flushing  nmethod 0x0000012ba105cd90
Event: 58.317 Thread 0x0000012b9d89e7c0 flushing  nmethod 0x0000012ba105f590
Event: 58.317 Thread 0x0000012b9d89e7c0 flushing  nmethod 0x0000012ba1069d10
Event: 58.317 Thread 0x0000012b9d89e7c0 flushing  nmethod 0x0000012ba10bd410
Event: 58.317 Thread 0x0000012b9d89e7c0 flushing osr nmethod 0x0000012ba10cff10
Event: 58.317 Thread 0x0000012b9d89e7c0 flushing  nmethod 0x0000012ba10d0a90
Event: 58.317 Thread 0x0000012b9d89e7c0 flushing  nmethod 0x0000012ba10d1910
Event: 58.317 Thread 0x0000012b9d89e7c0 flushing  nmethod 0x0000012ba10dfb90
Event: 58.317 Thread 0x0000012b9d89e7c0 flushing  nmethod 0x0000012ba10e0590

Events (20 events):
Event: 57.551 Thread 0x0000012bf7124250 Thread added: 0x0000012bf7123b80
Event: 57.643 Thread 0x0000012bf7124250 Thread added: 0x0000012bf7126b30
Event: 57.814 Thread 0x0000012bfc1b3e80 Thread added: 0x0000012bfc33a8b0
Event: 58.203 Thread 0x0000012bfc1b3e80 Thread added: 0x0000012bfc338e70
Event: 58.280 Thread 0x0000012bfc33af40 Thread added: 0x0000012bfc33c2f0
Event: 58.365 Thread 0x0000012bfc33c2f0 Thread added: 0x0000012bfcc57180
Event: 58.402 Thread 0x0000012b9d7e4310 Thread added: 0x0000012bfcc57810
Event: 58.403 Thread 0x0000012b9d7e4310 Thread added: 0x0000012bfcc550b0
Event: 58.403 Thread 0x0000012b9d7e4310 Thread added: 0x0000012bfcc55740
Event: 58.403 Thread 0x0000012b9d7e4310 Thread added: 0x0000012bfcc56460
Event: 58.403 Thread 0x0000012b9d7e4310 Thread added: 0x0000012bfcc55dd0
Event: 58.403 Thread 0x0000012b9d7e4310 Thread added: 0x0000012bfcc59f70
Event: 58.403 Thread 0x0000012b9d7e4310 Thread added: 0x0000012bfcc58530
Event: 58.403 Thread 0x0000012b9d7e4310 Thread added: 0x0000012bfcc56af0
Event: 58.404 Thread 0x0000012b9d7e4310 Thread added: 0x0000012bfcc5a600
Event: 58.404 Thread 0x0000012b9d7e4310 Thread added: 0x0000012bfcc59250
Event: 58.404 Thread 0x0000012b9d7e4310 Thread added: 0x0000012bfcc58bc0
Event: 58.404 Thread 0x0000012b9d7e4310 Thread added: 0x0000012bfcc5ac90
Event: 58.404 Thread 0x0000012b9d7e4310 Thread added: 0x0000012bfcc5b320
Event: 58.425 Thread 0x0000012b9d7e4310 Thread added: 0x0000012bfcc598e0


Dynamic libraries:
0x00007ff761470000 - 0x00007ff76147e000 	c:\Users\Shaik\.vscode\extensions\redhat.java-1.46.0-win32-x64\jre\21.0.8-win32-x86_64\bin\java.exe
0x00007ffcf1620000 - 0x00007ffcf1889000 	C:\WINDOWS\SYSTEM32\ntdll.dll
0x00007ffcf0150000 - 0x00007ffcf0219000 	C:\WINDOWS\System32\KERNEL32.DLL
0x00007ffceecc0000 - 0x00007ffcef0b3000 	C:\WINDOWS\System32\KERNELBASE.dll
0x00007ffcef2a0000 - 0x00007ffcef3eb000 	C:\WINDOWS\System32\ucrtbase.dll
0x00007ffccee40000 - 0x00007ffccee58000 	c:\Users\Shaik\.vscode\extensions\redhat.java-1.46.0-win32-x64\jre\21.0.8-win32-x86_64\bin\jli.dll
0x00007ffce21c0000 - 0x00007ffce21de000 	c:\Users\Shaik\.vscode\extensions\redhat.java-1.46.0-win32-x64\jre\21.0.8-win32-x86_64\bin\VCRUNTIME140.dll
0x00007ffcf0fc0000 - 0x00007ffcf1184000 	C:\WINDOWS\System32\USER32.dll
0x00007ffcee930000 - 0x00007ffcee957000 	C:\WINDOWS\System32\win32u.dll
0x00007ffcf0f90000 - 0x00007ffcf0fbb000 	C:\WINDOWS\System32\GDI32.dll
0x00007ffccadb0000 - 0x00007ffccb043000 	C:\WINDOWS\WinSxS\amd64_microsoft.windows.common-controls_6595b64144ccf1df_6.0.26100.5074_none_3e0d6f78e32fd63f\COMCTL32.dll
0x00007ffcef0c0000 - 0x00007ffcef1ed000 	C:\WINDOWS\System32\gdi32full.dll
0x00007ffcef1f0000 - 0x00007ffcef293000 	C:\WINDOWS\System32\msvcp_win.dll
0x00007ffcf0cb0000 - 0x00007ffcf0d59000 	C:\WINDOWS\System32\msvcrt.dll
0x00007ffcf0520000 - 0x00007ffcf054f000 	C:\WINDOWS\System32\IMM32.DLL
0x00007ffce6a60000 - 0x00007ffce6a6c000 	c:\Users\Shaik\.vscode\extensions\redhat.java-1.46.0-win32-x64\jre\21.0.8-win32-x86_64\bin\vcruntime140_1.dll
0x00007ffcced10000 - 0x00007ffcced9d000 	c:\Users\Shaik\.vscode\extensions\redhat.java-1.46.0-win32-x64\jre\21.0.8-win32-x86_64\bin\msvcp140.dll
0x00007ffc620b0000 - 0x00007ffc62e47000 	c:\Users\Shaik\.vscode\extensions\redhat.java-1.46.0-win32-x64\jre\21.0.8-win32-x86_64\bin\server\jvm.dll
0x00007ffcf1320000 - 0x00007ffcf13d4000 	C:\WINDOWS\System32\ADVAPI32.dll
0x00007ffcf1530000 - 0x00007ffcf15d6000 	C:\WINDOWS\System32\sechost.dll
0x00007ffcef900000 - 0x00007ffcefa18000 	C:\WINDOWS\System32\RPCRT4.dll
0x00007ffcf13e0000 - 0x00007ffcf1454000 	C:\WINDOWS\System32\WS2_32.dll
0x00007ffcee610000 - 0x00007ffcee66e000 	C:\WINDOWS\SYSTEM32\POWRPROF.dll
0x00007ffcd9ac0000 - 0x00007ffcd9acb000 	C:\WINDOWS\SYSTEM32\VERSION.dll
0x00007ffce2dc0000 - 0x00007ffce2df5000 	C:\WINDOWS\SYSTEM32\WINMM.dll
0x00007ffcee5f0000 - 0x00007ffcee604000 	C:\WINDOWS\SYSTEM32\UMPDC.dll
0x00007ffced4f0000 - 0x00007ffced50b000 	C:\WINDOWS\SYSTEM32\kernel.appcore.dll
0x00007ffccee30000 - 0x00007ffccee3a000 	c:\Users\Shaik\.vscode\extensions\redhat.java-1.46.0-win32-x64\jre\21.0.8-win32-x86_64\bin\jimage.dll
0x00007ffcebf40000 - 0x00007ffcec182000 	C:\WINDOWS\SYSTEM32\DBGHELP.DLL
0x00007ffcef480000 - 0x00007ffcef7fb000 	C:\WINDOWS\System32\combase.dll
0x00007ffcf02a0000 - 0x00007ffcf0377000 	C:\WINDOWS\System32\OLEAUT32.dll
0x00007ffcc8c40000 - 0x00007ffcc8c7d000 	C:\WINDOWS\SYSTEM32\dbgcore.DLL
0x00007ffceeb60000 - 0x00007ffceebf9000 	C:\WINDOWS\System32\bcryptPrimitives.dll
0x00007ffccee20000 - 0x00007ffccee2f000 	c:\Users\Shaik\.vscode\extensions\redhat.java-1.46.0-win32-x64\jre\21.0.8-win32-x86_64\bin\instrument.dll
0x00007ffcccac0000 - 0x00007ffcccadf000 	c:\Users\Shaik\.vscode\extensions\redhat.java-1.46.0-win32-x64\jre\21.0.8-win32-x86_64\bin\java.dll
0x00007ffcf0560000 - 0x00007ffcf0cad000 	C:\WINDOWS\System32\SHELL32.dll
0x00007ffcee960000 - 0x00007ffceeacc000 	C:\WINDOWS\System32\wintypes.dll
0x00007ffcec3e0000 - 0x00007ffcecc39000 	C:\WINDOWS\SYSTEM32\windows.storage.dll
0x00007ffcf1220000 - 0x00007ffcf1310000 	C:\WINDOWS\System32\SHCORE.dll
0x00007ffcf0220000 - 0x00007ffcf0282000 	C:\WINDOWS\System32\shlwapi.dll
0x00007ffcee6d0000 - 0x00007ffcee6f9000 	C:\WINDOWS\SYSTEM32\profapi.dll
0x00007ffccca50000 - 0x00007ffccca68000 	c:\Users\Shaik\.vscode\extensions\redhat.java-1.46.0-win32-x64\jre\21.0.8-win32-x86_64\bin\zip.dll
0x00007ffccedd0000 - 0x00007ffccede0000 	C:\Users\Shaik\.vscode\extensions\redhat.java-1.46.0-win32-x64\jre\21.0.8-win32-x86_64\bin\net.dll
0x00007ffce2970000 - 0x00007ffce2a8f000 	C:\WINDOWS\SYSTEM32\WINHTTP.dll
0x00007ffcedb10000 - 0x00007ffcedb7b000 	C:\WINDOWS\system32\mswsock.dll
0x00007ffccca30000 - 0x00007ffccca46000 	C:\Users\Shaik\.vscode\extensions\redhat.java-1.46.0-win32-x64\jre\21.0.8-win32-x86_64\bin\nio.dll
0x00007ffccec90000 - 0x00007ffcceca0000 	c:\Users\Shaik\.vscode\extensions\redhat.java-1.46.0-win32-x64\jre\21.0.8-win32-x86_64\bin\verify.dll
0x00007ffc9fb20000 - 0x00007ffc9fb64000 	C:\Users\Shaik\AppData\Roaming\Code\User\globalStorage\redhat.java\1.46.0\config_win\org.eclipse.equinox.launcher\org.eclipse.equinox.launcher.win32.win32.x86_64_1.2.1400.v20250801-0854\eclipse_11916.dll
0x00007ffcf0380000 - 0x00007ffcf0518000 	C:\WINDOWS\System32\ole32.dll
0x00007ffccc9f0000 - 0x00007ffccc9fa000 	C:\Users\Shaik\.vscode\extensions\redhat.java-1.46.0-win32-x64\jre\21.0.8-win32-x86_64\bin\management.dll
0x00007ffccc9e0000 - 0x00007ffccc9eb000 	C:\Users\Shaik\.vscode\extensions\redhat.java-1.46.0-win32-x64\jre\21.0.8-win32-x86_64\bin\management_ext.dll
0x00007ffcf0290000 - 0x00007ffcf0298000 	C:\WINDOWS\System32\PSAPI.DLL
0x00007ffceddb0000 - 0x00007ffceddcb000 	C:\WINDOWS\SYSTEM32\CRYPTSP.dll
0x00007ffced510000 - 0x00007ffced54b000 	C:\WINDOWS\system32\rsaenh.dll
0x00007ffcedbb0000 - 0x00007ffcedbdb000 	C:\WINDOWS\SYSTEM32\USERENV.dll
0x00007ffcee6a0000 - 0x00007ffcee6c6000 	C:\WINDOWS\SYSTEM32\bcrypt.dll
0x00007ffceddd0000 - 0x00007ffcedddc000 	C:\WINDOWS\SYSTEM32\CRYPTBASE.dll
0x00007ffcecfc0000 - 0x00007ffcecff4000 	C:\WINDOWS\SYSTEM32\IPHLPAPI.DLL
0x00007ffcef470000 - 0x00007ffcef47a000 	C:\WINDOWS\System32\NSI.dll
0x00007ffc9fa80000 - 0x00007ffc9fac9000 	C:\Users\Shaik\AppData\Local\Temp\jna-79847086\jna6247283353829644273.dll
0x00007ffce2f00000 - 0x00007ffce2f1e000 	C:\WINDOWS\SYSTEM32\dhcpcsvc6.DLL
0x00007ffce2800000 - 0x00007ffce2823000 	C:\WINDOWS\SYSTEM32\dhcpcsvc.DLL
0x00007ffccc9d0000 - 0x00007ffccc9de000 	C:\Users\Shaik\.vscode\extensions\redhat.java-1.46.0-win32-x64\jre\21.0.8-win32-x86_64\bin\sunmscapi.dll
0x00007ffcee7b0000 - 0x00007ffcee927000 	C:\WINDOWS\System32\CRYPT32.dll
0x00007ffcedfd0000 - 0x00007ffcee000000 	C:\WINDOWS\SYSTEM32\ncrypt.dll
0x00007ffcedf80000 - 0x00007ffcedfbf000 	C:\WINDOWS\SYSTEM32\NTASN1.dll
0x00007ffced060000 - 0x00007ffced186000 	C:\WINDOWS\SYSTEM32\DNSAPI.dll
0x00007ffce5710000 - 0x00007ffce571b000 	C:\Windows\System32\rasadhlp.dll
0x00007ffce4b30000 - 0x00007ffce4bb6000 	C:\WINDOWS\System32\fwpuclnt.dll

JVMTI agents:
c:\Users\Shaik\.vscode\extensions\redhat.java-1.46.0-win32-x64\lombok\lombok-1.18.39-4050.jar path:c:\Users\Shaik\.vscode\extensions\redhat.java-1.46.0-win32-x64\jre\21.0.8-win32-x86_64\bin\instrument.dll, loaded, initialized, instrumentlib options:none

dbghelp: loaded successfully - version: 4.0.5 - missing functions: none
symbol engine: initialized successfully - sym options: 0x614 - pdb path: .;c:\Users\Shaik\.vscode\extensions\redhat.java-1.46.0-win32-x64\jre\21.0.8-win32-x86_64\bin;C:\WINDOWS\SYSTEM32;C:\WINDOWS\WinSxS\amd64_microsoft.windows.common-controls_6595b64144ccf1df_6.0.26100.5074_none_3e0d6f78e32fd63f;c:\Users\Shaik\.vscode\extensions\redhat.java-1.46.0-win32-x64\jre\21.0.8-win32-x86_64\bin\server;C:\Users\Shaik\AppData\Roaming\Code\User\globalStorage\redhat.java\1.46.0\config_win\org.eclipse.equinox.launcher\org.eclipse.equinox.launcher.win32.win32.x86_64_1.2.1400.v20250801-0854;C:\Users\Shaik\AppData\Local\Temp\jna-79847086

VM Arguments:
jvm_args: --add-modules=ALL-SYSTEM --add-opens=java.base/java.util=ALL-UNNAMED --add-opens=java.base/java.lang=ALL-UNNAMED --add-opens=java.base/sun.nio.fs=ALL-UNNAMED -Declipse.application=org.eclipse.jdt.ls.core.id1 -Dosgi.bundles.defaultStartLevel=4 -Declipse.product=org.eclipse.jdt.ls.core.product -Djava.import.generatesMetadataFilesAtProjectRoot=false -DDetectVMInstallationsJob.disabled=true -Dfile.encoding=utf8 -XX:+UseParallelGC -XX:GCTimeRatio=4 -XX:AdaptiveSizePolicyWeight=90 -Dsun.zip.disableMemoryMapping=true -Xmx2G -Xms100m -Xlog:disable -javaagent:c:\Users\Shaik\.vscode\extensions\redhat.java-1.46.0-win32-x64\lombok\lombok-1.18.39-4050.jar -XX:+HeapDumpOnOutOfMemoryError -XX:HeapDumpPath=c:\Users\Shaik\AppData\Roaming\Code\User\workspaceStorage\b969609c57074d7f45bfa7cd6e1570cd\redhat.java -Daether.dependencyCollector.impl=bf 
java_command: c:\Users\Shaik\.vscode\extensions\redhat.java-1.46.0-win32-x64\server\plugins\org.eclipse.equinox.launcher_1.7.0.v20250519-0528.jar -configuration c:\Users\Shaik\AppData\Roaming\Code\User\globalStorage\redhat.java\1.46.0\config_win -data c:\Users\Shaik\AppData\Roaming\Code\User\workspaceStorage\b969609c57074d7f45bfa7cd6e1570cd\redhat.java\jdt_ws --pipe=\\.\pipe\lsp-2ca3c93f23ce6df593c74e035ab392b4-sock
java_class_path (initial): c:\Users\Shaik\.vscode\extensions\redhat.java-1.46.0-win32-x64\server\plugins\org.eclipse.equinox.launcher_1.7.0.v20250519-0528.jar
Launcher Type: SUN_STANDARD

[Global flags]
    uintx AdaptiveSizePolicyWeight                 = 90                                        {product} {command line}
     intx CICompilerCount                          = 4                                         {product} {ergonomic}
    uintx GCTimeRatio                              = 4                                         {product} {command line}
     bool HeapDumpOnOutOfMemoryError               = true                                   {manageable} {command line}
    ccstr HeapDumpPath                             = c:\Users\Shaik\AppData\Roaming\Code\User\workspaceStorage\b969609c57074d7f45bfa7cd6e1570cd\redhat.java         {manageable} {command line}
   size_t InitialHeapSize                          = 104857600                                 {product} {command line}
   size_t MaxHeapSize                              = 2147483648                                {product} {command line}
   size_t MaxNewSize                               = 715653120                                 {product} {ergonomic}
   size_t MinHeapDeltaBytes                        = 524288                                    {product} {ergonomic}
   size_t MinHeapSize                              = 104857600                                 {product} {command line}
   size_t NewSize                                  = 34603008                                  {product} {ergonomic}
    uintx NonNMethodCodeHeapSize                   = 5839372                                {pd product} {ergonomic}
    uintx NonProfiledCodeHeapSize                  = 122909434                              {pd product} {ergonomic}
   size_t OldSize                                  = 70254592                                  {product} {ergonomic}
    uintx ProfiledCodeHeapSize                     = 122909434                              {pd product} {ergonomic}
    uintx ReservedCodeCacheSize                    = 251658240                              {pd product} {ergonomic}
     bool SegmentedCodeCache                       = true                                      {product} {ergonomic}
   size_t SoftMaxHeapSize                          = 2147483648                             {manageable} {ergonomic}
     bool UseCompressedOops                        = true                           {product lp64_product} {ergonomic}
     bool UseLargePagesIndividualAllocation        = false                                  {pd product} {ergonomic}
     bool UseParallelGC                            = true                                      {product} {command line}

Logging:
Log output configuration:
 #0: stdout all=off uptime,level,tags foldmultilines=false
 #1: stderr all=off uptime,level,tags foldmultilines=false

Environment Variables:
JAVA_HOME=C:\Program Files\Java\jdk-21
PATH=C:\3-1\apache-maven-3.9.11-bin\apache-maven-3.9.11\bin;C:\Program Files\Java\jdk-21\bin;C:\Program Files\nodejs;C:\Program Files\Docker\Docker\resources\bin;C:\Program Files\Git\cmd;C:\Program Files\nodejs\;C:\Windows\System32;;C:\ProgramData\chocolatey\bin;C:\Program Files\MySQL\MySQL Shell 8.0\bin\;C:\Users\Shaik\Downloads\apache-maven-3.9.11\bin;C:\Users\Shaik\AppData\Local\Programs\Microsoft VS Code\bin;C:\Users\Shaik\AppData\Roaming\npm;C:\Users\Shaik\AppData\Local\Programs\cursor\resources\app\bin
USERNAME=Shaik
OS=Windows_NT
PROCESSOR_IDENTIFIER=Intel64 Family 6 Model 186 Stepping 3, GenuineIntel
TMP=C:\Users\Shaik\AppData\Local\Temp
TEMP=C:\Users\Shaik\AppData\Local\Temp




Periodic native trim disabled

---------------  S Y S T E M  ---------------

OS:
 Windows 11 , 64 bit Build 26100 (10.0.26100.5074)
OS uptime: 0 days 2:46 hours
Hyper-V role detected

CPU: total 12 (initial active 12) (6 cores per cpu, 2 threads per core) family 6 model 186 stepping 3 microcode 0x4128, cx8, cmov, fxsr, ht, mmx, 3dnowpref, sse, sse2, sse3, ssse3, sse4.1, sse4.2, popcnt, lzcnt, tsc, tscinvbit, avx, avx2, aes, erms, clmul, bmi1, bmi2, adx, sha, fma, vzeroupper, clflush, clflushopt, clwb, hv, serialize, rdtscp, rdpid, fsrm, f16c, cet_ibt, cet_ss
Processor Information for processor 0
  Max Mhz: 1300, Current Mhz: 1300, Mhz Limit: 1300
Processor Information for processor 1
  Max Mhz: 1300, Current Mhz: 1300, Mhz Limit: 1300
Processor Information for processor 2
  Max Mhz: 1300, Current Mhz: 1300, Mhz Limit: 1300
Processor Information for processor 3
  Max Mhz: 1300, Current Mhz: 1300, Mhz Limit: 1300
Processor Information for processor 4
  Max Mhz: 1300, Current Mhz: 900, Mhz Limit: 897
Processor Information for processor 5
  Max Mhz: 1300, Current Mhz: 900, Mhz Limit: 897
Processor Information for processor 6
  Max Mhz: 1300, Current Mhz: 900, Mhz Limit: 897
Processor Information for processor 7
  Max Mhz: 1300, Current Mhz: 900, Mhz Limit: 897
Processor Information for processor 8
  Max Mhz: 1300, Current Mhz: 900, Mhz Limit: 897
Processor Information for processor 9
  Max Mhz: 1300, Current Mhz: 900, Mhz Limit: 897
Processor Information for processor 10
  Max Mhz: 1300, Current Mhz: 900, Mhz Limit: 897
Processor Information for processor 11
  Max Mhz: 1300, Current Mhz: 900, Mhz Limit: 897

Memory: 4k page, system-wide physical 16095M (4051M free)
TotalPageFile size 16095M (AvailPageFile size 9M)
current process WorkingSet (physical memory assigned to process): 221M, peak: 223M
current process commit charge ("private bytes"): 346M, peak: 349M

vm_info: OpenJDK 64-Bit Server VM (21.0.8+9-LTS) for windows-amd64 JRE (21.0.8+9-LTS), built on 2025-07-15T00:00:00Z by "admin" with MS VC++ 17.7 (VS2022)

END.
