#
# There is insufficient memory for the Java Runtime Environment to continue.
# Native memory allocation (malloc) failed to allocate 1048576 bytes. Error detail: AllocateHeap
# Possible reasons:
#   The system is out of physical RAM or swap space
#   This process is running with CompressedOops enabled, and the Java Heap may be blocking the growth of the native heap
# Possible solutions:
#   Reduce memory load on the system
#   Increase physical memory or swap space
#   Check if swap backing store is full
#   Decrease Java heap size (-Xmx/-Xms)
#   Decrease number of Java threads
#   Decrease Java thread stack sizes (-Xss)
#   Set larger code cache with -XX:ReservedCodeCacheSize=
#   JVM is running with Unscaled Compressed Oops mode in which the Java heap is
#     placed in the first 4GB address space. The Java Heap base address is the
#     maximum limit for the native heap growth. Please use -XX:HeapBaseMinAddress
#     to set the Java Heap base and to place the Java Heap above 4GB virtual address.
# This output file may be truncated or incomplete.
#
#  Out of Memory Error (allocation.cpp:44), pid=22504, tid=20848
#
# JRE version: OpenJDK Runtime Environment Temurin-21.0.8+9 (21.0.8+9) (build 21.0.8+9-LTS)
# Java VM: OpenJDK 64-Bit Server VM Temurin-21.0.8+9 (21.0.8+9-LTS, mixed mode, sharing, tiered, compressed oops, compressed class ptrs, parallel gc, windows-amd64)
# No core dump will be written. Minidumps are not enabled by default on client versions of Windows
#

---------------  S U M M A R Y ------------

Command Line: --add-modules=ALL-SYSTEM --add-opens=java.base/java.util=ALL-UNNAMED --add-opens=java.base/java.lang=ALL-UNNAMED --add-opens=java.base/sun.nio.fs=ALL-UNNAMED -Declipse.application=org.eclipse.jdt.ls.core.id1 -Dosgi.bundles.defaultStartLevel=4 -Declipse.product=org.eclipse.jdt.ls.core.product -Djava.import.generatesMetadataFilesAtProjectRoot=false -DDetectVMInstallationsJob.disabled=true -Dfile.encoding=utf8 -XX:+UseParallelGC -XX:GCTimeRatio=4 -XX:AdaptiveSizePolicyWeight=90 -Dsun.zip.disableMemoryMapping=true -Xmx2G -Xms100m -Xlog:disable -javaagent:c:\Users\Shaik\.vscode\extensions\redhat.java-1.46.0-win32-x64\lombok\lombok-1.18.39-4050.jar -XX:+HeapDumpOnOutOfMemoryError -XX:HeapDumpPath=c:\Users\Shaik\AppData\Roaming\Code\User\workspaceStorage\b969609c57074d7f45bfa7cd6e1570cd\redhat.java -Daether.dependencyCollector.impl=bf c:\Users\Shaik\.vscode\extensions\redhat.java-1.46.0-win32-x64\server\plugins\org.eclipse.equinox.launcher_1.7.0.v20250519-0528.jar -configuration c:\Users\Shaik\AppData\Roaming\Code\User\globalStorage\redhat.java\1.46.0\config_win -data c:\Users\Shaik\AppData\Roaming\Code\User\workspaceStorage\b969609c57074d7f45bfa7cd6e1570cd\redhat.java\jdt_ws --pipe=\\.\pipe\lsp-afddbd98ec61f3ff607587ce5edd187e-sock

Host: 13th Gen Intel(R) Core(TM) i5-1335U, 12 cores, 15G,  Windows 11 , 64 bit Build 26100 (10.0.26100.5074)
Time: Wed Oct 15 19:27:53 2025 India Standard Time elapsed time: 224.016797 seconds (0d 0h 3m 44s)

---------------  T H R E A D  ---------------

Current thread (0x00000183eb295360):  JavaThread "Attach Listener" daemon [_thread_in_vm, id=20848, stack(0x0000007d92f00000,0x0000007d93000000) (1024K)]

Stack: [0x0000007d92f00000,0x0000007d93000000]
Native frames: (J=compiled Java code, j=interpreted, Vv=VM code, C=native code)
V  [jvm.dll+0x6d2449]
V  [jvm.dll+0x8ae341]
V  [jvm.dll+0x8b08be]
V  [jvm.dll+0x8b0fa3]
V  [jvm.dll+0x280c96]
V  [jvm.dll+0xc0347]
V  [jvm.dll+0x6d2cf9]
V  [jvm.dll+0x131116]
V  [jvm.dll+0x3f2d16]
V  [jvm.dll+0x857e6b]
V  [jvm.dll+0x6d0b0d]
C  [ucrtbase.dll+0x37b0]
C  [KERNEL32.DLL+0x2e8d7]
C  [ntdll.dll+0x8d9c]


---------------  P R O C E S S  ---------------

Threads class SMR info:
_java_thread_list=0x00000183f04f7d90, length=72, elements={
0x00000183d29ec6f0, 0x00000183eb290290, 0x00000183eb291e60, 0x00000183eb294cd0,
0x00000183eb295360, 0x00000183eb297430, 0x00000183eb297ac0, 0x00000183eb29bd00,
0x00000183eb29e7a0, 0x00000183eb296710, 0x00000183eb294640, 0x00000183eb296080,
0x00000183eb296da0, 0x00000183eb2959f0, 0x00000183eb3dcb30, 0x00000183eb3db780,
0x00000183eb3df290, 0x00000183eb3dd1c0, 0x00000183eb3de570, 0x00000183eb3dec00,
0x00000183eb3dc4a0, 0x00000183eb3dffb0, 0x00000183eb3e19f0, 0x00000183eb3e1360,
0x00000183eb3e2da0, 0x00000183eb3e2080, 0x00000183eb3e0640, 0x00000183eb3e0cd0,
0x00000183eb3e2710, 0x00000183f2e7dc80, 0x00000183f2e7e310, 0x00000183f2e7d5f0,
0x00000183f2e7fd50, 0x00000183f2e80a70, 0x00000183f2e7f030, 0x00000183f2e803e0,
0x00000183f2e7f6c0, 0x00000183f2e81100, 0x00000183f2e81790, 0x00000183f2e83ef0,
0x00000183f2e824b0, 0x00000183f2e831d0, 0x00000183f2e82b40, 0x00000183f2e84580,
0x00000183f2b69700, 0x00000183f2b69d90, 0x00000183f2b6a420, 0x00000183f2b67cc0,
0x00000183f2b69070, 0x00000183f2b68350, 0x00000183f2b6aab0, 0x00000183f2b6b140,
0x00000183f2b689e0, 0x00000183f2b6b7d0, 0x00000183f2b6d8a0, 0x00000183f2b6df30,
0x00000183f2b6c4f0, 0x00000183f2b6ec50, 0x00000183f2b6f2e0, 0x00000183f2b6cb80,
0x00000183f2b6d210, 0x00000183fcd5b7d0, 0x00000183fcd5b140, 0x00000183fcd59d90,
0x00000183fcd5be60, 0x00000183fcd5c4f0, 0x00000183fcd59070, 0x00000183fcd59700,
0x00000183fcd5a420, 0x00000183fcd5aab0, 0x00000183f00c5080, 0x00000183f00c2920
}

Java Threads: ( => current thread )
  0x00000183d29ec6f0 JavaThread "main"                              [_thread_blocked, id=20720, stack(0x0000007d92800000,0x0000007d92900000) (1024K)]
  0x00000183eb290290 JavaThread "Reference Handler"          daemon [_thread_blocked, id=22212, stack(0x0000007d92c00000,0x0000007d92d00000) (1024K)]
  0x00000183eb291e60 JavaThread "Finalizer"                  daemon [_thread_blocked, id=21060, stack(0x0000007d92d00000,0x0000007d92e00000) (1024K)]
  0x00000183eb294cd0 JavaThread "Signal Dispatcher"          daemon [_thread_blocked, id=21008, stack(0x0000007d92e00000,0x0000007d92f00000) (1024K)]
=>0x00000183eb295360 JavaThread "Attach Listener"            daemon [_thread_in_vm, id=20848, stack(0x0000007d92f00000,0x0000007d93000000) (1024K)]
  0x00000183eb297430 JavaThread "Service Thread"             daemon [_thread_blocked, id=22412, stack(0x0000007d93000000,0x0000007d93100000) (1024K)]
  0x00000183eb297ac0 JavaThread "Monitor Deflation Thread"   daemon [_thread_blocked, id=22416, stack(0x0000007d93100000,0x0000007d93200000) (1024K)]
  0x00000183eb29bd00 JavaThread "C2 CompilerThread0"         daemon [_thread_blocked, id=22336, stack(0x0000007d93200000,0x0000007d93300000) (1024K)]
  0x00000183eb29e7a0 JavaThread "C1 CompilerThread0"         daemon [_thread_blocked, id=22292, stack(0x0000007d93300000,0x0000007d93400000) (1024K)]
  0x00000183eb296710 JavaThread "Common-Cleaner"             daemon [_thread_blocked, id=22368, stack(0x0000007d93400000,0x0000007d93500000) (1024K)]
  0x00000183eb294640 JavaThread "Notification Thread"        daemon [_thread_blocked, id=17516, stack(0x0000007d93600000,0x0000007d93700000) (1024K)]
  0x00000183eb296080 JavaThread "Active Thread: Equinox Container: 9b1ee7aa-2b1c-4d2c-bc57-6b92d0a1cce2"        [_thread_blocked, id=21152, stack(0x0000007d93e00000,0x0000007d93f00000) (1024K)]
  0x00000183eb296da0 JavaThread "Refresh Thread: Equinox Container: 9b1ee7aa-2b1c-4d2c-bc57-6b92d0a1cce2" daemon [_thread_blocked, id=21492, stack(0x0000007d93700000,0x0000007d93800000) (1024K)]
  0x00000183eb2959f0 JavaThread "Framework Event Dispatcher: Equinox Container: 9b1ee7aa-2b1c-4d2c-bc57-6b92d0a1cce2" daemon [_thread_blocked, id=21284, stack(0x0000007d93f00000,0x0000007d94000000) (1024K)]
  0x00000183eb3dcb30 JavaThread "Start Level: Equinox Container: 9b1ee7aa-2b1c-4d2c-bc57-6b92d0a1cce2" daemon [_thread_blocked, id=22448, stack(0x0000007d94000000,0x0000007d94100000) (1024K)]
  0x00000183eb3db780 JavaThread "Bundle File Closer"         daemon [_thread_blocked, id=17668, stack(0x0000007d94400000,0x0000007d94500000) (1024K)]
  0x00000183eb3df290 JavaThread "SCR Component Actor"        daemon [_thread_blocked, id=22936, stack(0x0000007d94100000,0x0000007d94200000) (1024K)]
  0x00000183eb3dd1c0 JavaThread "Worker-JM"                         [_thread_blocked, id=22956, stack(0x0000007d94700000,0x0000007d94800000) (1024K)]
  0x00000183eb3de570 JavaThread "JNA Cleaner"                daemon [_thread_blocked, id=22996, stack(0x0000007d94800000,0x0000007d94900000) (1024K)]
  0x00000183eb3dec00 JavaThread "Worker-2"                          [_thread_blocked, id=23008, stack(0x0000007d94600000,0x0000007d94700000) (1024K)]
  0x00000183eb3dc4a0 JavaThread "Java indexing"              daemon [_thread_blocked, id=23148, stack(0x0000007d94b00000,0x0000007d94c00000) (1024K)]
  0x00000183eb3dffb0 JavaThread "Worker-3"                          [_thread_blocked, id=23156, stack(0x0000007d94d00000,0x0000007d94e00000) (1024K)]
  0x00000183eb3e19f0 JavaThread "Thread-1"                   daemon [_thread_in_native, id=23168, stack(0x0000007d95000000,0x0000007d95100000) (1024K)]
  0x00000183eb3e1360 JavaThread "Thread-2"                   daemon [_thread_in_native, id=23172, stack(0x0000007d95100000,0x0000007d95200000) (1024K)]
  0x00000183eb3e2da0 JavaThread "Thread-3"                   daemon [_thread_in_native, id=23176, stack(0x0000007d95200000,0x0000007d95300000) (1024K)]
  0x00000183eb3e2080 JavaThread "Thread-4"                   daemon [_thread_in_native, id=23180, stack(0x0000007d95300000,0x0000007d95400000) (1024K)]
  0x00000183eb3e0640 JavaThread "Thread-5"                   daemon [_thread_in_native, id=23184, stack(0x0000007d95400000,0x0000007d95500000) (1024K)]
  0x00000183eb3e0cd0 JavaThread "Thread-6"                   daemon [_thread_in_native, id=23188, stack(0x0000007d95500000,0x0000007d95600000) (1024K)]
  0x00000183eb3e2710 JavaThread "Thread-7"                   daemon [_thread_in_native, id=23192, stack(0x0000007d95600000,0x0000007d95700000) (1024K)]
  0x00000183f2e7dc80 JavaThread "Thread-8"                   daemon [_thread_in_native, id=23196, stack(0x0000007d95700000,0x0000007d95800000) (1024K)]
  0x00000183f2e7e310 JavaThread "Thread-9"                   daemon [_thread_in_native, id=23200, stack(0x0000007d95800000,0x0000007d95900000) (1024K)]
  0x00000183f2e7d5f0 JavaThread "Thread-10"                  daemon [_thread_in_native, id=23204, stack(0x0000007d95900000,0x0000007d95a00000) (1024K)]
  0x00000183f2e7fd50 JavaThread "Thread-11"                  daemon [_thread_in_native, id=23208, stack(0x0000007d95a00000,0x0000007d95b00000) (1024K)]
  0x00000183f2e80a70 JavaThread "Thread-12"                  daemon [_thread_in_native, id=23212, stack(0x0000007d95b00000,0x0000007d95c00000) (1024K)]
  0x00000183f2e7f030 JavaThread "Thread-13"                  daemon [_thread_in_native, id=23216, stack(0x0000007d95c00000,0x0000007d95d00000) (1024K)]
  0x00000183f2e803e0 JavaThread "pool-2-thread-1"                   [_thread_blocked, id=23220, stack(0x0000007d95d00000,0x0000007d95e00000) (1024K)]
  0x00000183f2e7f6c0 JavaThread "WorkspaceEventsHandler"            [_thread_blocked, id=23228, stack(0x0000007d95e00000,0x0000007d95f00000) (1024K)]
  0x00000183f2e81100 JavaThread "pool-1-thread-1"                   [_thread_blocked, id=23232, stack(0x0000007d95f00000,0x0000007d96000000) (1024K)]
  0x00000183f2e81790 JavaThread "Worker-4"                          [_thread_blocked, id=23236, stack(0x0000007d96000000,0x0000007d96100000) (1024K)]
  0x00000183f2e83ef0 JavaThread "LocalFile Deleter"          daemon [_thread_blocked, id=23268, stack(0x0000007d96300000,0x0000007d96400000) (1024K)]
  0x00000183f2e824b0 JavaThread "LocalFile Deleter"          daemon [_thread_blocked, id=23272, stack(0x0000007d96400000,0x0000007d96500000) (1024K)]
  0x00000183f2e831d0 JavaThread "LocalFile Deleter"          daemon [_thread_blocked, id=23280, stack(0x0000007d96600000,0x0000007d96700000) (1024K)]
  0x00000183f2e82b40 JavaThread "LocalFile Deleter"          daemon [_thread_blocked, id=23284, stack(0x0000007d96700000,0x0000007d96800000) (1024K)]
  0x00000183f2e84580 JavaThread "LocalFile Deleter"          daemon [_thread_blocked, id=23288, stack(0x0000007d96800000,0x0000007d96900000) (1024K)]
  0x00000183f2b69700 JavaThread "LocalFile Deleter"          daemon [_thread_blocked, id=23292, stack(0x0000007d96900000,0x0000007d96a00000) (1024K)]
  0x00000183f2b69d90 JavaThread "LocalFile Deleter"          daemon [_thread_blocked, id=23296, stack(0x0000007d96a00000,0x0000007d96b00000) (1024K)]
  0x00000183f2b6a420 JavaThread "LocalFile Deleter"          daemon [_thread_blocked, id=23300, stack(0x0000007d96b00000,0x0000007d96c00000) (1024K)]
  0x00000183f2b67cc0 JavaThread "LocalFile Deleter"          daemon [_thread_blocked, id=23304, stack(0x0000007d96c00000,0x0000007d96d00000) (1024K)]
  0x00000183f2b69070 JavaThread "Compiler Source File Reader" daemon [_thread_blocked, id=23308, stack(0x0000007d96d00000,0x0000007d96e00000) (1024K)]
  0x00000183f2b68350 JavaThread "Compiler Source File Reader" daemon [_thread_blocked, id=23312, stack(0x0000007d96e00000,0x0000007d96f00000) (1024K)]
  0x00000183f2b6aab0 JavaThread "Compiler Source File Reader" daemon [_thread_blocked, id=23316, stack(0x0000007d96f00000,0x0000007d97000000) (1024K)]
  0x00000183f2b6b140 JavaThread "Compiler Source File Reader" daemon [_thread_blocked, id=23320, stack(0x0000007d97000000,0x0000007d97100000) (1024K)]
  0x00000183f2b689e0 JavaThread "Compiler Source File Reader" daemon [_thread_blocked, id=23324, stack(0x0000007d97100000,0x0000007d97200000) (1024K)]
  0x00000183f2b6b7d0 JavaThread "Compiler Source File Reader" daemon [_thread_blocked, id=23328, stack(0x0000007d97200000,0x0000007d97300000) (1024K)]
  0x00000183f2b6d8a0 JavaThread "Compiler Class File Writer" daemon [_thread_blocked, id=24240, stack(0x0000007d97400000,0x0000007d97500000) (1024K)]
  0x00000183f2b6df30 JavaThread "Compiler Class File Writer" daemon [_thread_blocked, id=24268, stack(0x0000007d97500000,0x0000007d97600000) (1024K)]
  0x00000183f2b6c4f0 JavaThread "Compiler Class File Writer" daemon [_thread_blocked, id=24288, stack(0x0000007d97600000,0x0000007d97700000) (1024K)]
  0x00000183f2b6ec50 JavaThread "Compiler Class File Writer" daemon [_thread_blocked, id=24372, stack(0x0000007d97700000,0x0000007d97800000) (1024K)]
  0x00000183f2b6f2e0 JavaThread "Compiler Class File Writer" daemon [_thread_blocked, id=24376, stack(0x0000007d97800000,0x0000007d97900000) (1024K)]
  0x00000183f2b6cb80 JavaThread "Compiler Class File Writer" daemon [_thread_blocked, id=24404, stack(0x0000007d97900000,0x0000007d97a00000) (1024K)]
  0x00000183f2b6d210 JavaThread "Compiler Source File Reader" daemon [_thread_blocked, id=24408, stack(0x0000007d97a00000,0x0000007d97b00000) (1024K)]
  0x00000183fcd5b7d0 JavaThread "Compiler Class File Writer" daemon [_thread_blocked, id=24184, stack(0x0000007d92600000,0x0000007d92700000) (1024K)]
  0x00000183fcd5b140 JavaThread "ForkJoinPool.commonPool-worker-1" daemon [_thread_blocked, id=10304, stack(0x0000007d92500000,0x0000007d92600000) (1024K)]
  0x00000183fcd59d90 JavaThread "ForkJoinPool.commonPool-worker-2" daemon [_thread_blocked, id=11764, stack(0x0000007d92700000,0x0000007d92800000) (1024K)]
  0x00000183fcd5be60 JavaThread "ForkJoinPool.commonPool-worker-3" daemon [_thread_blocked, id=3440, stack(0x0000007d94500000,0x0000007d94600000) (1024K)]
  0x00000183fcd5c4f0 JavaThread "ForkJoinPool.commonPool-worker-4" daemon [_thread_blocked, id=2096, stack(0x0000007d94c00000,0x0000007d94d00000) (1024K)]
  0x00000183fcd59070 JavaThread "ForkJoinPool.commonPool-worker-5" daemon [_thread_blocked, id=3596, stack(0x0000007d97b00000,0x0000007d97c00000) (1024K)]
  0x00000183fcd59700 JavaThread "ForkJoinPool.commonPool-worker-6" daemon [_thread_blocked, id=18768, stack(0x0000007d97c00000,0x0000007d97d00000) (1024K)]
  0x00000183fcd5a420 JavaThread "ForkJoinPool.commonPool-worker-7" daemon [_thread_blocked, id=3600, stack(0x0000007d97d00000,0x0000007d97e00000) (1024K)]
  0x00000183fcd5aab0 JavaThread "ForkJoinPool.commonPool-worker-8" daemon [_thread_blocked, id=3560, stack(0x0000007d97e00000,0x0000007d97f00000) (1024K)]
  0x00000183f00c5080 JavaThread "ForkJoinPool.commonPool-worker-9" daemon [_thread_blocked, id=3616, stack(0x0000007d97f00000,0x0000007d98000000) (1024K)]
  0x00000183f00c2920 JavaThread "ForkJoinPool.commonPool-worker-11" daemon [_thread_blocked, id=10612, stack(0x0000007d98100000,0x0000007d98200000) (1024K)]
Total: 72

Other Threads:
  0x00000183d29847a0 VMThread "VM Thread"                           [id=22056, stack(0x0000007d92b00000,0x0000007d92c00000) (1024K)]
  0x00000183d287ca00 WatcherThread "VM Periodic Task Thread"        [id=22100, stack(0x0000007d92a00000,0x0000007d92b00000) (1024K)]
  0x00000183d2a0abc0 WorkerThread "GC Thread#0"                     [id=22508, stack(0x0000007d92900000,0x0000007d92a00000) (1024K)]
  0x00000183eb8372b0 WorkerThread "GC Thread#1"                     [id=21272, stack(0x0000007d93800000,0x0000007d93900000) (1024K)]
  0x00000183eb837650 WorkerThread "GC Thread#2"                     [id=21608, stack(0x0000007d93900000,0x0000007d93a00000) (1024K)]
  0x00000183eb849150 WorkerThread "GC Thread#3"                     [id=18144, stack(0x0000007d93a00000,0x0000007d93b00000) (1024K)]
  0x00000183eb848a10 WorkerThread "GC Thread#4"                     [id=20884, stack(0x0000007d93b00000,0x0000007d93c00000) (1024K)]
  0x00000183eb849c30 WorkerThread "GC Thread#5"                     [id=21204, stack(0x0000007d93c00000,0x0000007d93d00000) (1024K)]
  0x00000183eb849890 WorkerThread "GC Thread#6"                     [id=20712, stack(0x0000007d93d00000,0x0000007d93e00000) (1024K)]
  0x00000183eb8494f0 WorkerThread "GC Thread#7"                     [id=20996, stack(0x0000007d93500000,0x0000007d93600000) (1024K)]
  0x00000183eb848db0 WorkerThread "GC Thread#8"                     [id=22244, stack(0x0000007d94200000,0x0000007d94300000) (1024K)]
  0x00000183f00ea8f0 WorkerThread "GC Thread#9"                     [id=21072, stack(0x0000007d94300000,0x0000007d94400000) (1024K)]
Total: 12

Threads with active compile tasks:
Total: 0

VM state: not at safepoint (normal execution)

VM Mutex/Monitor currently owned by a thread: None

Heap address: 0x0000000080000000, size: 2048 MB, Compressed Oops mode: 32-bit

CDS archive(s) mapped at: [0x0000018380000000-0x0000018380ba0000-0x0000018380ba0000), size 12189696, SharedBaseAddress: 0x0000018380000000, ArchiveRelocationMode: 1.
Compressed class space mapped at: 0x0000018381000000-0x00000183c1000000, reserved size: 1073741824
Narrow klass base: 0x0000018380000000, Narrow klass shift: 0, Narrow klass range: 0x100000000

GC Precious Log:
 CardTable entry size: 512
 CPUs: 12 total, 12 available
 Memory: 16095M
 Large Page Support: Disabled
 NUMA Support: Disabled
 Compressed Oops: Enabled (32-bit)
 Alignments: Space 512K, Generation 512K, Heap 2M
 Heap Min Capacity: 100M
 Heap Initial Capacity: 100M
 Heap Max Capacity: 2G
 Pre-touch: Disabled
 Parallel Workers: 10

Heap:
 PSYoungGen      total 8192K, used 7443K [0x00000000d5580000, 0x00000000d6000000, 0x0000000100000000)
  eden space 7680K, 90% used [0x00000000d5580000,0x00000000d5c44f70,0x00000000d5d00000)
  from space 512K, 100% used [0x00000000d5d00000,0x00000000d5d80000,0x00000000d5d80000)
  to   space 1536K, 0% used [0x00000000d5e80000,0x00000000d5e80000,0x00000000d6000000)
 ParOldGen       total 104448K, used 104391K [0x0000000080000000, 0x0000000086600000, 0x00000000d5580000)
  object space 104448K, 99% used [0x0000000080000000,0x00000000865f1ec8,0x0000000086600000)
 Metaspace       used 63158K, committed 64640K, reserved 1114112K
  class space    used 6765K, committed 7424K, reserved 1048576K

Card table byte_map: [0x00000183d2390000,0x00000183d27a0000] _byte_map_base: 0x00000183d1f90000

Marking Bits: (ParMarkBitMap*) 0x00007ffaa817a340
 Begin Bits: [0x00000183e4e90000, 0x00000183e6e90000)
 End Bits:   [0x00000183e6e90000, 0x00000183e8e90000)

Polling page: 0x00000183d0840000

Metaspace:

Usage:
  Non-class:     55.07 MB used.
      Class:      6.61 MB used.
       Both:     61.68 MB used.

Virtual space:
  Non-class space:       64.00 MB reserved,      55.88 MB ( 87%) committed,  1 nodes.
      Class space:        1.00 GB reserved,       7.25 MB ( <1%) committed,  1 nodes.
             Both:        1.06 GB reserved,      63.12 MB (  6%) committed. 

Chunk freelists:
   Non-Class:  7.78 MB
       Class:  8.72 MB
        Both:  16.50 MB

MaxMetaspaceSize: unlimited
CompressedClassSpaceSize: 1.00 GB
Initial GC threshold: 21.00 MB
Current GC threshold: 97.31 MB
CDS: on
 - commit_granule_bytes: 65536.
 - commit_granule_words: 8192.
 - virtual_space_node_default_size: 8388608.
 - enlarge_chunks_in_place: 1.
 - use_allocation_guard: 0.


Internal statistics:

num_allocs_failed_limit: 9.
num_arena_births: 1256.
num_arena_deaths: 20.
num_vsnodes_births: 2.
num_vsnodes_deaths: 0.
num_space_committed: 1010.
num_space_uncommitted: 0.
num_chunks_returned_to_freelist: 31.
num_chunks_taken_from_freelist: 4344.
num_chunk_merges: 14.
num_chunk_splits: 2611.
num_chunks_enlarged: 1348.
num_inconsistent_stats: 0.

CodeHeap 'non-profiled nmethods': size=120000Kb used=6866Kb max_used=6866Kb free=113133Kb
 bounds [0x00000183dd6b0000, 0x00000183ddd70000, 0x00000183e4be0000]
CodeHeap 'profiled nmethods': size=120000Kb used=22932Kb max_used=22932Kb free=97067Kb
 bounds [0x00000183d5be0000, 0x00000183d7250000, 0x00000183dd110000]
CodeHeap 'non-nmethods': size=5760Kb used=1431Kb max_used=1483Kb free=4328Kb
 bounds [0x00000183dd110000, 0x00000183dd380000, 0x00000183dd6b0000]
CodeCache: size=245760Kb, used=31229Kb, max_used=31281Kb, free=214528Kb
 total_blobs=11125, nmethods=10382, adapters=649, full_count=0
Compilation: enabled, stopped_count=0, restarted_count=0

Compilation events (20 events):
Event: 125.576 Thread 0x00000183eb29bd00 11138       4       java.io.StringWriter::write (10 bytes)
Event: 125.590 Thread 0x00000183eb29bd00 nmethod 11138 0x00000183ddd62f10 code [0x00000183ddd63100, 0x00000183ddd63b40]
Event: 125.594 Thread 0x00000183eb29e7a0 11139       3       com.google.gson.internal.bind.TypeAdapters$21::write (10 bytes)
Event: 125.595 Thread 0x00000183eb29e7a0 nmethod 11139 0x00000183d7242390 code [0x00000183d72425c0, 0x00000183d7242d58]
Event: 125.599 Thread 0x00000183eb29bd00 11140       4       java.util.concurrent.atomic.AtomicLong::addAndGet (14 bytes)
Event: 125.600 Thread 0x00000183eb29bd00 nmethod 11140 0x00000183ddd64010 code [0x00000183ddd641a0, 0x00000183ddd64238]
Event: 125.600 Thread 0x00000183eb29e7a0 11141       3       java.util.concurrent.atomic.AtomicLong::decrementAndGet (16 bytes)
Event: 125.600 Thread 0x00000183eb29e7a0 nmethod 11141 0x00000183d7243010 code [0x00000183d72431a0, 0x00000183d72432c8]
Event: 125.718 Thread 0x00000183eb29e7a0 11142       1       org.eclipse.lsp4j.jsonrpc.messages.RequestMessage::getMethod (5 bytes)
Event: 125.718 Thread 0x00000183eb29e7a0 nmethod 11142 0x00000183ddd64310 code [0x00000183ddd644a0, 0x00000183ddd64568]
Event: 126.212 Thread 0x00000183eb29e7a0 11143       3       java.util.concurrent.ScheduledThreadPoolExecutor::canRunInCurrentRunState (61 bytes)
Event: 126.213 Thread 0x00000183eb29e7a0 nmethod 11143 0x00000183d7243390 code [0x00000183d72435a0, 0x00000183d7243d50]
Event: 128.199 Thread 0x00000183eb29e7a0 11144       3       java.util.concurrent.locks.AbstractQueuedSynchronizer$ConditionObject::canReacquire (38 bytes)
Event: 128.200 Thread 0x00000183eb29e7a0 nmethod 11144 0x00000183d7243f90 code [0x00000183d7244160, 0x00000183d72444a8]
Event: 151.504 Thread 0x00000183eb29e7a0 11145       3       java.util.concurrent.locks.ReentrantLock::lockInterruptibly (8 bytes)
Event: 151.505 Thread 0x00000183eb29e7a0 nmethod 11145 0x00000183d7244610 code [0x00000183d7244820, 0x00000183d7244da8]
Event: 158.235 Thread 0x00000183eb29e7a0 11146       1       java.util.concurrent.ThreadPoolExecutor::getQueue (5 bytes)
Event: 158.236 Thread 0x00000183eb29e7a0 nmethod 11146 0x00000183ddd64610 code [0x00000183ddd647a0, 0x00000183ddd64868]
Event: 181.516 Thread 0x00000183eb29e7a0 11147       3       java.util.concurrent.ThreadPoolExecutor$Worker::lock (6 bytes)
Event: 181.516 Thread 0x00000183eb29e7a0 nmethod 11147 0x00000183d7244f90 code [0x00000183d7245140, 0x00000183d7245280]

GC Heap History (20 events):
Event: 92.163 GC heap before
{Heap before GC invocations=125 (full 3):
 PSYoungGen      total 8192K, used 8064K [0x00000000d5580000, 0x00000000d5e80000, 0x0000000100000000)
  eden space 7680K, 100% used [0x00000000d5580000,0x00000000d5d00000,0x00000000d5d00000)
  from space 512K, 75% used [0x00000000d5d00000,0x00000000d5d60000,0x00000000d5d80000)
  to   space 512K, 0% used [0x00000000d5e00000,0x00000000d5e00000,0x00000000d5e80000)
 ParOldGen       total 101888K, used 101879K [0x0000000080000000, 0x0000000086380000, 0x00000000d5580000)
  object space 101888K, 99% used [0x0000000080000000,0x000000008637dec8,0x0000000086380000)
 Metaspace       used 62675K, committed 64128K, reserved 1114112K
  class space    used 6677K, committed 7296K, reserved 1048576K
}
Event: 92.167 GC heap after
{Heap after GC invocations=125 (full 3):
 PSYoungGen      total 8192K, used 416K [0x00000000d5580000, 0x00000000d5e80000, 0x0000000100000000)
  eden space 7680K, 0% used [0x00000000d5580000,0x00000000d5580000,0x00000000d5d00000)
  from space 512K, 81% used [0x00000000d5e00000,0x00000000d5e68000,0x00000000d5e80000)
  to   space 512K, 0% used [0x00000000d5d00000,0x00000000d5d00000,0x00000000d5d80000)
 ParOldGen       total 102400K, used 102023K [0x0000000080000000, 0x0000000086400000, 0x00000000d5580000)
  object space 102400K, 99% used [0x0000000080000000,0x00000000863a1ec8,0x0000000086400000)
 Metaspace       used 62675K, committed 64128K, reserved 1114112K
  class space    used 6677K, committed 7296K, reserved 1048576K
}
Event: 92.237 GC heap before
{Heap before GC invocations=126 (full 3):
 PSYoungGen      total 8192K, used 8096K [0x00000000d5580000, 0x00000000d5e80000, 0x0000000100000000)
  eden space 7680K, 100% used [0x00000000d5580000,0x00000000d5d00000,0x00000000d5d00000)
  from space 512K, 81% used [0x00000000d5e00000,0x00000000d5e68000,0x00000000d5e80000)
  to   space 512K, 0% used [0x00000000d5d00000,0x00000000d5d00000,0x00000000d5d80000)
 ParOldGen       total 102400K, used 102023K [0x0000000080000000, 0x0000000086400000, 0x00000000d5580000)
  object space 102400K, 99% used [0x0000000080000000,0x00000000863a1ec8,0x0000000086400000)
 Metaspace       used 62675K, committed 64128K, reserved 1114112K
  class space    used 6677K, committed 7296K, reserved 1048576K
}
Event: 92.239 GC heap after
{Heap after GC invocations=126 (full 3):
 PSYoungGen      total 8192K, used 192K [0x00000000d5580000, 0x00000000d5e80000, 0x0000000100000000)
  eden space 7680K, 0% used [0x00000000d5580000,0x00000000d5580000,0x00000000d5d00000)
  from space 512K, 37% used [0x00000000d5d00000,0x00000000d5d30000,0x00000000d5d80000)
  to   space 512K, 0% used [0x00000000d5e00000,0x00000000d5e00000,0x00000000d5e80000)
 ParOldGen       total 102400K, used 102175K [0x0000000080000000, 0x0000000086400000, 0x00000000d5580000)
  object space 102400K, 99% used [0x0000000080000000,0x00000000863c7ec8,0x0000000086400000)
 Metaspace       used 62675K, committed 64128K, reserved 1114112K
  class space    used 6677K, committed 7296K, reserved 1048576K
}
Event: 92.279 GC heap before
{Heap before GC invocations=127 (full 3):
 PSYoungGen      total 8192K, used 7872K [0x00000000d5580000, 0x00000000d5e80000, 0x0000000100000000)
  eden space 7680K, 100% used [0x00000000d5580000,0x00000000d5d00000,0x00000000d5d00000)
  from space 512K, 37% used [0x00000000d5d00000,0x00000000d5d30000,0x00000000d5d80000)
  to   space 512K, 0% used [0x00000000d5e00000,0x00000000d5e00000,0x00000000d5e80000)
 ParOldGen       total 102400K, used 102175K [0x0000000080000000, 0x0000000086400000, 0x00000000d5580000)
  object space 102400K, 99% used [0x0000000080000000,0x00000000863c7ec8,0x0000000086400000)
 Metaspace       used 62675K, committed 64128K, reserved 1114112K
  class space    used 6677K, committed 7296K, reserved 1048576K
}
Event: 92.281 GC heap after
{Heap after GC invocations=127 (full 3):
 PSYoungGen      total 8192K, used 352K [0x00000000d5580000, 0x00000000d5e80000, 0x0000000100000000)
  eden space 7680K, 0% used [0x00000000d5580000,0x00000000d5580000,0x00000000d5d00000)
  from space 512K, 68% used [0x00000000d5e00000,0x00000000d5e58000,0x00000000d5e80000)
  to   space 512K, 0% used [0x00000000d5d00000,0x00000000d5d00000,0x00000000d5d80000)
 ParOldGen       total 102400K, used 102239K [0x0000000080000000, 0x0000000086400000, 0x00000000d5580000)
  object space 102400K, 99% used [0x0000000080000000,0x00000000863d7ec8,0x0000000086400000)
 Metaspace       used 62675K, committed 64128K, reserved 1114112K
  class space    used 6677K, committed 7296K, reserved 1048576K
}
Event: 92.389 GC heap before
{Heap before GC invocations=128 (full 3):
 PSYoungGen      total 8192K, used 8032K [0x00000000d5580000, 0x00000000d5e80000, 0x0000000100000000)
  eden space 7680K, 100% used [0x00000000d5580000,0x00000000d5d00000,0x00000000d5d00000)
  from space 512K, 68% used [0x00000000d5e00000,0x00000000d5e58000,0x00000000d5e80000)
  to   space 512K, 0% used [0x00000000d5d00000,0x00000000d5d00000,0x00000000d5d80000)
 ParOldGen       total 102400K, used 102239K [0x0000000080000000, 0x0000000086400000, 0x00000000d5580000)
  object space 102400K, 99% used [0x0000000080000000,0x00000000863d7ec8,0x0000000086400000)
 Metaspace       used 62676K, committed 64128K, reserved 1114112K
  class space    used 6677K, committed 7296K, reserved 1048576K
}
Event: 92.392 GC heap after
{Heap after GC invocations=128 (full 3):
 PSYoungGen      total 8192K, used 384K [0x00000000d5580000, 0x00000000d5e80000, 0x0000000100000000)
  eden space 7680K, 0% used [0x00000000d5580000,0x00000000d5580000,0x00000000d5d00000)
  from space 512K, 75% used [0x00000000d5d00000,0x00000000d5d60000,0x00000000d5d80000)
  to   space 512K, 0% used [0x00000000d5e00000,0x00000000d5e00000,0x00000000d5e80000)
 ParOldGen       total 102400K, used 102311K [0x0000000080000000, 0x0000000086400000, 0x00000000d5580000)
  object space 102400K, 99% used [0x0000000080000000,0x00000000863e9ec8,0x0000000086400000)
 Metaspace       used 62676K, committed 64128K, reserved 1114112K
  class space    used 6677K, committed 7296K, reserved 1048576K
}
Event: 92.454 GC heap before
{Heap before GC invocations=129 (full 3):
 PSYoungGen      total 8192K, used 8064K [0x00000000d5580000, 0x00000000d5e80000, 0x0000000100000000)
  eden space 7680K, 100% used [0x00000000d5580000,0x00000000d5d00000,0x00000000d5d00000)
  from space 512K, 75% used [0x00000000d5d00000,0x00000000d5d60000,0x00000000d5d80000)
  to   space 512K, 0% used [0x00000000d5e00000,0x00000000d5e00000,0x00000000d5e80000)
 ParOldGen       total 102400K, used 102311K [0x0000000080000000, 0x0000000086400000, 0x00000000d5580000)
  object space 102400K, 99% used [0x0000000080000000,0x00000000863e9ec8,0x0000000086400000)
 Metaspace       used 62676K, committed 64128K, reserved 1114112K
  class space    used 6677K, committed 7296K, reserved 1048576K
}
Event: 92.456 GC heap after
{Heap after GC invocations=129 (full 3):
 PSYoungGen      total 8192K, used 192K [0x00000000d5580000, 0x00000000d5e80000, 0x0000000100000000)
  eden space 7680K, 0% used [0x00000000d5580000,0x00000000d5580000,0x00000000d5d00000)
  from space 512K, 37% used [0x00000000d5e00000,0x00000000d5e30000,0x00000000d5e80000)
  to   space 512K, 0% used [0x00000000d5d00000,0x00000000d5d00000,0x00000000d5d80000)
 ParOldGen       total 102912K, used 102439K [0x0000000080000000, 0x0000000086480000, 0x00000000d5580000)
  object space 102912K, 99% used [0x0000000080000000,0x0000000086409ec8,0x0000000086480000)
 Metaspace       used 62676K, committed 64128K, reserved 1114112K
  class space    used 6677K, committed 7296K, reserved 1048576K
}
Event: 92.537 GC heap before
{Heap before GC invocations=130 (full 3):
 PSYoungGen      total 8192K, used 7872K [0x00000000d5580000, 0x00000000d5e80000, 0x0000000100000000)
  eden space 7680K, 100% used [0x00000000d5580000,0x00000000d5d00000,0x00000000d5d00000)
  from space 512K, 37% used [0x00000000d5e00000,0x00000000d5e30000,0x00000000d5e80000)
  to   space 512K, 0% used [0x00000000d5d00000,0x00000000d5d00000,0x00000000d5d80000)
 ParOldGen       total 102912K, used 102439K [0x0000000080000000, 0x0000000086480000, 0x00000000d5580000)
  object space 102912K, 99% used [0x0000000080000000,0x0000000086409ec8,0x0000000086480000)
 Metaspace       used 62676K, committed 64128K, reserved 1114112K
  class space    used 6677K, committed 7296K, reserved 1048576K
}
Event: 92.538 GC heap after
{Heap after GC invocations=130 (full 3):
 PSYoungGen      total 8192K, used 192K [0x00000000d5580000, 0x00000000d5e80000, 0x0000000100000000)
  eden space 7680K, 0% used [0x00000000d5580000,0x00000000d5580000,0x00000000d5d00000)
  from space 512K, 37% used [0x00000000d5d00000,0x00000000d5d30000,0x00000000d5d80000)
  to   space 512K, 0% used [0x00000000d5e00000,0x00000000d5e00000,0x00000000d5e80000)
 ParOldGen       total 102912K, used 102471K [0x0000000080000000, 0x0000000086480000, 0x00000000d5580000)
  object space 102912K, 99% used [0x0000000080000000,0x0000000086411ec8,0x0000000086480000)
 Metaspace       used 62676K, committed 64128K, reserved 1114112K
  class space    used 6677K, committed 7296K, reserved 1048576K
}
Event: 92.834 GC heap before
{Heap before GC invocations=131 (full 3):
 PSYoungGen      total 8192K, used 7872K [0x00000000d5580000, 0x00000000d5e80000, 0x0000000100000000)
  eden space 7680K, 100% used [0x00000000d5580000,0x00000000d5d00000,0x00000000d5d00000)
  from space 512K, 37% used [0x00000000d5d00000,0x00000000d5d30000,0x00000000d5d80000)
  to   space 512K, 0% used [0x00000000d5e00000,0x00000000d5e00000,0x00000000d5e80000)
 ParOldGen       total 102912K, used 102471K [0x0000000080000000, 0x0000000086480000, 0x00000000d5580000)
  object space 102912K, 99% used [0x0000000080000000,0x0000000086411ec8,0x0000000086480000)
 Metaspace       used 62680K, committed 64128K, reserved 1114112K
  class space    used 6677K, committed 7296K, reserved 1048576K
}
Event: 92.837 GC heap after
{Heap after GC invocations=131 (full 3):
 PSYoungGen      total 8192K, used 384K [0x00000000d5580000, 0x00000000d5e80000, 0x0000000100000000)
  eden space 7680K, 0% used [0x00000000d5580000,0x00000000d5580000,0x00000000d5d00000)
  from space 512K, 75% used [0x00000000d5e00000,0x00000000d5e60000,0x00000000d5e80000)
  to   space 512K, 0% used [0x00000000d5d00000,0x00000000d5d00000,0x00000000d5d80000)
 ParOldGen       total 102912K, used 102511K [0x0000000080000000, 0x0000000086480000, 0x00000000d5580000)
  object space 102912K, 99% used [0x0000000080000000,0x000000008641bec8,0x0000000086480000)
 Metaspace       used 62680K, committed 64128K, reserved 1114112K
  class space    used 6677K, committed 7296K, reserved 1048576K
}
Event: 93.016 GC heap before
{Heap before GC invocations=132 (full 3):
 PSYoungGen      total 8192K, used 8064K [0x00000000d5580000, 0x00000000d5e80000, 0x0000000100000000)
  eden space 7680K, 100% used [0x00000000d5580000,0x00000000d5d00000,0x00000000d5d00000)
  from space 512K, 75% used [0x00000000d5e00000,0x00000000d5e60000,0x00000000d5e80000)
  to   space 512K, 0% used [0x00000000d5d00000,0x00000000d5d00000,0x00000000d5d80000)
 ParOldGen       total 102912K, used 102511K [0x0000000080000000, 0x0000000086480000, 0x00000000d5580000)
  object space 102912K, 99% used [0x0000000080000000,0x000000008641bec8,0x0000000086480000)
 Metaspace       used 62681K, committed 64128K, reserved 1114112K
  class space    used 6677K, committed 7296K, reserved 1048576K
}
Event: 93.019 GC heap after
{Heap after GC invocations=132 (full 3):
 PSYoungGen      total 8192K, used 352K [0x00000000d5580000, 0x00000000d5e80000, 0x0000000100000000)
  eden space 7680K, 0% used [0x00000000d5580000,0x00000000d5580000,0x00000000d5d00000)
  from space 512K, 68% used [0x00000000d5d00000,0x00000000d5d58000,0x00000000d5d80000)
  to   space 512K, 0% used [0x00000000d5e00000,0x00000000d5e00000,0x00000000d5e80000)
 ParOldGen       total 102912K, used 102695K [0x0000000080000000, 0x0000000086480000, 0x00000000d5580000)
  object space 102912K, 99% used [0x0000000080000000,0x0000000086449ec8,0x0000000086480000)
 Metaspace       used 62681K, committed 64128K, reserved 1114112K
  class space    used 6677K, committed 7296K, reserved 1048576K
}
Event: 93.148 GC heap before
{Heap before GC invocations=133 (full 3):
 PSYoungGen      total 8192K, used 8032K [0x00000000d5580000, 0x00000000d5e80000, 0x0000000100000000)
  eden space 7680K, 100% used [0x00000000d5580000,0x00000000d5d00000,0x00000000d5d00000)
  from space 512K, 68% used [0x00000000d5d00000,0x00000000d5d58000,0x00000000d5d80000)
  to   space 512K, 0% used [0x00000000d5e00000,0x00000000d5e00000,0x00000000d5e80000)
 ParOldGen       total 102912K, used 102695K [0x0000000080000000, 0x0000000086480000, 0x00000000d5580000)
  object space 102912K, 99% used [0x0000000080000000,0x0000000086449ec8,0x0000000086480000)
 Metaspace       used 62686K, committed 64128K, reserved 1114112K
  class space    used 6677K, committed 7296K, reserved 1048576K
}
Event: 93.153 GC heap after
{Heap after GC invocations=133 (full 3):
 PSYoungGen      total 8192K, used 384K [0x00000000d5580000, 0x00000000d5e80000, 0x0000000100000000)
  eden space 7680K, 0% used [0x00000000d5580000,0x00000000d5580000,0x00000000d5d00000)
  from space 512K, 75% used [0x00000000d5e00000,0x00000000d5e60000,0x00000000d5e80000)
  to   space 512K, 0% used [0x00000000d5d00000,0x00000000d5d00000,0x00000000d5d80000)
 ParOldGen       total 103936K, used 103639K [0x0000000080000000, 0x0000000086580000, 0x00000000d5580000)
  object space 103936K, 99% used [0x0000000080000000,0x0000000086535ec8,0x0000000086580000)
 Metaspace       used 62686K, committed 64128K, reserved 1114112K
  class space    used 6677K, committed 7296K, reserved 1048576K
}
Event: 93.398 GC heap before
{Heap before GC invocations=134 (full 3):
 PSYoungGen      total 8192K, used 8064K [0x00000000d5580000, 0x00000000d5e80000, 0x0000000100000000)
  eden space 7680K, 100% used [0x00000000d5580000,0x00000000d5d00000,0x00000000d5d00000)
  from space 512K, 75% used [0x00000000d5e00000,0x00000000d5e60000,0x00000000d5e80000)
  to   space 512K, 0% used [0x00000000d5d00000,0x00000000d5d00000,0x00000000d5d80000)
 ParOldGen       total 103936K, used 103639K [0x0000000080000000, 0x0000000086580000, 0x00000000d5580000)
  object space 103936K, 99% used [0x0000000080000000,0x0000000086535ec8,0x0000000086580000)
 Metaspace       used 62837K, committed 64320K, reserved 1114112K
  class space    used 6708K, committed 7360K, reserved 1048576K
}
Event: 93.402 GC heap after
{Heap after GC invocations=134 (full 3):
 PSYoungGen      total 8192K, used 512K [0x00000000d5580000, 0x00000000d6000000, 0x0000000100000000)
  eden space 7680K, 0% used [0x00000000d5580000,0x00000000d5580000,0x00000000d5d00000)
  from space 512K, 100% used [0x00000000d5d00000,0x00000000d5d80000,0x00000000d5d80000)
  to   space 1536K, 0% used [0x00000000d5e80000,0x00000000d5e80000,0x00000000d6000000)
 ParOldGen       total 104448K, used 104391K [0x0000000080000000, 0x0000000086600000, 0x00000000d5580000)
  object space 104448K, 99% used [0x0000000080000000,0x00000000865f1ec8,0x0000000086600000)
 Metaspace       used 62837K, committed 64320K, reserved 1114112K
  class space    used 6708K, committed 7360K, reserved 1048576K
}

Dll operation events (10 events):
Event: 0.007 Loaded shared library c:\Users\Shaik\.vscode\extensions\redhat.java-1.46.0-win32-x64\jre\21.0.8-win32-x86_64\bin\java.dll
Event: 0.060 Loaded shared library c:\Users\Shaik\.vscode\extensions\redhat.java-1.46.0-win32-x64\jre\21.0.8-win32-x86_64\bin\zip.dll
Event: 0.082 Loaded shared library C:\Users\Shaik\.vscode\extensions\redhat.java-1.46.0-win32-x64\jre\21.0.8-win32-x86_64\bin\instrument.dll
Event: 0.086 Loaded shared library C:\Users\Shaik\.vscode\extensions\redhat.java-1.46.0-win32-x64\jre\21.0.8-win32-x86_64\bin\net.dll
Event: 0.089 Loaded shared library C:\Users\Shaik\.vscode\extensions\redhat.java-1.46.0-win32-x64\jre\21.0.8-win32-x86_64\bin\nio.dll
Event: 0.091 Loaded shared library C:\Users\Shaik\.vscode\extensions\redhat.java-1.46.0-win32-x64\jre\21.0.8-win32-x86_64\bin\zip.dll
Event: 0.104 Loaded shared library C:\Users\Shaik\.vscode\extensions\redhat.java-1.46.0-win32-x64\jre\21.0.8-win32-x86_64\bin\jimage.dll
Event: 0.173 Loaded shared library c:\Users\Shaik\.vscode\extensions\redhat.java-1.46.0-win32-x64\jre\21.0.8-win32-x86_64\bin\verify.dll
Event: 6.129 Loaded shared library C:\Users\Shaik\AppData\Roaming\Code\User\globalStorage\redhat.java\1.46.0\config_win\org.eclipse.equinox.launcher\org.eclipse.equinox.launcher.win32.win32.x86_64_1.2.1400.v20250801-0854\eclipse_11916.dll
Event: 16.440 Loaded shared library C:\Users\Shaik\AppData\Local\Temp\jna-79847086\jna9430411560332319585.dll

Deoptimization events (20 events):
Event: 93.522 Thread 0x00000183f00c49f0 Uncommon trap: trap_request=0xffffff6e fr.pc=0x00000183ddd49694 relative=0x00000000000003b4
Event: 93.522 Thread 0x00000183f00c49f0 Uncommon trap: reason=loop_limit_check action=maybe_recompile pc=0x00000183ddd49694 method=org.eclipse.jdt.core.compiler.CharOperation.concatWith([[CC)[C @ 121 c2
Event: 93.522 Thread 0x00000183f00c49f0 DEOPT PACKING pc=0x00000183ddd49694 sp=0x0000007d980fdf20
Event: 93.522 Thread 0x00000183f00c49f0 DEOPT UNPACKING pc=0x00000183dd163aa2 sp=0x0000007d980fdee0 mode 2
Event: 93.619 Thread 0x00000183f00c49f0 DEOPT PACKING pc=0x00000183d5d6d294 sp=0x0000007d980fd3f0
Event: 93.619 Thread 0x00000183f00c49f0 DEOPT UNPACKING pc=0x00000183dd164242 sp=0x0000007d980fc850 mode 0
Event: 93.650 Thread 0x00000183f00c49f0 Uncommon trap: trap_request=0xffffff76 fr.pc=0x00000183ddace3bc relative=0x00000000000003dc
Event: 93.650 Thread 0x00000183f00c49f0 Uncommon trap: reason=predicate action=maybe_recompile pc=0x00000183ddace3bc method=java.util.TimSort.reverseRange([Ljava/lang/Object;II)V @ 5 c2
Event: 93.650 Thread 0x00000183f00c49f0 DEOPT PACKING pc=0x00000183ddace3bc sp=0x0000007d980fda40
Event: 93.650 Thread 0x00000183f00c49f0 DEOPT UNPACKING pc=0x00000183dd163aa2 sp=0x0000007d980fd958 mode 2
Event: 93.664 Thread 0x00000183f00c49f0 Uncommon trap: trap_request=0xffffff45 fr.pc=0x00000183ddd0ea28 relative=0x0000000000000f48
Event: 93.664 Thread 0x00000183f00c49f0 Uncommon trap: reason=unstable_if action=reinterpret pc=0x00000183ddd0ea28 method=org.eclipse.jdt.core.JavaConventions.scannedIdentifier(Ljava/lang/String;Ljava/lang/String;Ljava/lang/String;Ljava/lang/String;Z)[C @ 10 c2
Event: 93.664 Thread 0x00000183f00c49f0 DEOPT PACKING pc=0x00000183ddd0ea28 sp=0x0000007d980fd580
Event: 93.664 Thread 0x00000183f00c49f0 DEOPT UNPACKING pc=0x00000183dd163aa2 sp=0x0000007d980fd4d0 mode 2
Event: 93.664 Thread 0x00000183f00c49f0 Uncommon trap: trap_request=0xffffff76 fr.pc=0x00000183ddd4cb94 relative=0x0000000000000174
Event: 93.664 Thread 0x00000183f00c49f0 Uncommon trap: reason=predicate action=maybe_recompile pc=0x00000183ddd4cb94 method=java.util.HashMap.keysToArray([Ljava/lang/Object;)[Ljava/lang/Object; @ 48 c2
Event: 93.664 Thread 0x00000183f00c49f0 DEOPT PACKING pc=0x00000183ddd4cb94 sp=0x0000007d980fd700
Event: 93.664 Thread 0x00000183f00c49f0 DEOPT UNPACKING pc=0x00000183dd163aa2 sp=0x0000007d980fd688 mode 2
Event: 93.818 Thread 0x00000183f00c49f0 DEOPT PACKING pc=0x00000183d63e21b3 sp=0x0000007d980fb340
Event: 93.818 Thread 0x00000183f00c49f0 DEOPT UNPACKING pc=0x00000183dd164242 sp=0x0000007d980fa870 mode 0

Classes loaded (20 events):
Event: 57.608 Loading class java/util/regex/Pattern$SliceU
Event: 57.609 Loading class java/util/regex/Pattern$SliceU done
Event: 57.609 Loading class sun/nio/fs/WindowsFileSystem$2
Event: 57.609 Loading class java/nio/file/PathMatcher
Event: 57.609 Loading class java/nio/file/PathMatcher done
Event: 57.609 Loading class sun/nio/fs/WindowsFileSystem$2 done
Event: 58.828 Loading class java/util/Collections$SynchronizedRandomAccessList
Event: 58.829 Loading class java/util/Collections$SynchronizedList
Event: 58.829 Loading class java/util/Collections$SynchronizedList done
Event: 58.829 Loading class java/util/Collections$SynchronizedRandomAccessList done
Event: 58.844 Loading class java/util/concurrent/CompletableFuture$Signaller
Event: 58.844 Loading class java/util/concurrent/CompletableFuture$Signaller done
Event: 81.165 Loading class java/util/Hashtable$KeySet
Event: 81.165 Loading class java/util/Hashtable$KeySet done
Event: 81.424 Loading class java/util/concurrent/CompletableFuture$UniApply
Event: 81.425 Loading class java/util/concurrent/CompletableFuture$UniApply done
Event: 81.428 Loading class java/util/concurrent/CompletableFuture$UniExceptionally
Event: 81.431 Loading class java/util/concurrent/CompletableFuture$UniExceptionally done
Event: 81.872 Loading class java/lang/invoke/MethodHandleImpl$CountingWrapper$1
Event: 81.873 Loading class java/lang/invoke/MethodHandleImpl$CountingWrapper$1 done

Classes unloaded (10 events):
Event: 16.948 Thread 0x00000183d29847a0 Unloading class 0x00000183811a4800 'java/lang/invoke/LambdaForm$MH+0x00000183811a4800'
Event: 16.948 Thread 0x00000183d29847a0 Unloading class 0x00000183811a4400 'java/lang/invoke/LambdaForm$MH+0x00000183811a4400'
Event: 16.948 Thread 0x00000183d29847a0 Unloading class 0x00000183811a4000 'java/lang/invoke/LambdaForm$MH+0x00000183811a4000'
Event: 16.948 Thread 0x00000183d29847a0 Unloading class 0x00000183811a3c00 'java/lang/invoke/LambdaForm$MH+0x00000183811a3c00'
Event: 16.948 Thread 0x00000183d29847a0 Unloading class 0x00000183811a3800 'java/lang/invoke/LambdaForm$BMH+0x00000183811a3800'
Event: 16.948 Thread 0x00000183d29847a0 Unloading class 0x00000183811a3400 'java/lang/invoke/LambdaForm$DMH+0x00000183811a3400'
Event: 16.948 Thread 0x00000183d29847a0 Unloading class 0x00000183811a2000 'java/lang/invoke/LambdaForm$DMH+0x00000183811a2000'
Event: 54.202 Thread 0x00000183d29847a0 Unloading class 0x00000183816a9000 'java/lang/invoke/LambdaForm$DMH+0x00000183816a9000'
Event: 54.202 Thread 0x00000183d29847a0 Unloading class 0x00000183815b0c00 'java/lang/invoke/LambdaForm$MH+0x00000183815b0c00'
Event: 54.202 Thread 0x00000183d29847a0 Unloading class 0x00000183815b0400 'java/lang/invoke/LambdaForm$MH+0x00000183815b0400'

Classes redefined (0 events):
No events

Internal exceptions (20 events):
Event: 81.730 Thread 0x00000183eb3dbe10 Exception <a 'sun/nio/fs/WindowsException'{0x00000000d5bbd828}> (0x00000000d5bbd828) 
thrown [s\src\hotspot\share\prims\jni.cpp, line 520]
Event: 81.731 Thread 0x00000183eb3dbe10 Exception <a 'sun/nio/fs/WindowsException'{0x00000000d5bbde58}> (0x00000000d5bbde58) 
thrown [s\src\hotspot\share\prims\jni.cpp, line 520]
Event: 81.762 Thread 0x00000183fcd5b140 Exception <a 'java/lang/NoSuchMethodError'{0x00000000d5c29fa0}: 'java.lang.Object java.lang.invoke.DirectMethodHandle$Holder.invokeStaticInit(java.lang.Object, java.lang.Object, java.lang.Object)'> (0x00000000d5c29fa0) 
thrown [s\src\hotspot\share\interpreter\linkResolver.cpp, line 773]
Event: 81.958 Thread 0x00000183eb3dbe10 Exception <a 'java/lang/NoSuchMethodError'{0x00000000d5cda650}: 'java.lang.Object java.lang.invoke.Invokers$Holder.linkToTargetMethod(java.lang.Object, java.lang.Object, int, int, java.lang.Object)'> (0x00000000d5cda650) 
thrown [s\src\hotspot\share\interpreter\linkResolver.cpp, line 773]
Event: 81.992 Thread 0x00000183eb3dbe10 Exception <a 'java/lang/NoSuchMethodError'{0x00000000d55a4000}: method resolution failed> (0x00000000d55a4000) 
thrown [s\src\hotspot\share\prims\methodHandles.cpp, line 1144]
Event: 82.702 Thread 0x00000183f00c2920 Exception <a 'sun/nio/fs/WindowsException'{0x00000000d57bbe18}> (0x00000000d57bbe18) 
thrown [s\src\hotspot\share\prims\jni.cpp, line 520]
Event: 82.702 Thread 0x00000183f00c2920 Exception <a 'sun/nio/fs/WindowsException'{0x00000000d57bc718}> (0x00000000d57bc718) 
thrown [s\src\hotspot\share\prims\jni.cpp, line 520]
Event: 82.707 Thread 0x00000183f00c2920 Exception <a 'sun/nio/fs/WindowsException'{0x00000000d57bd460}> (0x00000000d57bd460) 
thrown [s\src\hotspot\share\prims\jni.cpp, line 520]
Event: 82.707 Thread 0x00000183f00c2920 Exception <a 'sun/nio/fs/WindowsException'{0x00000000d5b2cdd0}> (0x00000000d5b2cdd0) 
thrown [s\src\hotspot\share\prims\jni.cpp, line 520]
Event: 82.710 Thread 0x00000183f00c2920 Exception <a 'sun/nio/fs/WindowsException'{0x00000000d5b2e638}> (0x00000000d5b2e638) 
thrown [s\src\hotspot\share\prims\jni.cpp, line 520]
Event: 82.710 Thread 0x00000183f00c2920 Exception <a 'sun/nio/fs/WindowsException'{0x00000000d5b2ef18}> (0x00000000d5b2ef18) 
thrown [s\src\hotspot\share\prims\jni.cpp, line 520]
Event: 82.732 Thread 0x00000183f00c2920 Exception <a 'sun/nio/fs/WindowsException'{0x00000000d5c3d3c8}> (0x00000000d5c3d3c8) 
thrown [s\src\hotspot\share\prims\jni.cpp, line 520]
Event: 82.732 Thread 0x00000183f00c2920 Exception <a 'sun/nio/fs/WindowsException'{0x00000000d5c3dca8}> (0x00000000d5c3dca8) 
thrown [s\src\hotspot\share\prims\jni.cpp, line 520]
Event: 82.972 Thread 0x00000183fcd5b140 Exception <a 'sun/nio/fs/WindowsException'{0x00000000d5b00c28}> (0x00000000d5b00c28) 
thrown [s\src\hotspot\share\prims\jni.cpp, line 520]
Event: 82.973 Thread 0x00000183fcd5b140 Exception <a 'sun/nio/fs/WindowsException'{0x00000000d5b01508}> (0x00000000d5b01508) 
thrown [s\src\hotspot\share\prims\jni.cpp, line 520]
Event: 83.565 Thread 0x00000183f00c49f0 Implicit null exception at 0x00000183ddca8228 to 0x00000183ddca8ae4
Event: 83.860 Thread 0x00000183eb3dffb0 Implicit null exception at 0x00000183ddcad84b to 0x00000183ddcae228
Event: 90.410 Thread 0x00000183f00c49f0 Exception <a 'java/lang/IncompatibleClassChangeError'{0x00000000d56d1738}: Found class java.lang.Object, but interface was expected> (0x00000000d56d1738) 
thrown [s\src\hotspot\share\interpreter\linkResolver.cpp, line 840]
Event: 125.468 Thread 0x00000183eb3dec00 Exception <a 'sun/nio/fs/WindowsException'{0x00000000d5b61970}> (0x00000000d5b61970) 
thrown [s\src\hotspot\share\prims\jni.cpp, line 520]
Event: 125.468 Thread 0x00000183eb3dec00 Exception <a 'sun/nio/fs/WindowsException'{0x00000000d5b621e0}> (0x00000000d5b621e0) 
thrown [s\src\hotspot\share\prims\jni.cpp, line 520]

ZGC Phase Switch (0 events):
No events

VM Operations (20 events):
Event: 93.675 Executing VM operation: HandshakeAllThreads (Deoptimize)
Event: 93.675 Executing VM operation: HandshakeAllThreads (Deoptimize) done
Event: 93.776 Executing VM operation: HandshakeAllThreads (Deoptimize)
Event: 93.777 Executing VM operation: HandshakeAllThreads (Deoptimize) done
Event: 94.109 Executing VM operation: HandshakeAllThreads (Deoptimize)
Event: 94.110 Executing VM operation: HandshakeAllThreads (Deoptimize) done
Event: 94.149 Executing VM operation: HandshakeAllThreads (Deoptimize)
Event: 94.150 Executing VM operation: HandshakeAllThreads (Deoptimize) done
Event: 95.151 Executing VM operation: Cleanup
Event: 95.151 Executing VM operation: Cleanup done
Event: 120.331 Executing VM operation: HandshakeAllThreads (HandshakeForDeflation)
Event: 120.332 Executing VM operation: HandshakeAllThreads (HandshakeForDeflation) done
Event: 120.332 Executing VM operation: RendezvousGCThreads
Event: 120.332 Executing VM operation: RendezvousGCThreads done
Event: 126.378 Executing VM operation: Cleanup
Event: 126.378 Executing VM operation: Cleanup done
Event: 180.460 Executing VM operation: HandshakeAllThreads (HandshakeForDeflation)
Event: 180.460 Executing VM operation: HandshakeAllThreads (HandshakeForDeflation) done
Event: 180.460 Executing VM operation: RendezvousGCThreads
Event: 180.460 Executing VM operation: RendezvousGCThreads done

Memory protections (0 events):
No events

Nmethod flushes (20 events):
Event: 54.242 Thread 0x00000183d29847a0 flushing  nmethod 0x00000183d642a390
Event: 54.242 Thread 0x00000183d29847a0 flushing  nmethod 0x00000183d642c890
Event: 54.242 Thread 0x00000183d29847a0 flushing  nmethod 0x00000183d6445890
Event: 54.242 Thread 0x00000183d29847a0 flushing  nmethod 0x00000183d644c910
Event: 54.242 Thread 0x00000183d29847a0 flushing  nmethod 0x00000183d644d610
Event: 54.242 Thread 0x00000183d29847a0 flushing  nmethod 0x00000183d6450b10
Event: 54.242 Thread 0x00000183d29847a0 flushing  nmethod 0x00000183d6458e90
Event: 54.242 Thread 0x00000183d29847a0 flushing  nmethod 0x00000183d6460b10
Event: 54.242 Thread 0x00000183d29847a0 flushing osr nmethod 0x00000183d6468410
Event: 54.242 Thread 0x00000183d29847a0 flushing  nmethod 0x00000183d6474590
Event: 54.242 Thread 0x00000183d29847a0 flushing osr nmethod 0x00000183d6489b90
Event: 54.242 Thread 0x00000183d29847a0 flushing  nmethod 0x00000183d648eb90
Event: 54.242 Thread 0x00000183d29847a0 flushing  nmethod 0x00000183d648ef10
Event: 54.242 Thread 0x00000183d29847a0 flushing  nmethod 0x00000183d6490090
Event: 54.242 Thread 0x00000183d29847a0 flushing  nmethod 0x00000183d6490b10
Event: 54.242 Thread 0x00000183d29847a0 flushing  nmethod 0x00000183d6492390
Event: 54.242 Thread 0x00000183d29847a0 flushing osr nmethod 0x00000183d6504110
Event: 54.242 Thread 0x00000183d29847a0 flushing  nmethod 0x00000183d652ac10
Event: 54.242 Thread 0x00000183d29847a0 flushing  nmethod 0x00000183d652c710
Event: 54.242 Thread 0x00000183d29847a0 flushing  nmethod 0x00000183d653b810

Events (20 events):
Event: 81.865 Thread 0x00000183f35c9ef0 Thread exited: 0x00000183f35c9ef0
Event: 82.666 Thread 0x00000183eb29e7a0 Thread added: 0x00000183f35c9ef0
Event: 82.698 Thread 0x00000183eb29e7a0 Thread added: 0x00000183f35c9150
Event: 83.400 Thread 0x00000183f35c9150 Thread exited: 0x00000183f35c9150
Event: 83.517 Thread 0x00000183f35c9ef0 Thread exited: 0x00000183f35c9ef0
Event: 84.813 Thread 0x00000183f2e83860 Thread exited: 0x00000183f2e83860
Event: 90.155 Thread 0x00000183eb29bd00 Thread added: 0x00000183f35c9150
Event: 91.033 Thread 0x00000183f35c9150 Thread exited: 0x00000183f35c9150
Event: 91.485 Thread 0x00000183eb29e7a0 Thread added: 0x00000183f35c6f40
Event: 91.784 Thread 0x00000183f35c6f40 Thread exited: 0x00000183f35c6f40
Event: 93.853 Thread 0x00000183eb29e7a0 Thread added: 0x00000183f35c9150
Event: 93.853 Thread 0x00000183eb29e7a0 Thread added: 0x00000183f35c9820
Event: 98.081 Thread 0x00000183f2b6e5c0 Thread exited: 0x00000183f2b6e5c0
Event: 99.148 Thread 0x00000183f35c9820 Thread exited: 0x00000183f35c9820
Event: 99.148 Thread 0x00000183f35c9150 Thread exited: 0x00000183f35c9150
Event: 144.826 Thread 0x00000183f2e7e9a0 Thread exited: 0x00000183f2e7e9a0
Event: 185.190 Thread 0x00000183eb3df920 Thread exited: 0x00000183eb3df920
Event: 185.474 Thread 0x00000183eb3dbe10 Thread exited: 0x00000183eb3dbe10
Event: 185.474 Thread 0x00000183f00c49f0 Thread exited: 0x00000183f00c49f0
Event: 204.852 Thread 0x00000183f2e84c10 Thread exited: 0x00000183f2e84c10


Dynamic libraries:
0x00007ff7c89b0000 - 0x00007ff7c89be000 	c:\Users\Shaik\.vscode\extensions\redhat.java-1.46.0-win32-x64\jre\21.0.8-win32-x86_64\bin\java.exe
0x00007ffb50200000 - 0x00007ffb50469000 	C:\WINDOWS\SYSTEM32\ntdll.dll
0x00007ffb4fdd0000 - 0x00007ffb4fe99000 	C:\WINDOWS\System32\KERNEL32.DLL
0x00007ffb4da50000 - 0x00007ffb4de43000 	C:\WINDOWS\System32\KERNELBASE.dll
0x00007ffb4de80000 - 0x00007ffb4dfcb000 	C:\WINDOWS\System32\ucrtbase.dll
0x00007ffad5e30000 - 0x00007ffad5e4e000 	c:\Users\Shaik\.vscode\extensions\redhat.java-1.46.0-win32-x64\jre\21.0.8-win32-x86_64\bin\VCRUNTIME140.dll
0x00007ffad5e50000 - 0x00007ffad5e68000 	c:\Users\Shaik\.vscode\extensions\redhat.java-1.46.0-win32-x64\jre\21.0.8-win32-x86_64\bin\jli.dll
0x00007ffb4f850000 - 0x00007ffb4fa14000 	C:\WINDOWS\System32\USER32.dll
0x00007ffb2a780000 - 0x00007ffb2aa13000 	C:\WINDOWS\WinSxS\amd64_microsoft.windows.common-controls_6595b64144ccf1df_6.0.26100.5074_none_3e0d6f78e32fd63f\COMCTL32.dll
0x00007ffb4de50000 - 0x00007ffb4de77000 	C:\WINDOWS\System32\win32u.dll
0x00007ffb4eea0000 - 0x00007ffb4ef49000 	C:\WINDOWS\System32\msvcrt.dll
0x00007ffb50190000 - 0x00007ffb501bb000 	C:\WINDOWS\System32\GDI32.dll
0x00007ffb4d670000 - 0x00007ffb4d79d000 	C:\WINDOWS\System32\gdi32full.dll
0x00007ffb4d450000 - 0x00007ffb4d4f3000 	C:\WINDOWS\System32\msvcp_win.dll
0x00007ffb4ec60000 - 0x00007ffb4ec8f000 	C:\WINDOWS\System32\IMM32.DLL
0x00007ffad5e20000 - 0x00007ffad5e2c000 	c:\Users\Shaik\.vscode\extensions\redhat.java-1.46.0-win32-x64\jre\21.0.8-win32-x86_64\bin\vcruntime140_1.dll
0x00007ffad5d90000 - 0x00007ffad5e1d000 	c:\Users\Shaik\.vscode\extensions\redhat.java-1.46.0-win32-x64\jre\21.0.8-win32-x86_64\bin\msvcp140.dll
0x00007ffaa74c0000 - 0x00007ffaa8257000 	c:\Users\Shaik\.vscode\extensions\redhat.java-1.46.0-win32-x64\jre\21.0.8-win32-x86_64\bin\server\jvm.dll
0x00007ffb4fd10000 - 0x00007ffb4fdc4000 	C:\WINDOWS\System32\ADVAPI32.dll
0x00007ffb4e5c0000 - 0x00007ffb4e666000 	C:\WINDOWS\System32\sechost.dll
0x00007ffb4eca0000 - 0x00007ffb4edb8000 	C:\WINDOWS\System32\RPCRT4.dll
0x00007ffb4fc00000 - 0x00007ffb4fc74000 	C:\WINDOWS\System32\WS2_32.dll
0x00007ffb4d1f0000 - 0x00007ffb4d24e000 	C:\WINDOWS\SYSTEM32\POWRPROF.dll
0x00007ffb39500000 - 0x00007ffb3950b000 	C:\WINDOWS\SYSTEM32\VERSION.dll
0x00007ffb45430000 - 0x00007ffb45465000 	C:\WINDOWS\SYSTEM32\WINMM.dll
0x00007ffb4d1d0000 - 0x00007ffb4d1e4000 	C:\WINDOWS\SYSTEM32\UMPDC.dll
0x00007ffb4c170000 - 0x00007ffb4c18b000 	C:\WINDOWS\SYSTEM32\kernel.appcore.dll
0x00007ffad2e40000 - 0x00007ffad2e4a000 	c:\Users\Shaik\.vscode\extensions\redhat.java-1.46.0-win32-x64\jre\21.0.8-win32-x86_64\bin\jimage.dll
0x00007ffb4ad40000 - 0x00007ffb4af82000 	C:\WINDOWS\SYSTEM32\DBGHELP.DLL
0x00007ffb4e6f0000 - 0x00007ffb4ea6b000 	C:\WINDOWS\System32\combase.dll
0x00007ffb4edc0000 - 0x00007ffb4ee97000 	C:\WINDOWS\System32\OLEAUT32.dll
0x00007ffb28b80000 - 0x00007ffb28bbd000 	C:\WINDOWS\SYSTEM32\dbgcore.DLL
0x00007ffb4d9b0000 - 0x00007ffb4da49000 	C:\WINDOWS\System32\bcryptPrimitives.dll
0x00007ffad2e30000 - 0x00007ffad2e3f000 	c:\Users\Shaik\.vscode\extensions\redhat.java-1.46.0-win32-x64\jre\21.0.8-win32-x86_64\bin\instrument.dll
0x00007ffad2e10000 - 0x00007ffad2e2f000 	c:\Users\Shaik\.vscode\extensions\redhat.java-1.46.0-win32-x64\jre\21.0.8-win32-x86_64\bin\java.dll
0x00007ffb4ef50000 - 0x00007ffb4f69d000 	C:\WINDOWS\System32\SHELL32.dll
0x00007ffb4d500000 - 0x00007ffb4d66c000 	C:\WINDOWS\System32\wintypes.dll
0x00007ffb4afc0000 - 0x00007ffb4b819000 	C:\WINDOWS\SYSTEM32\windows.storage.dll
0x00007ffb4eaa0000 - 0x00007ffb4eb90000 	C:\WINDOWS\System32\SHCORE.dll
0x00007ffb50110000 - 0x00007ffb50172000 	C:\WINDOWS\System32\shlwapi.dll
0x00007ffb4d2b0000 - 0x00007ffb4d2d9000 	C:\WINDOWS\SYSTEM32\profapi.dll
0x00007ffad2df0000 - 0x00007ffad2e08000 	c:\Users\Shaik\.vscode\extensions\redhat.java-1.46.0-win32-x64\jre\21.0.8-win32-x86_64\bin\zip.dll
0x00007ffad2de0000 - 0x00007ffad2df0000 	C:\Users\Shaik\.vscode\extensions\redhat.java-1.46.0-win32-x64\jre\21.0.8-win32-x86_64\bin\net.dll
0x00007ffb41370000 - 0x00007ffb4148f000 	C:\WINDOWS\SYSTEM32\WINHTTP.dll
0x00007ffb4c6f0000 - 0x00007ffb4c75b000 	C:\WINDOWS\system32\mswsock.dll
0x00007ffad2dc0000 - 0x00007ffad2dd6000 	C:\Users\Shaik\.vscode\extensions\redhat.java-1.46.0-win32-x64\jre\21.0.8-win32-x86_64\bin\nio.dll
0x00007ffad2db0000 - 0x00007ffad2dc0000 	c:\Users\Shaik\.vscode\extensions\redhat.java-1.46.0-win32-x64\jre\21.0.8-win32-x86_64\bin\verify.dll
0x00007ffad5eb0000 - 0x00007ffad5ef4000 	C:\Users\Shaik\AppData\Roaming\Code\User\globalStorage\redhat.java\1.46.0\config_win\org.eclipse.equinox.launcher\org.eclipse.equinox.launcher.win32.win32.x86_64_1.2.1400.v20250801-0854\eclipse_11916.dll
0x00007ffb4f6a0000 - 0x00007ffb4f838000 	C:\WINDOWS\System32\ole32.dll
0x00007ffb4c990000 - 0x00007ffb4c9ab000 	C:\WINDOWS\SYSTEM32\CRYPTSP.dll
0x00007ffb4c0d0000 - 0x00007ffb4c10b000 	C:\WINDOWS\system32\rsaenh.dll
0x00007ffb4c790000 - 0x00007ffb4c7bb000 	C:\WINDOWS\SYSTEM32\USERENV.dll
0x00007ffb4d280000 - 0x00007ffb4d2a6000 	C:\WINDOWS\SYSTEM32\bcrypt.dll
0x00007ffb4c9b0000 - 0x00007ffb4c9bc000 	C:\WINDOWS\SYSTEM32\CRYPTBASE.dll
0x00007ffb4bba0000 - 0x00007ffb4bbd4000 	C:\WINDOWS\SYSTEM32\IPHLPAPI.DLL
0x00007ffb50180000 - 0x00007ffb5018a000 	C:\WINDOWS\System32\NSI.dll
0x00007ffaa1e90000 - 0x00007ffaa1ed9000 	C:\Users\Shaik\AppData\Local\Temp\jna-79847086\jna9430411560332319585.dll
0x00007ffb4e670000 - 0x00007ffb4e678000 	C:\WINDOWS\System32\PSAPI.DLL
0x00007ffb41c20000 - 0x00007ffb41c3e000 	C:\WINDOWS\SYSTEM32\dhcpcsvc6.DLL
0x00007ffb41aa0000 - 0x00007ffb41ac3000 	C:\WINDOWS\SYSTEM32\dhcpcsvc.DLL

JVMTI agents:
c:\Users\Shaik\.vscode\extensions\redhat.java-1.46.0-win32-x64\lombok\lombok-1.18.39-4050.jar path:c:\Users\Shaik\.vscode\extensions\redhat.java-1.46.0-win32-x64\jre\21.0.8-win32-x86_64\bin\instrument.dll, loaded, initialized, instrumentlib options:none

dbghelp: loaded successfully - version: 4.0.5 - missing functions: none
symbol engine: initialized successfully - sym options: 0x614 - pdb path: .;c:\Users\Shaik\.vscode\extensions\redhat.java-1.46.0-win32-x64\jre\21.0.8-win32-x86_64\bin;C:\WINDOWS\SYSTEM32;C:\WINDOWS\WinSxS\amd64_microsoft.windows.common-controls_6595b64144ccf1df_6.0.26100.5074_none_3e0d6f78e32fd63f;c:\Users\Shaik\.vscode\extensions\redhat.java-1.46.0-win32-x64\jre\21.0.8-win32-x86_64\bin\server;C:\Users\Shaik\AppData\Roaming\Code\User\globalStorage\redhat.java\1.46.0\config_win\org.eclipse.equinox.launcher\org.eclipse.equinox.launcher.win32.win32.x86_64_1.2.1400.v20250801-0854;C:\Users\Shaik\AppData\Local\Temp\jna-79847086

VM Arguments:
jvm_args: --add-modules=ALL-SYSTEM --add-opens=java.base/java.util=ALL-UNNAMED --add-opens=java.base/java.lang=ALL-UNNAMED --add-opens=java.base/sun.nio.fs=ALL-UNNAMED -Declipse.application=org.eclipse.jdt.ls.core.id1 -Dosgi.bundles.defaultStartLevel=4 -Declipse.product=org.eclipse.jdt.ls.core.product -Djava.import.generatesMetadataFilesAtProjectRoot=false -DDetectVMInstallationsJob.disabled=true -Dfile.encoding=utf8 -XX:+UseParallelGC -XX:GCTimeRatio=4 -XX:AdaptiveSizePolicyWeight=90 -Dsun.zip.disableMemoryMapping=true -Xmx2G -Xms100m -Xlog:disable -javaagent:c:\Users\Shaik\.vscode\extensions\redhat.java-1.46.0-win32-x64\lombok\lombok-1.18.39-4050.jar -XX:+HeapDumpOnOutOfMemoryError -XX:HeapDumpPath=c:\Users\Shaik\AppData\Roaming\Code\User\workspaceStorage\b969609c57074d7f45bfa7cd6e1570cd\redhat.java -Daether.dependencyCollector.impl=bf 
java_command: c:\Users\Shaik\.vscode\extensions\redhat.java-1.46.0-win32-x64\server\plugins\org.eclipse.equinox.launcher_1.7.0.v20250519-0528.jar -configuration c:\Users\Shaik\AppData\Roaming\Code\User\globalStorage\redhat.java\1.46.0\config_win -data c:\Users\Shaik\AppData\Roaming\Code\User\workspaceStorage\b969609c57074d7f45bfa7cd6e1570cd\redhat.java\jdt_ws --pipe=\\.\pipe\lsp-afddbd98ec61f3ff607587ce5edd187e-sock
java_class_path (initial): c:\Users\Shaik\.vscode\extensions\redhat.java-1.46.0-win32-x64\server\plugins\org.eclipse.equinox.launcher_1.7.0.v20250519-0528.jar
Launcher Type: SUN_STANDARD

[Global flags]
    uintx AdaptiveSizePolicyWeight                 = 90                                        {product} {command line}
     intx CICompilerCount                          = 4                                         {product} {ergonomic}
    uintx GCTimeRatio                              = 4                                         {product} {command line}
     bool HeapDumpOnOutOfMemoryError               = true                                   {manageable} {command line}
    ccstr HeapDumpPath                             = c:\Users\Shaik\AppData\Roaming\Code\User\workspaceStorage\b969609c57074d7f45bfa7cd6e1570cd\redhat.java         {manageable} {command line}
   size_t InitialHeapSize                          = 104857600                                 {product} {command line}
   size_t MaxHeapSize                              = 2147483648                                {product} {command line}
   size_t MaxNewSize                               = 715653120                                 {product} {ergonomic}
   size_t MinHeapDeltaBytes                        = 524288                                    {product} {ergonomic}
   size_t MinHeapSize                              = 104857600                                 {product} {command line}
   size_t NewSize                                  = 34603008                                  {product} {ergonomic}
    uintx NonNMethodCodeHeapSize                   = 5839372                                {pd product} {ergonomic}
    uintx NonProfiledCodeHeapSize                  = 122909434                              {pd product} {ergonomic}
   size_t OldSize                                  = 70254592                                  {product} {ergonomic}
    uintx ProfiledCodeHeapSize                     = 122909434                              {pd product} {ergonomic}
    uintx ReservedCodeCacheSize                    = 251658240                              {pd product} {ergonomic}
     bool SegmentedCodeCache                       = true                                      {product} {ergonomic}
   size_t SoftMaxHeapSize                          = 2147483648                             {manageable} {ergonomic}
     bool UseCompressedOops                        = true                           {product lp64_product} {ergonomic}
     bool UseLargePagesIndividualAllocation        = false                                  {pd product} {ergonomic}
     bool UseParallelGC                            = true                                      {product} {command line}

Logging:
Log output configuration:
 #0: stdout all=off uptime,level,tags foldmultilines=false
 #1: stderr all=off uptime,level,tags foldmultilines=false

Environment Variables:
JAVA_HOME=C:\Program Files\Java\jdk-21
PATH=C:\3-1\apache-maven-3.9.11-bin\apache-maven-3.9.11\bin;C:\Program Files\Java\jdk-21\bin;C:\Program Files\nodejs;C:\Program Files\Docker\Docker\resources\bin;C:\Program Files\Git\cmd;C:\Program Files\nodejs\;C:\Windows\System32;;C:\ProgramData\chocolatey\bin;C:\Program Files\MySQL\MySQL Shell 8.0\bin\;C:\Users\Shaik\Downloads\apache-maven-3.9.11\bin;C:\Users\Shaik\AppData\Local\Programs\Microsoft VS Code\bin;C:\Users\Shaik\AppData\Roaming\npm;C:\Users\Shaik\AppData\Local\Programs\cursor\resources\app\bin
USERNAME=Shaik
OS=Windows_NT
PROCESSOR_IDENTIFIER=Intel64 Family 6 Model 186 Stepping 3, GenuineIntel
TMP=C:\Users\Shaik\AppData\Local\Temp
TEMP=C:\Users\Shaik\AppData\Local\Temp




Periodic native trim disabled

---------------  S Y S T E M  ---------------

OS:
 Windows 11 , 64 bit Build 26100 (10.0.26100.5074)
OS uptime: 0 days 0:04 hours
Hyper-V role detected

CPU: total 12 (initial active 12) (6 cores per cpu, 2 threads per core) family 6 model 186 stepping 3 microcode 0x4128, cx8, cmov, fxsr, ht, mmx, 3dnowpref, sse, sse2, sse3, ssse3, sse4.1, sse4.2, popcnt, lzcnt, tsc, tscinvbit, avx, avx2, aes, erms, clmul, bmi1, bmi2, adx, sha, fma, vzeroupper, clflush, clflushopt, clwb, hv, serialize, rdtscp, rdpid, fsrm, f16c, cet_ibt, cet_ss
Processor Information for processor 0
  Max Mhz: 1300, Current Mhz: 1300, Mhz Limit: 1300
Processor Information for processor 1
  Max Mhz: 1300, Current Mhz: 1300, Mhz Limit: 1300
Processor Information for processor 2
  Max Mhz: 1300, Current Mhz: 1300, Mhz Limit: 1300
Processor Information for processor 3
  Max Mhz: 1300, Current Mhz: 1300, Mhz Limit: 1300
Processor Information for processor 4
  Max Mhz: 1300, Current Mhz: 900, Mhz Limit: 897
Processor Information for processor 5
  Max Mhz: 1300, Current Mhz: 900, Mhz Limit: 897
Processor Information for processor 6
  Max Mhz: 1300, Current Mhz: 900, Mhz Limit: 897
Processor Information for processor 7
  Max Mhz: 1300, Current Mhz: 900, Mhz Limit: 897
Processor Information for processor 8
  Max Mhz: 1300, Current Mhz: 900, Mhz Limit: 897
Processor Information for processor 9
  Max Mhz: 1300, Current Mhz: 900, Mhz Limit: 897
Processor Information for processor 10
  Max Mhz: 1300, Current Mhz: 900, Mhz Limit: 897
Processor Information for processor 11
  Max Mhz: 1300, Current Mhz: 900, Mhz Limit: 897

Memory: 4k page, system-wide physical 16095M (3100M free)
TotalPageFile size 16095M (AvailPageFile size 46M)
current process WorkingSet (physical memory assigned to process): 295M, peak: 334M
current process commit charge ("private bytes"): 375M, peak: 414M

vm_info: OpenJDK 64-Bit Server VM (21.0.8+9-LTS) for windows-amd64 JRE (21.0.8+9-LTS), built on 2025-07-15T00:00:00Z by "admin" with MS VC++ 17.7 (VS2022)

END.
