#
# There is insufficient memory for the Java Runtime Environment to continue.
# Native memory allocation (malloc) failed to allocate 1562096 bytes. Error detail: Chunk::new
# Possible reasons:
#   The system is out of physical RAM or swap space
#   This process is running with CompressedOops enabled, and the Java Heap may be blocking the growth of the native heap
# Possible solutions:
#   Reduce memory load on the system
#   Increase physical memory or swap space
#   Check if swap backing store is full
#   Decrease Java heap size (-Xmx/-Xms)
#   Decrease number of Java threads
#   Decrease Java thread stack sizes (-Xss)
#   Set larger code cache with -XX:ReservedCodeCacheSize=
#   JVM is running with Unscaled Compressed Oops mode in which the Java heap is
#     placed in the first 4GB address space. The Java Heap base address is the
#     maximum limit for the native heap growth. Please use -XX:HeapBaseMinAddress
#     to set the Java Heap base and to place the Java Heap above 4GB virtual address.
# This output file may be truncated or incomplete.
#
#  Out of Memory Error (arena.cpp:168), pid=24904, tid=20656
#
# JRE version: OpenJDK Runtime Environment Temurin-21.0.8+9 (21.0.8+9) (build 21.0.8+9-LTS)
# Java VM: OpenJDK 64-Bit Server VM Temurin-21.0.8+9 (21.0.8+9-LTS, mixed mode, sharing, tiered, compressed oops, compressed class ptrs, parallel gc, windows-amd64)
# No core dump will be written. Minidumps are not enabled by default on client versions of Windows
#

---------------  S U M M A R Y ------------

Command Line: --add-modules=ALL-SYSTEM --add-opens=java.base/java.util=ALL-UNNAMED --add-opens=java.base/java.lang=ALL-UNNAMED --add-opens=java.base/sun.nio.fs=ALL-UNNAMED -Declipse.application=org.eclipse.jdt.ls.core.id1 -Dosgi.bundles.defaultStartLevel=4 -Declipse.product=org.eclipse.jdt.ls.core.product -Djava.import.generatesMetadataFilesAtProjectRoot=false -DDetectVMInstallationsJob.disabled=true -Dfile.encoding=utf8 -XX:+UseParallelGC -XX:GCTimeRatio=4 -XX:AdaptiveSizePolicyWeight=90 -Dsun.zip.disableMemoryMapping=true -Xmx2G -Xms100m -Xlog:disable -javaagent:c:\Users\Shaik\.vscode\extensions\redhat.java-1.46.0-win32-x64\lombok\lombok-1.18.39-4050.jar c:\Users\Shaik\.vscode\extensions\redhat.java-1.46.0-win32-x64\server\plugins\org.eclipse.equinox.launcher_1.7.0.v20250519-0528.jar -configuration c:\Users\Shaik\AppData\Roaming\Code\User\globalStorage\redhat.java\1.46.0\config_ss_win -data c:\Users\Shaik\AppData\Roaming\Code\User\workspaceStorage\19455d45c0e427327eeb4089f154f71c\redhat.java\ss_ws --pipe=\\.\pipe\lsp-ddab7400ab72e2be4be5a28e435e0e0a-sock

Host: 13th Gen Intel(R) Core(TM) i5-1335U, 12 cores, 15G,  Windows 11 , 64 bit Build 26100 (10.0.26100.5074)
Time: Wed Oct 15 23:40:42 2025 India Standard Time elapsed time: 9.311765 seconds (0d 0h 0m 9s)

---------------  T H R E A D  ---------------

Current thread (0x0000025ce654be90):  JavaThread "C2 CompilerThread0" daemon [_thread_in_native, id=20656, stack(0x0000008432b00000,0x0000008432c00000) (1024K)]


Current CompileTask:
C2:9311 2552       4       org.lombokweb.asm.ClassReader::readMethod (1070 bytes)

Stack: [0x0000008432b00000,0x0000008432c00000]
Native frames: (J=compiled Java code, j=interpreted, Vv=VM code, C=native code)
V  [jvm.dll+0x6d2449]
V  [jvm.dll+0x8ae341]
V  [jvm.dll+0x8b08be]
V  [jvm.dll+0x8b0fa3]
V  [jvm.dll+0x280c96]
V  [jvm.dll+0xc581d]
V  [jvm.dll+0xc5d53]
V  [jvm.dll+0x3b9162]
V  [jvm.dll+0x385315]
V  [jvm.dll+0x38477a]
V  [jvm.dll+0x248ed0]
V  [jvm.dll+0x2484af]
V  [jvm.dll+0x1c89ee]
V  [jvm.dll+0x257d4d]
V  [jvm.dll+0x2562ea]
V  [jvm.dll+0x3f2d16]
V  [jvm.dll+0x857e6b]
V  [jvm.dll+0x6d0b0d]
C  [ucrtbase.dll+0x37b0]
C  [KERNEL32.DLL+0x2e8d7]
C  [ntdll.dll+0x8d9c]


---------------  P R O C E S S  ---------------

Threads class SMR info:
_java_thread_list=0x0000025cebe7ef70, length=19, elements={
0x0000025c8cc6e800, 0x0000025ce65444b0, 0x0000025ce65452c0, 0x0000025ce6546750,
0x0000025ce65471a0, 0x0000025ce654a610, 0x0000025ce654b060, 0x0000025ce654be90,
0x0000025ce6586fa0, 0x0000025ce6630cc0, 0x0000025ce6872670, 0x0000025cebaa0e50,
0x0000025ceb821c50, 0x0000025ceb823df0, 0x0000025ce6664b20, 0x0000025ceba818c0,
0x0000025cebcb13b0, 0x0000025cebb240d0, 0x0000025cec9d4c70
}

Java Threads: ( => current thread )
  0x0000025c8cc6e800 JavaThread "main"                              [_thread_blocked, id=20220, stack(0x0000008432100000,0x0000008432200000) (1024K)]
  0x0000025ce65444b0 JavaThread "Reference Handler"          daemon [_thread_blocked, id=20856, stack(0x0000008432500000,0x0000008432600000) (1024K)]
  0x0000025ce65452c0 JavaThread "Finalizer"                  daemon [_thread_blocked, id=8220, stack(0x0000008432600000,0x0000008432700000) (1024K)]
  0x0000025ce6546750 JavaThread "Signal Dispatcher"          daemon [_thread_blocked, id=20764, stack(0x0000008432700000,0x0000008432800000) (1024K)]
  0x0000025ce65471a0 JavaThread "Attach Listener"            daemon [_thread_blocked, id=15408, stack(0x0000008432800000,0x0000008432900000) (1024K)]
  0x0000025ce654a610 JavaThread "Service Thread"             daemon [_thread_blocked, id=19404, stack(0x0000008432900000,0x0000008432a00000) (1024K)]
  0x0000025ce654b060 JavaThread "Monitor Deflation Thread"   daemon [_thread_blocked, id=25716, stack(0x0000008432a00000,0x0000008432b00000) (1024K)]
=>0x0000025ce654be90 JavaThread "C2 CompilerThread0"         daemon [_thread_in_native, id=20656, stack(0x0000008432b00000,0x0000008432c00000) (1024K)]
  0x0000025ce6586fa0 JavaThread "C1 CompilerThread0"         daemon [_thread_blocked, id=2024, stack(0x0000008432c00000,0x0000008432d00000) (1024K)]
  0x0000025ce6630cc0 JavaThread "Common-Cleaner"             daemon [_thread_blocked, id=11568, stack(0x0000008432d00000,0x0000008432e00000) (1024K)]
  0x0000025ce6872670 JavaThread "Notification Thread"        daemon [_thread_blocked, id=21784, stack(0x0000008432f00000,0x0000008433000000) (1024K)]
  0x0000025cebaa0e50 JavaThread "Active Thread: Equinox Container: edf36291-773d-4edc-a8ae-89b7e4acd0ef"        [_thread_blocked, id=16300, stack(0x0000008433700000,0x0000008433800000) (1024K)]
  0x0000025ceb821c50 JavaThread "Framework Event Dispatcher: Equinox Container: edf36291-773d-4edc-a8ae-89b7e4acd0ef" daemon [_thread_blocked, id=12976, stack(0x0000008433800000,0x0000008433900000) (1024K)]
  0x0000025ceb823df0 JavaThread "Start Level: Equinox Container: edf36291-773d-4edc-a8ae-89b7e4acd0ef" daemon [_thread_in_native, id=26072, stack(0x0000008433900000,0x0000008433a00000) (1024K)]
  0x0000025ce6664b20 JavaThread "SCR Component Actor"        daemon [_thread_blocked, id=20276, stack(0x0000008432e00000,0x0000008432f00000) (1024K)]
  0x0000025ceba818c0 JavaThread "Worker-JM"                         [_thread_blocked, id=25924, stack(0x0000008433c00000,0x0000008433d00000) (1024K)]
  0x0000025cebcb13b0 JavaThread "Worker-0"                          [_thread_blocked, id=20200, stack(0x0000008433f00000,0x0000008434000000) (1024K)]
  0x0000025cebb240d0 JavaThread "Worker-1"                          [_thread_blocked, id=19876, stack(0x0000008434000000,0x0000008434100000) (1024K)]
  0x0000025cec9d4c70 JavaThread "Java indexing"              daemon [_thread_blocked, id=24948, stack(0x0000008433000000,0x0000008433100000) (1024K)]
Total: 19

Other Threads:
  0x0000025c8cc03ff0 VMThread "VM Thread"                           [id=2660, stack(0x0000008432400000,0x0000008432500000) (1024K)]
  0x0000025c8cafca00 WatcherThread "VM Periodic Task Thread"        [id=1880, stack(0x0000008432300000,0x0000008432400000) (1024K)]
  0x0000025c8cc8ce70 WorkerThread "GC Thread#0"                     [id=23532, stack(0x0000008432200000,0x0000008432300000) (1024K)]
  0x0000025ceb498db0 WorkerThread "GC Thread#1"                     [id=26660, stack(0x0000008433100000,0x0000008433200000) (1024K)]
  0x0000025ceb62a570 WorkerThread "GC Thread#2"                     [id=19196, stack(0x0000008433200000,0x0000008433300000) (1024K)]
  0x0000025ceb62a910 WorkerThread "GC Thread#3"                     [id=5208, stack(0x0000008433300000,0x0000008433400000) (1024K)]
  0x0000025ceb62acb0 WorkerThread "GC Thread#4"                     [id=27444, stack(0x0000008433400000,0x0000008433500000) (1024K)]
  0x0000025ceb1c86d0 WorkerThread "GC Thread#5"                     [id=26956, stack(0x0000008433500000,0x0000008433600000) (1024K)]
  0x0000025ceb1c8a70 WorkerThread "GC Thread#6"                     [id=21068, stack(0x0000008433600000,0x0000008433700000) (1024K)]
  0x0000025ceb924460 WorkerThread "GC Thread#7"                     [id=22672, stack(0x0000008433a00000,0x0000008433b00000) (1024K)]
  0x0000025cebb94610 WorkerThread "GC Thread#8"                     [id=22764, stack(0x0000008433d00000,0x0000008433e00000) (1024K)]
  0x0000025ceb7fb5f0 WorkerThread "GC Thread#9"                     [id=20828, stack(0x0000008433e00000,0x0000008433f00000) (1024K)]
Total: 12

Threads with active compile tasks:
C2 CompilerThread0  9345 2552       4       org.lombokweb.asm.ClassReader::readMethod (1070 bytes)
Total: 1

VM state: not at safepoint (normal execution)

VM Mutex/Monitor currently owned by a thread: None

Heap address: 0x0000000080000000, size: 2048 MB, Compressed Oops mode: 32-bit

CDS archive(s) mapped at: [0x0000025ca4000000-0x0000025ca4ba0000-0x0000025ca4ba0000), size 12189696, SharedBaseAddress: 0x0000025ca4000000, ArchiveRelocationMode: 1.
Compressed class space mapped at: 0x0000025ca5000000-0x0000025ce5000000, reserved size: 1073741824
Narrow klass base: 0x0000025ca4000000, Narrow klass shift: 0, Narrow klass range: 0x100000000

GC Precious Log:
 CardTable entry size: 512
 CPUs: 12 total, 12 available
 Memory: 16095M
 Large Page Support: Disabled
 NUMA Support: Disabled
 Compressed Oops: Enabled (32-bit)
 Alignments: Space 512K, Generation 512K, Heap 2M
 Heap Min Capacity: 100M
 Heap Initial Capacity: 100M
 Heap Max Capacity: 2G
 Pre-touch: Disabled
 Parallel Workers: 10

Heap:
 PSYoungGen      total 29696K, used 785K [0x00000000d5580000, 0x00000000d7b00000, 0x0000000100000000)
  eden space 24064K, 3% used [0x00000000d5580000,0x00000000d5644598,0x00000000d6d00000)
  from space 5632K, 0% used [0x00000000d7380000,0x00000000d7380000,0x00000000d7900000)
  to   space 6656K, 0% used [0x00000000d6d00000,0x00000000d6d00000,0x00000000d7380000)
 ParOldGen       total 68608K, used 10094K [0x0000000080000000, 0x0000000084300000, 0x00000000d5580000)
  object space 68608K, 14% used [0x0000000080000000,0x00000000809db850,0x0000000084300000)
 Metaspace       used 20955K, committed 21568K, reserved 1114112K
  class space    used 2008K, committed 2304K, reserved 1048576K

Card table byte_map: [0x0000025c8c610000,0x0000025c8ca20000] _byte_map_base: 0x0000025c8c210000

Marking Bits: (ParMarkBitMap*) 0x00007ff9197fa340
 Begin Bits: [0x0000025c9f110000, 0x0000025ca1110000)
 End Bits:   [0x0000025ca1110000, 0x0000025ca3110000)

Polling page: 0x0000025c8aaf0000

Metaspace:

Usage:
  Non-class:     18.50 MB used.
      Class:      1.96 MB used.
       Both:     20.46 MB used.

Virtual space:
  Non-class space:       64.00 MB reserved,      18.81 MB ( 29%) committed,  1 nodes.
      Class space:        1.00 GB reserved,       2.25 MB ( <1%) committed,  1 nodes.
             Both:        1.06 GB reserved,      21.06 MB (  2%) committed. 

Chunk freelists:
   Non-Class:  12.39 MB
       Class:  13.79 MB
        Both:  26.18 MB

MaxMetaspaceSize: unlimited
CompressedClassSpaceSize: 1.00 GB
Initial GC threshold: 21.00 MB
Current GC threshold: 35.00 MB
CDS: on
 - commit_granule_bytes: 65536.
 - commit_granule_words: 8192.
 - virtual_space_node_default_size: 8388608.
 - enlarge_chunks_in_place: 1.
 - use_allocation_guard: 0.


Internal statistics:

num_allocs_failed_limit: 3.
num_arena_births: 480.
num_arena_deaths: 14.
num_vsnodes_births: 2.
num_vsnodes_deaths: 0.
num_space_committed: 337.
num_space_uncommitted: 0.
num_chunks_returned_to_freelist: 17.
num_chunks_taken_from_freelist: 1265.
num_chunk_merges: 9.
num_chunk_splits: 824.
num_chunks_enlarged: 544.
num_inconsistent_stats: 0.

CodeHeap 'non-profiled nmethods': size=120000Kb used=1126Kb max_used=1126Kb free=118873Kb
 bounds [0x0000025c97930000, 0x0000025c97ba0000, 0x0000025c9ee60000]
CodeHeap 'profiled nmethods': size=120000Kb used=5357Kb max_used=5357Kb free=114642Kb
 bounds [0x0000025c8fe60000, 0x0000025c903a0000, 0x0000025c97390000]
CodeHeap 'non-nmethods': size=5760Kb used=1305Kb max_used=1326Kb free=4454Kb
 bounds [0x0000025c97390000, 0x0000025c97600000, 0x0000025c97930000]
CodeCache: size=245760Kb, used=7788Kb, max_used=7809Kb, free=237969Kb
 total_blobs=3255, nmethods=2669, adapters=492, full_count=0
Compilation: enabled, stopped_count=0, restarted_count=0

Compilation events (20 events):
Event: 8.245 Thread 0x0000025ce6586fa0 2670       3       java.lang.invoke.DirectMethodHandle::ensureInitialized (8 bytes)
Event: 8.246 Thread 0x0000025ce6586fa0 nmethod 2670 0x0000025c90394490 code [0x0000025c903946e0, 0x0000025c90394f78]
Event: 8.246 Thread 0x0000025ce6586fa0 2671       3       java.lang.invoke.DirectMethodHandle::ensureInitialized (23 bytes)
Event: 8.246 Thread 0x0000025ce6586fa0 nmethod 2671 0x0000025c90395290 code [0x0000025c903954c0, 0x0000025c90395c20]
Event: 8.246 Thread 0x0000025ce6586fa0 2665   !   3       jdk.internal.reflect.MethodHandleObjectFieldAccessorImpl::set (70 bytes)
Event: 8.248 Thread 0x0000025ce6586fa0 nmethod 2665 0x0000025c90395f10 code [0x0000025c903962c0, 0x0000025c90397db0]
Event: 8.248 Thread 0x0000025ce6586fa0 2666       3       jdk.internal.reflect.MethodHandleFieldAccessorImpl::ensureObj (30 bytes)
Event: 8.249 Thread 0x0000025ce6586fa0 nmethod 2666 0x0000025c90398890 code [0x0000025c90398aa0, 0x0000025c90399070]
Event: 8.249 Thread 0x0000025ce6586fa0 2667       3       jdk.internal.reflect.MethodHandleFieldAccessorImpl::isReadOnly (16 bytes)
Event: 8.249 Thread 0x0000025ce6586fa0 nmethod 2667 0x0000025c90399290 code [0x0000025c90399420, 0x0000025c90399588]
Event: 8.249 Thread 0x0000025ce6586fa0 2672       3       java.lang.invoke.DirectMethodHandle::checkInitialized (28 bytes)
Event: 8.250 Thread 0x0000025ce6586fa0 nmethod 2672 0x0000025c90399610 code [0x0000025c90399820, 0x0000025c90399cc0]
Event: 8.250 Thread 0x0000025ce6586fa0 2673       3       java.util.PropertyResourceBundle::handleGetObject (23 bytes)
Event: 8.251 Thread 0x0000025ce6586fa0 nmethod 2673 0x0000025c90399e90 code [0x0000025c9039a060, 0x0000025c9039a330]
Event: 8.251 Thread 0x0000025ce6586fa0 2675       3       java.util.EnumSet::typeCheck (59 bytes)
Event: 8.251 Thread 0x0000025ce6586fa0 nmethod 2675 0x0000025c9039a410 code [0x0000025c9039a6c0, 0x0000025c9039b0f0]
Event: 8.251 Thread 0x0000025ce6586fa0 2676       1       org.eclipse.core.internal.jobs.InternalJob::previous (5 bytes)
Event: 8.252 Thread 0x0000025ce6586fa0 nmethod 2676 0x0000025c97a48f90 code [0x0000025c97a49120, 0x0000025c97a491e8]
Event: 8.255 Thread 0x0000025ce6586fa0 2677       1       java.util.concurrent.atomic.AtomicReference::set (6 bytes)
Event: 8.255 Thread 0x0000025ce6586fa0 nmethod 2677 0x0000025c97a49290 code [0x0000025c97a49420, 0x0000025c97a49508]

GC Heap History (13 events):
Event: 0.837 GC heap before
{Heap before GC invocations=1 (full 0):
 PSYoungGen      total 29696K, used 25600K [0x00000000d5580000, 0x00000000d7680000, 0x0000000100000000)
  eden space 25600K, 100% used [0x00000000d5580000,0x00000000d6e80000,0x00000000d6e80000)
  from space 4096K, 0% used [0x00000000d7280000,0x00000000d7280000,0x00000000d7680000)
  to   space 4096K, 0% used [0x00000000d6e80000,0x00000000d6e80000,0x00000000d7280000)
 ParOldGen       total 68608K, used 0K [0x0000000080000000, 0x0000000084300000, 0x00000000d5580000)
  object space 68608K, 0% used [0x0000000080000000,0x0000000080000000,0x0000000084300000)
 Metaspace       used 4292K, committed 4544K, reserved 1114112K
  class space    used 470K, committed 576K, reserved 1048576K
}
Event: 0.841 GC heap after
{Heap after GC invocations=1 (full 0):
 PSYoungGen      total 29696K, used 3335K [0x00000000d5580000, 0x00000000d7680000, 0x0000000100000000)
  eden space 25600K, 0% used [0x00000000d5580000,0x00000000d5580000,0x00000000d6e80000)
  from space 4096K, 81% used [0x00000000d6e80000,0x00000000d71c1e18,0x00000000d7280000)
  to   space 4096K, 0% used [0x00000000d7280000,0x00000000d7280000,0x00000000d7680000)
 ParOldGen       total 68608K, used 16K [0x0000000080000000, 0x0000000084300000, 0x00000000d5580000)
  object space 68608K, 0% used [0x0000000080000000,0x0000000080004000,0x0000000084300000)
 Metaspace       used 4292K, committed 4544K, reserved 1114112K
  class space    used 470K, committed 576K, reserved 1048576K
}
Event: 1.616 GC heap before
{Heap before GC invocations=2 (full 0):
 PSYoungGen      total 29696K, used 28935K [0x00000000d5580000, 0x00000000d7680000, 0x0000000100000000)
  eden space 25600K, 100% used [0x00000000d5580000,0x00000000d6e80000,0x00000000d6e80000)
  from space 4096K, 81% used [0x00000000d6e80000,0x00000000d71c1e18,0x00000000d7280000)
  to   space 4096K, 0% used [0x00000000d7280000,0x00000000d7280000,0x00000000d7680000)
 ParOldGen       total 68608K, used 16K [0x0000000080000000, 0x0000000084300000, 0x00000000d5580000)
  object space 68608K, 0% used [0x0000000080000000,0x0000000080004000,0x0000000084300000)
 Metaspace       used 8160K, committed 8448K, reserved 1114112K
  class space    used 872K, committed 1024K, reserved 1048576K
}
Event: 1.620 GC heap after
{Heap after GC invocations=2 (full 0):
 PSYoungGen      total 29696K, used 4086K [0x00000000d5580000, 0x00000000d7680000, 0x0000000100000000)
  eden space 25600K, 0% used [0x00000000d5580000,0x00000000d5580000,0x00000000d6e80000)
  from space 4096K, 99% used [0x00000000d7280000,0x00000000d767d8a0,0x00000000d7680000)
  to   space 4096K, 0% used [0x00000000d6e80000,0x00000000d6e80000,0x00000000d7280000)
 ParOldGen       total 68608K, used 924K [0x0000000080000000, 0x0000000084300000, 0x00000000d5580000)
  object space 68608K, 1% used [0x0000000080000000,0x00000000800e7238,0x0000000084300000)
 Metaspace       used 8160K, committed 8448K, reserved 1114112K
  class space    used 872K, committed 1024K, reserved 1048576K
}
Event: 2.155 GC heap before
{Heap before GC invocations=3 (full 0):
 PSYoungGen      total 29696K, used 29686K [0x00000000d5580000, 0x00000000d7680000, 0x0000000100000000)
  eden space 25600K, 100% used [0x00000000d5580000,0x00000000d6e80000,0x00000000d6e80000)
  from space 4096K, 99% used [0x00000000d7280000,0x00000000d767d8a0,0x00000000d7680000)
  to   space 4096K, 0% used [0x00000000d6e80000,0x00000000d6e80000,0x00000000d7280000)
 ParOldGen       total 68608K, used 924K [0x0000000080000000, 0x0000000084300000, 0x00000000d5580000)
  object space 68608K, 1% used [0x0000000080000000,0x00000000800e7238,0x0000000084300000)
 Metaspace       used 13013K, committed 13504K, reserved 1114112K
  class space    used 1380K, committed 1600K, reserved 1048576K
}
Event: 2.158 GC heap after
{Heap after GC invocations=3 (full 0):
 PSYoungGen      total 29696K, used 4070K [0x00000000d5580000, 0x00000000d7680000, 0x0000000100000000)
  eden space 25600K, 0% used [0x00000000d5580000,0x00000000d5580000,0x00000000d6e80000)
  from space 4096K, 99% used [0x00000000d6e80000,0x00000000d7279858,0x00000000d7280000)
  to   space 4096K, 0% used [0x00000000d7280000,0x00000000d7280000,0x00000000d7680000)
 ParOldGen       total 68608K, used 2700K [0x0000000080000000, 0x0000000084300000, 0x00000000d5580000)
  object space 68608K, 3% used [0x0000000080000000,0x00000000802a3048,0x0000000084300000)
 Metaspace       used 13013K, committed 13504K, reserved 1114112K
  class space    used 1380K, committed 1600K, reserved 1048576K
}
Event: 3.595 GC heap before
{Heap before GC invocations=4 (full 0):
 PSYoungGen      total 29696K, used 29670K [0x00000000d5580000, 0x00000000d7680000, 0x0000000100000000)
  eden space 25600K, 100% used [0x00000000d5580000,0x00000000d6e80000,0x00000000d6e80000)
  from space 4096K, 99% used [0x00000000d6e80000,0x00000000d7279858,0x00000000d7280000)
  to   space 4096K, 0% used [0x00000000d7280000,0x00000000d7280000,0x00000000d7680000)
 ParOldGen       total 68608K, used 2700K [0x0000000080000000, 0x0000000084300000, 0x00000000d5580000)
  object space 68608K, 3% used [0x0000000080000000,0x00000000802a3048,0x0000000084300000)
 Metaspace       used 15935K, committed 16512K, reserved 1114112K
  class space    used 1658K, committed 1920K, reserved 1048576K
}
Event: 3.600 GC heap after
{Heap after GC invocations=4 (full 0):
 PSYoungGen      total 29696K, used 4090K [0x00000000d5580000, 0x00000000d7680000, 0x0000000100000000)
  eden space 25600K, 0% used [0x00000000d5580000,0x00000000d5580000,0x00000000d6e80000)
  from space 4096K, 99% used [0x00000000d7280000,0x00000000d767e880,0x00000000d7680000)
  to   space 4096K, 0% used [0x00000000d6e80000,0x00000000d6e80000,0x00000000d7280000)
 ParOldGen       total 68608K, used 5097K [0x0000000080000000, 0x0000000084300000, 0x00000000d5580000)
  object space 68608K, 7% used [0x0000000080000000,0x00000000804fa470,0x0000000084300000)
 Metaspace       used 15935K, committed 16512K, reserved 1114112K
  class space    used 1658K, committed 1920K, reserved 1048576K
}
Event: 6.989 GC heap before
{Heap before GC invocations=5 (full 0):
 PSYoungGen      total 29696K, used 29690K [0x00000000d5580000, 0x00000000d7680000, 0x0000000100000000)
  eden space 25600K, 100% used [0x00000000d5580000,0x00000000d6e80000,0x00000000d6e80000)
  from space 4096K, 99% used [0x00000000d7280000,0x00000000d767e880,0x00000000d7680000)
  to   space 4096K, 0% used [0x00000000d6e80000,0x00000000d6e80000,0x00000000d7280000)
 ParOldGen       total 68608K, used 5097K [0x0000000080000000, 0x0000000084300000, 0x00000000d5580000)
  object space 68608K, 7% used [0x0000000080000000,0x00000000804fa470,0x0000000084300000)
 Metaspace       used 20112K, committed 20672K, reserved 1114112K
  class space    used 1961K, committed 2240K, reserved 1048576K
}
Event: 7.017 GC heap after
{Heap after GC invocations=5 (full 0):
 PSYoungGen      total 29184K, used 4078K [0x00000000d5580000, 0x00000000d7900000, 0x0000000100000000)
  eden space 25088K, 0% used [0x00000000d5580000,0x00000000d5580000,0x00000000d6e00000)
  from space 4096K, 99% used [0x00000000d6e80000,0x00000000d727b860,0x00000000d7280000)
  to   space 5632K, 0% used [0x00000000d7380000,0x00000000d7380000,0x00000000d7900000)
 ParOldGen       total 68608K, used 5460K [0x0000000080000000, 0x0000000084300000, 0x00000000d5580000)
  object space 68608K, 7% used [0x0000000080000000,0x0000000080555388,0x0000000084300000)
 Metaspace       used 20112K, committed 20672K, reserved 1114112K
  class space    used 1961K, committed 2240K, reserved 1048576K
}
Event: 8.260 GC heap before
{Heap before GC invocations=6 (full 0):
 PSYoungGen      total 29184K, used 23748K [0x00000000d5580000, 0x00000000d7900000, 0x0000000100000000)
  eden space 25088K, 78% used [0x00000000d5580000,0x00000000d68b5b88,0x00000000d6e00000)
  from space 4096K, 99% used [0x00000000d6e80000,0x00000000d727b860,0x00000000d7280000)
  to   space 5632K, 0% used [0x00000000d7380000,0x00000000d7380000,0x00000000d7900000)
 ParOldGen       total 68608K, used 5460K [0x0000000080000000, 0x0000000084300000, 0x00000000d5580000)
  object space 68608K, 7% used [0x0000000080000000,0x0000000080555388,0x0000000084300000)
 Metaspace       used 20888K, committed 21504K, reserved 1114112K
  class space    used 2007K, committed 2304K, reserved 1048576K
}
Event: 8.265 GC heap after
{Heap after GC invocations=6 (full 0):
 PSYoungGen      total 29696K, used 5617K [0x00000000d5580000, 0x00000000d7b00000, 0x0000000100000000)
  eden space 24064K, 0% used [0x00000000d5580000,0x00000000d5580000,0x00000000d6d00000)
  from space 5632K, 99% used [0x00000000d7380000,0x00000000d78fc7c0,0x00000000d7900000)
  to   space 6656K, 0% used [0x00000000d6d00000,0x00000000d6d00000,0x00000000d7380000)
 ParOldGen       total 68608K, used 5978K [0x0000000080000000, 0x0000000084300000, 0x00000000d5580000)
  object space 68608K, 8% used [0x0000000080000000,0x00000000805d6b60,0x0000000084300000)
 Metaspace       used 20888K, committed 21504K, reserved 1114112K
  class space    used 2007K, committed 2304K, reserved 1048576K
}
Event: 8.265 GC heap before
{Heap before GC invocations=7 (full 1):
 PSYoungGen      total 29696K, used 5617K [0x00000000d5580000, 0x00000000d7b00000, 0x0000000100000000)
  eden space 24064K, 0% used [0x00000000d5580000,0x00000000d5580000,0x00000000d6d00000)
  from space 5632K, 99% used [0x00000000d7380000,0x00000000d78fc7c0,0x00000000d7900000)
  to   space 6656K, 0% used [0x00000000d6d00000,0x00000000d6d00000,0x00000000d7380000)
 ParOldGen       total 68608K, used 5978K [0x0000000080000000, 0x0000000084300000, 0x00000000d5580000)
  object space 68608K, 8% used [0x0000000080000000,0x00000000805d6b60,0x0000000084300000)
 Metaspace       used 20888K, committed 21504K, reserved 1114112K
  class space    used 2007K, committed 2304K, reserved 1048576K
}

Dll operation events (9 events):
Event: 0.009 Loaded shared library c:\Users\Shaik\.vscode\extensions\redhat.java-1.46.0-win32-x64\jre\21.0.8-win32-x86_64\bin\java.dll
Event: 0.072 Loaded shared library c:\Users\Shaik\.vscode\extensions\redhat.java-1.46.0-win32-x64\jre\21.0.8-win32-x86_64\bin\zip.dll
Event: 0.094 Loaded shared library C:\Users\Shaik\.vscode\extensions\redhat.java-1.46.0-win32-x64\jre\21.0.8-win32-x86_64\bin\instrument.dll
Event: 0.098 Loaded shared library C:\Users\Shaik\.vscode\extensions\redhat.java-1.46.0-win32-x64\jre\21.0.8-win32-x86_64\bin\net.dll
Event: 0.100 Loaded shared library C:\Users\Shaik\.vscode\extensions\redhat.java-1.46.0-win32-x64\jre\21.0.8-win32-x86_64\bin\nio.dll
Event: 0.105 Loaded shared library C:\Users\Shaik\.vscode\extensions\redhat.java-1.46.0-win32-x64\jre\21.0.8-win32-x86_64\bin\zip.dll
Event: 0.129 Loaded shared library C:\Users\Shaik\.vscode\extensions\redhat.java-1.46.0-win32-x64\jre\21.0.8-win32-x86_64\bin\jimage.dll
Event: 0.216 Loaded shared library c:\Users\Shaik\.vscode\extensions\redhat.java-1.46.0-win32-x64\jre\21.0.8-win32-x86_64\bin\verify.dll
Event: 1.595 Loaded shared library C:\Users\Shaik\AppData\Roaming\Code\User\globalStorage\redhat.java\1.46.0\config_ss_win\org.eclipse.equinox.launcher\org.eclipse.equinox.launcher.win32.win32.x86_64_1.2.1400.v20250801-0854\eclipse_11916.dll

Deoptimization events (20 events):
Event: 3.462 Thread 0x0000025ceb823df0 DEOPT PACKING pc=0x0000025c97a19a14 sp=0x00000084339f3080
Event: 3.462 Thread 0x0000025ceb823df0 DEOPT UNPACKING pc=0x0000025c973e3aa2 sp=0x00000084339f3028 mode 2
Event: 3.552 Thread 0x0000025ceb823df0 DEOPT PACKING pc=0x0000025c9022f0d6 sp=0x00000084339f4e40
Event: 3.552 Thread 0x0000025ceb823df0 DEOPT UNPACKING pc=0x0000025c973e4242 sp=0x00000084339f4350 mode 0
Event: 4.740 Thread 0x0000025ceb823df0 DEOPT PACKING pc=0x0000025c8ff118b9 sp=0x00000084339f06f0
Event: 4.740 Thread 0x0000025ceb823df0 DEOPT UNPACKING pc=0x0000025c973e4242 sp=0x00000084339efbf0 mode 0
Event: 4.812 Thread 0x0000025ceb823df0 Uncommon trap: trap_request=0xffffff45 fr.pc=0x0000025c97a390ec relative=0x000000000000014c
Event: 4.812 Thread 0x0000025ceb823df0 Uncommon trap: reason=unstable_if action=reinterpret pc=0x0000025c97a390ec method=org.lombokweb.asm.ByteVector.putByteArray([BII)Lorg/lombokweb/asm/ByteVector; @ 20 c2
Event: 4.812 Thread 0x0000025ceb823df0 DEOPT PACKING pc=0x0000025c97a390ec sp=0x00000084339eeaf0
Event: 4.812 Thread 0x0000025ceb823df0 DEOPT UNPACKING pc=0x0000025c973e3aa2 sp=0x00000084339eeac0 mode 2
Event: 4.812 Thread 0x0000025ceb823df0 Uncommon trap: trap_request=0xffffff45 fr.pc=0x0000025c97a37b24 relative=0x0000000000000364
Event: 4.812 Thread 0x0000025ceb823df0 Uncommon trap: reason=unstable_if action=reinterpret pc=0x0000025c97a37b24 method=org.lombokweb.asm.Label.resolve([BLorg/lombokweb/asm/ByteVector;I)Z @ 81 c2
Event: 4.812 Thread 0x0000025ceb823df0 DEOPT PACKING pc=0x0000025c97a37b24 sp=0x00000084339eeb80
Event: 4.812 Thread 0x0000025ceb823df0 DEOPT UNPACKING pc=0x0000025c973e3aa2 sp=0x00000084339eea88 mode 2
Event: 8.230 Thread 0x0000025ceb823df0 DEOPT PACKING pc=0x0000025c8ff83ca6 sp=0x00000084339f7d80
Event: 8.230 Thread 0x0000025ceb823df0 DEOPT UNPACKING pc=0x0000025c973e4242 sp=0x00000084339f7278 mode 0
Event: 8.230 Thread 0x0000025ceb823df0 DEOPT PACKING pc=0x0000025c8ff83ca6 sp=0x00000084339f7d80
Event: 8.230 Thread 0x0000025ceb823df0 DEOPT UNPACKING pc=0x0000025c973e4242 sp=0x00000084339f7278 mode 0
Event: 8.231 Thread 0x0000025ceb823df0 DEOPT PACKING pc=0x0000025c8ff83ca6 sp=0x00000084339f7d80
Event: 8.231 Thread 0x0000025ceb823df0 DEOPT UNPACKING pc=0x0000025c973e4242 sp=0x00000084339f7278 mode 0

Classes loaded (20 events):
Event: 3.506 Loading class java/io/StringReader
Event: 3.506 Loading class java/io/StringReader done
Event: 3.510 Loading class java/util/zip/GZIPInputStream
Event: 3.511 Loading class java/util/zip/GZIPInputStream done
Event: 3.515 Loading class java/net/SocketTimeoutException
Event: 3.516 Loading class java/io/InterruptedIOException
Event: 3.516 Loading class java/io/InterruptedIOException done
Event: 3.516 Loading class java/net/SocketTimeoutException done
Event: 3.516 Loading class java/net/SocketException
Event: 3.517 Loading class java/net/SocketException done
Event: 3.517 Loading class java/net/UnknownHostException
Event: 3.517 Loading class java/net/UnknownHostException done
Event: 3.517 Loading class java/net/ProtocolException
Event: 3.517 Loading class java/net/ProtocolException done
Event: 3.538 Loading class java/lang/ThreadLocal$SuppliedThreadLocal
Event: 3.538 Loading class java/lang/ThreadLocal$SuppliedThreadLocal done
Event: 3.552 Loading class java/io/FileWriter
Event: 3.552 Loading class java/io/FileWriter done
Event: 3.552 Loading class java/lang/NegativeArraySizeException
Event: 3.552 Loading class java/lang/NegativeArraySizeException done

Classes unloaded (7 events):
Event: 8.270 Thread 0x0000025c8cc03ff0 Unloading class 0x0000025ca518cc00 'java/lang/invoke/LambdaForm$MH+0x0000025ca518cc00'
Event: 8.270 Thread 0x0000025c8cc03ff0 Unloading class 0x0000025ca518c800 'java/lang/invoke/LambdaForm$MH+0x0000025ca518c800'
Event: 8.270 Thread 0x0000025c8cc03ff0 Unloading class 0x0000025ca518c400 'java/lang/invoke/LambdaForm$MH+0x0000025ca518c400'
Event: 8.270 Thread 0x0000025c8cc03ff0 Unloading class 0x0000025ca518c000 'java/lang/invoke/LambdaForm$MH+0x0000025ca518c000'
Event: 8.270 Thread 0x0000025c8cc03ff0 Unloading class 0x0000025ca518bc00 'java/lang/invoke/LambdaForm$BMH+0x0000025ca518bc00'
Event: 8.270 Thread 0x0000025c8cc03ff0 Unloading class 0x0000025ca518b800 'java/lang/invoke/LambdaForm$DMH+0x0000025ca518b800'
Event: 8.270 Thread 0x0000025c8cc03ff0 Unloading class 0x0000025ca518a400 'java/lang/invoke/LambdaForm$DMH+0x0000025ca518a400'

Classes redefined (0 events):
No events

Internal exceptions (20 events):
Event: 2.204 Thread 0x0000025ceb823df0 Exception <a 'java/io/FileNotFoundException'{0x00000000d57678c8}> (0x00000000d57678c8) 
thrown [s\src\hotspot\share\prims\jni.cpp, line 520]
Event: 2.205 Thread 0x0000025ceb823df0 Exception <a 'java/io/FileNotFoundException'{0x00000000d576ed90}> (0x00000000d576ed90) 
thrown [s\src\hotspot\share\prims\jni.cpp, line 520]
Event: 2.321 Thread 0x0000025ceb823df0 Exception <a 'java/lang/NoSuchMethodError'{0x00000000d5d05680}: 'java.lang.Object java.lang.invoke.DirectMethodHandle$Holder.newInvokeSpecial(java.lang.Object, java.lang.Object, java.lang.Object, java.lang.Object, java.lang.Object)'> (0x00000000d5d05680) 
thrown [s\src\hotspot\share\interpreter\linkResolver.cpp, line 773]
Event: 2.334 Thread 0x0000025ceb823df0 Exception <a 'java/lang/NoSuchMethodError'{0x00000000d5de3b20}: 'java.lang.Object java.lang.invoke.DirectMethodHandle$Holder.invokeSpecial(java.lang.Object, java.lang.Object, java.lang.Object, long, java.lang.Object)'> (0x00000000d5de3b20) 
thrown [s\src\hotspot\share\interpreter\linkResolver.cpp, line 773]
Event: 2.335 Thread 0x0000025ceb823df0 Exception <a 'java/lang/NoSuchMethodError'{0x00000000d5deb368}: 'java.lang.Object java.lang.invoke.DirectMethodHandle$Holder.newInvokeSpecial(java.lang.Object, java.lang.Object, java.lang.Object, long)'> (0x00000000d5deb368) 
thrown [s\src\hotspot\share\interpreter\linkResolver.cpp, line 773]
Event: 2.335 Thread 0x0000025ceb823df0 Exception <a 'java/lang/NoSuchMethodError'{0x00000000d5def758}: 'java.lang.Object java.lang.invoke.DirectMethodHandle$Holder.invokeSpecial(java.lang.Object, java.lang.Object, java.lang.Object, java.lang.Object, long)'> (0x00000000d5def758) 
thrown [s\src\hotspot\share\interpreter\linkResolver.cpp, line 773]
Event: 2.335 Thread 0x0000025ceb823df0 Exception <a 'java/lang/NoSuchMethodError'{0x00000000d5df3378}: 'java.lang.Object java.lang.invoke.Invokers$Holder.linkToTargetMethod(java.lang.Object, java.lang.Object, long, java.lang.Object)'> (0x00000000d5df3378) 
thrown [s\src\hotspot\share\interpreter\linkResolver.cpp, line 773]
Event: 2.344 Thread 0x0000025ceb823df0 Exception <a 'java/lang/NoSuchMethodError'{0x00000000d5e654b0}: 'int java.lang.invoke.DirectMethodHandle$Holder.invokeStaticInit(java.lang.Object, java.lang.Object, java.lang.Object)'> (0x00000000d5e654b0) 
thrown [s\src\hotspot\share\interpreter\linkResolver.cpp, line 773]
Event: 2.354 Thread 0x0000025ceb823df0 Exception <a 'java/lang/IncompatibleClassChangeError'{0x00000000d5ef4d98}: Found class java.lang.Object, but interface was expected> (0x00000000d5ef4d98) 
thrown [s\src\hotspot\share\interpreter\linkResolver.cpp, line 840]
Event: 2.355 Thread 0x0000025ceb823df0 Exception <a 'java/lang/NoSuchMethodError'{0x00000000d5ef88e0}: 'java.lang.Object java.lang.invoke.DirectMethodHandle$Holder.invokeSpecial(java.lang.Object, java.lang.Object, java.lang.Object, int, java.lang.Object, java.lang.Object)'> (0x00000000d5ef88e0) 
thrown [s\src\hotspot\share\interpreter\linkResolver.cpp, line 773]
Event: 2.355 Thread 0x0000025ceb823df0 Exception <a 'java/lang/NoSuchMethodError'{0x00000000d5f0e480}: 'java.lang.Object java.lang.invoke.DirectMethodHandle$Holder.newInvokeSpecial(java.lang.Object, java.lang.Object, java.lang.Object, int, java.lang.Object)'> (0x00000000d5f0e480) 
thrown [s\src\hotspot\share\interpreter\linkResolver.cpp, line 773]
Event: 2.355 Thread 0x0000025ceb823df0 Exception <a 'java/lang/NoSuchMethodError'{0x00000000d5f12440}: 'java.lang.Object java.lang.invoke.DirectMethodHandle$Holder.invokeSpecial(java.lang.Object, java.lang.Object, java.lang.Object, java.lang.Object, int, java.lang.Object)'> (0x00000000d5f12440) 
thrown [s\src\hotspot\share\interpreter\linkResolver.cpp, line 773]
Event: 2.355 Thread 0x0000025ceb823df0 Exception <a 'java/lang/NoSuchMethodError'{0x00000000d5f15f80}: 'java.lang.Object java.lang.invoke.Invokers$Holder.linkToTargetMethod(java.lang.Object, java.lang.Object, int, java.lang.Object, java.lang.Object)'> (0x00000000d5f15f80) 
thrown [s\src\hotspot\share\interpreter\linkResolver.cpp, line 773]
Event: 3.369 Thread 0x0000025cebcb13b0 Exception <a 'java/lang/NoSuchMethodError'{0x00000000d5e303d0}: 'java.lang.Object java.lang.invoke.DirectMethodHandle$Holder.invokeSpecial(java.lang.Object, java.lang.Object, int, java.lang.Object, java.lang.Object)'> (0x00000000d5e303d0) 
thrown [s\src\hotspot\share\interpreter\linkResolver.cpp, line 773]
Event: 3.369 Thread 0x0000025cebcb13b0 Exception <a 'java/lang/NoSuchMethodError'{0x00000000d5e37108}: 'java.lang.Object java.lang.invoke.DirectMethodHandle$Holder.newInvokeSpecial(java.lang.Object, java.lang.Object, int, java.lang.Object)'> (0x00000000d5e37108) 
thrown [s\src\hotspot\share\interpreter\linkResolver.cpp, line 773]
Event: 3.370 Thread 0x0000025cebcb13b0 Exception <a 'java/lang/NoSuchMethodError'{0x00000000d5e3aa28}: 'java.lang.Object java.lang.invoke.DirectMethodHandle$Holder.invokeSpecial(java.lang.Object, java.lang.Object, java.lang.Object, int, java.lang.Object)'> (0x00000000d5e3aa28) 
thrown [s\src\hotspot\share\interpreter\linkResolver.cpp, line 773]
Event: 3.371 Thread 0x0000025ceb823df0 Exception <a 'java/lang/NoSuchMethodError'{0x00000000d60421f0}: 'void java.lang.invoke.DirectMethodHandle$Holder.invokeSpecial(java.lang.Object, java.lang.Object, java.lang.Object, java.lang.Object, java.lang.Object)'> (0x00000000d60421f0) 
thrown [s\src\hotspot\share\interpreter\linkResolver.cpp, line 773]
Event: 3.425 Thread 0x0000025ceb823df0 Exception <a 'java/lang/NoSuchMethodError'{0x00000000d6262a88}: 'double java.lang.invoke.DirectMethodHandle$Holder.invokeStatic(java.lang.Object, java.lang.Object)'> (0x00000000d6262a88) 
thrown [s\src\hotspot\share\interpreter\linkResolver.cpp, line 773]
Event: 3.425 Thread 0x0000025ceb823df0 Exception <a 'java/lang/NoSuchMethodError'{0x00000000d6266148}: 'double java.lang.invoke.DirectMethodHandle$Holder.invokeStaticInit(java.lang.Object, java.lang.Object)'> (0x00000000d6266148) 
thrown [s\src\hotspot\share\interpreter\linkResolver.cpp, line 773]
Event: 4.812 Thread 0x0000025ceb823df0 Implicit null exception at 0x0000025c97a38ff5 to 0x0000025c97a390d0

ZGC Phase Switch (0 events):
No events

VM Operations (20 events):
Event: 2.158 Executing VM operation: ParallelGCFailedAllocation (Allocation Failure) done
Event: 2.228 Executing VM operation: HandshakeAllThreads (Deoptimize)
Event: 2.228 Executing VM operation: HandshakeAllThreads (Deoptimize) done
Event: 2.236 Executing VM operation: HandshakeAllThreads (Deoptimize)
Event: 2.236 Executing VM operation: HandshakeAllThreads (Deoptimize) done
Event: 2.254 Executing VM operation: HandshakeAllThreads (Deoptimize)
Event: 2.254 Executing VM operation: HandshakeAllThreads (Deoptimize) done
Event: 3.261 Executing VM operation: Cleanup
Event: 3.368 Executing VM operation: Cleanup done
Event: 3.595 Executing VM operation: ParallelGCFailedAllocation (Allocation Failure)
Event: 3.600 Executing VM operation: ParallelGCFailedAllocation (Allocation Failure) done
Event: 5.605 Executing VM operation: Cleanup
Event: 5.859 Executing VM operation: Cleanup done
Event: 6.860 Executing VM operation: Cleanup
Event: 6.860 Executing VM operation: Cleanup done
Event: 6.989 Executing VM operation: ParallelGCFailedAllocation (Allocation Failure)
Event: 7.017 Executing VM operation: ParallelGCFailedAllocation (Allocation Failure) done
Event: 8.022 Executing VM operation: Cleanup
Event: 8.221 Executing VM operation: Cleanup done
Event: 8.260 Executing VM operation: CollectForMetadataAllocation (Metadata GC Threshold)

Memory protections (0 events):
No events

Nmethod flushes (0 events):
No events

Events (20 events):
Event: 0.331 Thread 0x0000025c8cc6e800 Thread added: 0x0000025ce6872670
Event: 0.436 Thread 0x0000025ce6586fa0 Thread added: 0x0000025ce69350d0
Event: 0.978 Thread 0x0000025ce69350d0 Thread exited: 0x0000025ce69350d0
Event: 1.066 Thread 0x0000025ce6586fa0 Thread added: 0x0000025ceb951420
Event: 1.385 Thread 0x0000025c8cc6e800 Thread added: 0x0000025cebaa0e50
Event: 1.584 Thread 0x0000025c8cc6e800 Thread added: 0x0000025ceb821c50
Event: 1.588 Thread 0x0000025c8cc6e800 Thread added: 0x0000025ceb823df0
Event: 1.710 Thread 0x0000025ceb951420 Thread exited: 0x0000025ceb951420
Event: 1.727 Thread 0x0000025ce6664b20 Thread exited: 0x0000025ce6664b20
Event: 1.732 Thread 0x0000025ceb823df0 Thread added: 0x0000025ce6664b20
Event: 1.826 Thread 0x0000025ce6586fa0 Thread added: 0x0000025ceb70ed80
Event: 1.826 Thread 0x0000025ce6586fa0 Thread added: 0x0000025ceb753b50
Event: 2.059 Thread 0x0000025ceb823df0 Thread added: 0x0000025ceba818c0
Event: 2.338 Thread 0x0000025ceb823df0 Thread added: 0x0000025cebcb13b0
Event: 2.356 Thread 0x0000025ceb823df0 Thread added: 0x0000025cebb240d0
Event: 3.368 Thread 0x0000025ceb753b50 Thread exited: 0x0000025ceb753b50
Event: 3.368 Thread 0x0000025ceb70ed80 Thread exited: 0x0000025ceb70ed80
Event: 3.589 Thread 0x0000025ce6586fa0 Thread added: 0x0000025cebd8c6f0
Event: 8.229 Thread 0x0000025cebd8c6f0 Thread exited: 0x0000025cebd8c6f0
Event: 8.250 Thread 0x0000025ceb823df0 Thread added: 0x0000025cec9d4c70


Dynamic libraries:
0x00007ff615f30000 - 0x00007ff615f3e000 	c:\Users\Shaik\.vscode\extensions\redhat.java-1.46.0-win32-x64\jre\21.0.8-win32-x86_64\bin\java.exe
0x00007ff9dc220000 - 0x00007ff9dc489000 	C:\WINDOWS\SYSTEM32\ntdll.dll
0x00007ff9dc110000 - 0x00007ff9dc1d9000 	C:\WINDOWS\System32\KERNEL32.DLL
0x00007ff9d9940000 - 0x00007ff9d9d33000 	C:\WINDOWS\System32\KERNELBASE.dll
0x00007ff9d9480000 - 0x00007ff9d95cb000 	C:\WINDOWS\System32\ucrtbase.dll
0x00007ff99abe0000 - 0x00007ff99abf8000 	c:\Users\Shaik\.vscode\extensions\redhat.java-1.46.0-win32-x64\jre\21.0.8-win32-x86_64\bin\jli.dll
0x00007ff9dbb60000 - 0x00007ff9dbd24000 	C:\WINDOWS\System32\USER32.dll
0x00007ff9d93b0000 - 0x00007ff9d93d7000 	C:\WINDOWS\System32\win32u.dll
0x00007ff9dbe20000 - 0x00007ff9dbe4b000 	C:\WINDOWS\System32\GDI32.dll
0x00007ff997d30000 - 0x00007ff997d4e000 	c:\Users\Shaik\.vscode\extensions\redhat.java-1.46.0-win32-x64\jre\21.0.8-win32-x86_64\bin\VCRUNTIME140.dll
0x00007ff9d9690000 - 0x00007ff9d97bd000 	C:\WINDOWS\System32\gdi32full.dll
0x00007ff9d9f40000 - 0x00007ff9d9fe3000 	C:\WINDOWS\System32\msvcp_win.dll
0x00007ff9b4670000 - 0x00007ff9b4903000 	C:\WINDOWS\WinSxS\amd64_microsoft.windows.common-controls_6595b64144ccf1df_6.0.26100.5074_none_3e0d6f78e32fd63f\COMCTL32.dll
0x00007ff9da9d0000 - 0x00007ff9daa79000 	C:\WINDOWS\System32\msvcrt.dll
0x00007ff9db690000 - 0x00007ff9db6bf000 	C:\WINDOWS\System32\IMM32.DLL
0x00007ff9b28a0000 - 0x00007ff9b28ac000 	c:\Users\Shaik\.vscode\extensions\redhat.java-1.46.0-win32-x64\jre\21.0.8-win32-x86_64\bin\vcruntime140_1.dll
0x00007ff97ffd0000 - 0x00007ff98005d000 	c:\Users\Shaik\.vscode\extensions\redhat.java-1.46.0-win32-x64\jre\21.0.8-win32-x86_64\bin\msvcp140.dll
0x00007ff918b40000 - 0x00007ff9198d7000 	c:\Users\Shaik\.vscode\extensions\redhat.java-1.46.0-win32-x64\jre\21.0.8-win32-x86_64\bin\server\jvm.dll
0x00007ff9da410000 - 0x00007ff9da4c4000 	C:\WINDOWS\System32\ADVAPI32.dll
0x00007ff9da110000 - 0x00007ff9da1b6000 	C:\WINDOWS\System32\sechost.dll
0x00007ff9d9ff0000 - 0x00007ff9da108000 	C:\WINDOWS\System32\RPCRT4.dll
0x00007ff9dae20000 - 0x00007ff9dae94000 	C:\WINDOWS\System32\WS2_32.dll
0x00007ff9cd250000 - 0x00007ff9cd285000 	C:\WINDOWS\SYSTEM32\WINMM.dll
0x00007ff9c4610000 - 0x00007ff9c461b000 	C:\WINDOWS\SYSTEM32\VERSION.dll
0x00007ff9d9210000 - 0x00007ff9d926e000 	C:\WINDOWS\SYSTEM32\POWRPROF.dll
0x00007ff9d91f0000 - 0x00007ff9d9204000 	C:\WINDOWS\SYSTEM32\UMPDC.dll
0x00007ff9d80f0000 - 0x00007ff9d810b000 	C:\WINDOWS\SYSTEM32\kernel.appcore.dll
0x00007ff9af030000 - 0x00007ff9af03a000 	c:\Users\Shaik\.vscode\extensions\redhat.java-1.46.0-win32-x64\jre\21.0.8-win32-x86_64\bin\jimage.dll
0x00007ff9d6b90000 - 0x00007ff9d6dd2000 	C:\WINDOWS\SYSTEM32\DBGHELP.DLL
0x00007ff9da4d0000 - 0x00007ff9da84b000 	C:\WINDOWS\System32\combase.dll
0x00007ff9daa80000 - 0x00007ff9dab57000 	C:\WINDOWS\System32\OLEAUT32.dll
0x00007ff9b27d0000 - 0x00007ff9b280d000 	C:\WINDOWS\SYSTEM32\dbgcore.DLL
0x00007ff9d93e0000 - 0x00007ff9d9479000 	C:\WINDOWS\System32\bcryptPrimitives.dll
0x00007ff9a9e20000 - 0x00007ff9a9e2f000 	c:\Users\Shaik\.vscode\extensions\redhat.java-1.46.0-win32-x64\jre\21.0.8-win32-x86_64\bin\instrument.dll
0x00007ff9905f0000 - 0x00007ff99060f000 	c:\Users\Shaik\.vscode\extensions\redhat.java-1.46.0-win32-x64\jre\21.0.8-win32-x86_64\bin\java.dll
0x00007ff9daea0000 - 0x00007ff9db5ed000 	C:\WINDOWS\System32\SHELL32.dll
0x00007ff9d9d40000 - 0x00007ff9d9eac000 	C:\WINDOWS\System32\wintypes.dll
0x00007ff9d6fe0000 - 0x00007ff9d7839000 	C:\WINDOWS\SYSTEM32\windows.storage.dll
0x00007ff9da8d0000 - 0x00007ff9da9c0000 	C:\WINDOWS\System32\SHCORE.dll
0x00007ff9dabf0000 - 0x00007ff9dac52000 	C:\WINDOWS\System32\shlwapi.dll
0x00007ff9d92d0000 - 0x00007ff9d92f9000 	C:\WINDOWS\SYSTEM32\profapi.dll
0x00007ff990380000 - 0x00007ff990398000 	c:\Users\Shaik\.vscode\extensions\redhat.java-1.46.0-win32-x64\jre\21.0.8-win32-x86_64\bin\zip.dll
0x00007ff9a8da0000 - 0x00007ff9a8db0000 	C:\Users\Shaik\.vscode\extensions\redhat.java-1.46.0-win32-x64\jre\21.0.8-win32-x86_64\bin\net.dll
0x00007ff9cf2d0000 - 0x00007ff9cf3ef000 	C:\WINDOWS\SYSTEM32\WINHTTP.dll
0x00007ff9d8710000 - 0x00007ff9d877b000 	C:\WINDOWS\system32\mswsock.dll
0x00007ff9905b0000 - 0x00007ff9905c6000 	C:\Users\Shaik\.vscode\extensions\redhat.java-1.46.0-win32-x64\jre\21.0.8-win32-x86_64\bin\nio.dll
0x00007ff9a8a40000 - 0x00007ff9a8a50000 	c:\Users\Shaik\.vscode\extensions\redhat.java-1.46.0-win32-x64\jre\21.0.8-win32-x86_64\bin\verify.dll
0x00007ff988370000 - 0x00007ff9883b4000 	C:\Users\Shaik\AppData\Roaming\Code\User\globalStorage\redhat.java\1.46.0\config_ss_win\org.eclipse.equinox.launcher\org.eclipse.equinox.launcher.win32.win32.x86_64_1.2.1400.v20250801-0854\eclipse_11916.dll
0x00007ff9dac80000 - 0x00007ff9dae18000 	C:\WINDOWS\System32\ole32.dll

JVMTI agents:
c:\Users\Shaik\.vscode\extensions\redhat.java-1.46.0-win32-x64\lombok\lombok-1.18.39-4050.jar path:c:\Users\Shaik\.vscode\extensions\redhat.java-1.46.0-win32-x64\jre\21.0.8-win32-x86_64\bin\instrument.dll, loaded, initialized, instrumentlib options:none

dbghelp: loaded successfully - version: 4.0.5 - missing functions: none
symbol engine: initialized successfully - sym options: 0x614 - pdb path: .;c:\Users\Shaik\.vscode\extensions\redhat.java-1.46.0-win32-x64\jre\21.0.8-win32-x86_64\bin;C:\WINDOWS\SYSTEM32;C:\WINDOWS\WinSxS\amd64_microsoft.windows.common-controls_6595b64144ccf1df_6.0.26100.5074_none_3e0d6f78e32fd63f;c:\Users\Shaik\.vscode\extensions\redhat.java-1.46.0-win32-x64\jre\21.0.8-win32-x86_64\bin\server;C:\Users\Shaik\AppData\Roaming\Code\User\globalStorage\redhat.java\1.46.0\config_ss_win\org.eclipse.equinox.launcher\org.eclipse.equinox.launcher.win32.win32.x86_64_1.2.1400.v20250801-0854

VM Arguments:
jvm_args: --add-modules=ALL-SYSTEM --add-opens=java.base/java.util=ALL-UNNAMED --add-opens=java.base/java.lang=ALL-UNNAMED --add-opens=java.base/sun.nio.fs=ALL-UNNAMED -Declipse.application=org.eclipse.jdt.ls.core.id1 -Dosgi.bundles.defaultStartLevel=4 -Declipse.product=org.eclipse.jdt.ls.core.product -Djava.import.generatesMetadataFilesAtProjectRoot=false -DDetectVMInstallationsJob.disabled=true -Dfile.encoding=utf8 -XX:+UseParallelGC -XX:GCTimeRatio=4 -XX:AdaptiveSizePolicyWeight=90 -Dsun.zip.disableMemoryMapping=true -Xmx2G -Xms100m -Xlog:disable -javaagent:c:\Users\Shaik\.vscode\extensions\redhat.java-1.46.0-win32-x64\lombok\lombok-1.18.39-4050.jar 
java_command: c:\Users\Shaik\.vscode\extensions\redhat.java-1.46.0-win32-x64\server\plugins\org.eclipse.equinox.launcher_1.7.0.v20250519-0528.jar -configuration c:\Users\Shaik\AppData\Roaming\Code\User\globalStorage\redhat.java\1.46.0\config_ss_win -data c:\Users\Shaik\AppData\Roaming\Code\User\workspaceStorage\19455d45c0e427327eeb4089f154f71c\redhat.java\ss_ws --pipe=\\.\pipe\lsp-ddab7400ab72e2be4be5a28e435e0e0a-sock
java_class_path (initial): c:\Users\Shaik\.vscode\extensions\redhat.java-1.46.0-win32-x64\server\plugins\org.eclipse.equinox.launcher_1.7.0.v20250519-0528.jar
Launcher Type: SUN_STANDARD

[Global flags]
    uintx AdaptiveSizePolicyWeight                 = 90                                        {product} {command line}
     intx CICompilerCount                          = 4                                         {product} {ergonomic}
    uintx GCTimeRatio                              = 4                                         {product} {command line}
   size_t InitialHeapSize                          = 104857600                                 {product} {command line}
   size_t MaxHeapSize                              = 2147483648                                {product} {command line}
   size_t MaxNewSize                               = 715653120                                 {product} {ergonomic}
   size_t MinHeapDeltaBytes                        = 524288                                    {product} {ergonomic}
   size_t MinHeapSize                              = 104857600                                 {product} {command line}
   size_t NewSize                                  = 34603008                                  {product} {ergonomic}
    uintx NonNMethodCodeHeapSize                   = 5839372                                {pd product} {ergonomic}
    uintx NonProfiledCodeHeapSize                  = 122909434                              {pd product} {ergonomic}
   size_t OldSize                                  = 70254592                                  {product} {ergonomic}
    uintx ProfiledCodeHeapSize                     = 122909434                              {pd product} {ergonomic}
    uintx ReservedCodeCacheSize                    = 251658240                              {pd product} {ergonomic}
     bool SegmentedCodeCache                       = true                                      {product} {ergonomic}
   size_t SoftMaxHeapSize                          = 2147483648                             {manageable} {ergonomic}
     bool UseCompressedOops                        = true                           {product lp64_product} {ergonomic}
     bool UseLargePagesIndividualAllocation        = false                                  {pd product} {ergonomic}
     bool UseParallelGC                            = true                                      {product} {command line}

Logging:
Log output configuration:
 #0: stdout all=off uptime,level,tags foldmultilines=false
 #1: stderr all=off uptime,level,tags foldmultilines=false

Environment Variables:
JAVA_HOME=C:\Program Files\Java\jdk-21
PATH=C:\3-1\apache-maven-3.9.11-bin\apache-maven-3.9.11\bin;C:\Program Files\Java\jdk-21\bin;C:\Program Files\nodejs;C:\Program Files\Docker\Docker\resources\bin;C:\Program Files\Git\cmd;C:\Program Files\nodejs\;C:\Windows\System32;;C:\ProgramData\chocolatey\bin;C:\Program Files\MySQL\MySQL Shell 8.0\bin\;C:\Users\Shaik\Downloads\apache-maven-3.9.11\bin;C:\Users\Shaik\AppData\Local\Programs\Microsoft VS Code\bin;C:\Users\Shaik\AppData\Roaming\npm;C:\Users\Shaik\AppData\Local\Programs\cursor\resources\app\bin
USERNAME=Shaik
OS=Windows_NT
PROCESSOR_IDENTIFIER=Intel64 Family 6 Model 186 Stepping 3, GenuineIntel
TMP=C:\Users\Shaik\AppData\Local\Temp
TEMP=C:\Users\Shaik\AppData\Local\Temp




Periodic native trim disabled

---------------  S Y S T E M  ---------------

OS:
 Windows 11 , 64 bit Build 26100 (10.0.26100.5074)
OS uptime: 0 days 1:04 hours
Hyper-V role detected

CPU: total 12 (initial active 12) (6 cores per cpu, 2 threads per core) family 6 model 186 stepping 3 microcode 0x4128, cx8, cmov, fxsr, ht, mmx, 3dnowpref, sse, sse2, sse3, ssse3, sse4.1, sse4.2, popcnt, lzcnt, tsc, tscinvbit, avx, avx2, aes, erms, clmul, bmi1, bmi2, adx, sha, fma, vzeroupper, clflush, clflushopt, clwb, hv, serialize, rdtscp, rdpid, fsrm, f16c, cet_ibt, cet_ss
Processor Information for processor 0
  Max Mhz: 1300, Current Mhz: 1300, Mhz Limit: 1300
Processor Information for processor 1
  Max Mhz: 1300, Current Mhz: 1300, Mhz Limit: 1300
Processor Information for processor 2
  Max Mhz: 1300, Current Mhz: 1300, Mhz Limit: 1300
Processor Information for processor 3
  Max Mhz: 1300, Current Mhz: 1300, Mhz Limit: 1300
Processor Information for processor 4
  Max Mhz: 1300, Current Mhz: 900, Mhz Limit: 897
Processor Information for processor 5
  Max Mhz: 1300, Current Mhz: 900, Mhz Limit: 897
Processor Information for processor 6
  Max Mhz: 1300, Current Mhz: 900, Mhz Limit: 897
Processor Information for processor 7
  Max Mhz: 1300, Current Mhz: 900, Mhz Limit: 897
Processor Information for processor 8
  Max Mhz: 1300, Current Mhz: 900, Mhz Limit: 897
Processor Information for processor 9
  Max Mhz: 1300, Current Mhz: 900, Mhz Limit: 897
Processor Information for processor 10
  Max Mhz: 1300, Current Mhz: 900, Mhz Limit: 897
Processor Information for processor 11
  Max Mhz: 1300, Current Mhz: 900, Mhz Limit: 897

Memory: 4k page, system-wide physical 16095M (4145M free)
TotalPageFile size 16095M (AvailPageFile size 15M)
current process WorkingSet (physical memory assigned to process): 149M, peak: 149M
current process commit charge ("private bytes"): 291M, peak: 293M

vm_info: OpenJDK 64-Bit Server VM (21.0.8+9-LTS) for windows-amd64 JRE (21.0.8+9-LTS), built on 2025-07-15T00:00:00Z by "admin" with MS VC++ 17.7 (VS2022)

END.
