#
# There is insufficient memory for the Java Runtime Environment to continue.
# Native memory allocation (malloc) failed to allocate 557296 bytes. Error detail: Chunk::new
# Possible reasons:
#   The system is out of physical RAM or swap space
#   This process is running with CompressedOops enabled, and the Java Heap may be blocking the growth of the native heap
# Possible solutions:
#   Reduce memory load on the system
#   Increase physical memory or swap space
#   Check if swap backing store is full
#   Decrease Java heap size (-Xmx/-Xms)
#   Decrease number of Java threads
#   Decrease Java thread stack sizes (-Xss)
#   Set larger code cache with -XX:ReservedCodeCacheSize=
#   JVM is running with Unscaled Compressed Oops mode in which the Java heap is
#     placed in the first 4GB address space. The Java Heap base address is the
#     maximum limit for the native heap growth. Please use -XX:HeapBaseMinAddress
#     to set the Java Heap base and to place the Java Heap above 4GB virtual address.
# This output file may be truncated or incomplete.
#
#  Out of Memory Error (arena.cpp:168), pid=24340, tid=22764
#
# JRE version: OpenJDK Runtime Environment Temurin-21.0.8+9 (21.0.8+9) (build 21.0.8+9-LTS)
# Java VM: OpenJDK 64-Bit Server VM Temurin-21.0.8+9 (21.0.8+9-LTS, mixed mode, sharing, tiered, compressed oops, compressed class ptrs, parallel gc, windows-amd64)
# No core dump will be written. Minidumps are not enabled by default on client versions of Windows
#

---------------  S U M M A R Y ------------

Command Line: --add-modules=ALL-SYSTEM --add-opens=java.base/java.util=ALL-UNNAMED --add-opens=java.base/java.lang=ALL-UNNAMED --add-opens=java.base/sun.nio.fs=ALL-UNNAMED -Declipse.application=org.eclipse.jdt.ls.core.id1 -Dosgi.bundles.defaultStartLevel=4 -Declipse.product=org.eclipse.jdt.ls.core.product -Djava.import.generatesMetadataFilesAtProjectRoot=false -DDetectVMInstallationsJob.disabled=true -Dfile.encoding=utf8 -XX:+UseParallelGC -XX:GCTimeRatio=4 -XX:AdaptiveSizePolicyWeight=90 -Dsun.zip.disableMemoryMapping=true -Xmx2G -Xms100m -Xlog:disable -javaagent:c:\Users\Shaik\.vscode\extensions\redhat.java-1.46.0-win32-x64\lombok\lombok-1.18.39-4050.jar -XX:+HeapDumpOnOutOfMemoryError -XX:HeapDumpPath=c:\Users\Shaik\AppData\Roaming\Code\User\workspaceStorage\b969609c57074d7f45bfa7cd6e1570cd\redhat.java -Daether.dependencyCollector.impl=bf c:\Users\Shaik\.vscode\extensions\redhat.java-1.46.0-win32-x64\server\plugins\org.eclipse.equinox.launcher_1.7.0.v20250519-0528.jar -configuration c:\Users\Shaik\AppData\Roaming\Code\User\globalStorage\redhat.java\1.46.0\config_win -data c:\Users\Shaik\AppData\Roaming\Code\User\workspaceStorage\b969609c57074d7f45bfa7cd6e1570cd\redhat.java\jdt_ws --pipe=\\.\pipe\lsp-509f48e2d0fcf2b8474c7d9639acdff7-sock

Host: 13th Gen Intel(R) Core(TM) i5-1335U, 12 cores, 15G,  Windows 11 , 64 bit Build 26100 (10.0.26100.5074)
Time: Wed Oct 15 21:33:06 2025 India Standard Time elapsed time: 140.348492 seconds (0d 0h 2m 20s)

---------------  T H R E A D  ---------------

Current thread (0x000002160c698e70):  JavaThread "C2 CompilerThread0" daemon [_thread_in_native, id=22764, stack(0x000000d1cb900000,0x000000d1cba00000) (1024K)]


Current CompileTask:
C2:140348 11504       4       org.codehaus.plexus.util.xml.Xpp3DomBuilder::build (413 bytes)

Stack: [0x000000d1cb900000,0x000000d1cba00000]
Native frames: (J=compiled Java code, j=interpreted, Vv=VM code, C=native code)
V  [jvm.dll+0x6d2449]
V  [jvm.dll+0x8ae341]
V  [jvm.dll+0x8b08be]
V  [jvm.dll+0x8b0fa3]
V  [jvm.dll+0x280c96]
V  [jvm.dll+0xc581d]
V  [jvm.dll+0xc5d53]
V  [jvm.dll+0x3b9162]
V  [jvm.dll+0x1e1213]
V  [jvm.dll+0x249022]
V  [jvm.dll+0x2484af]
V  [jvm.dll+0x1c89ee]
V  [jvm.dll+0x257d4d]
V  [jvm.dll+0x2562ea]
V  [jvm.dll+0x3f2d16]
V  [jvm.dll+0x857e6b]
V  [jvm.dll+0x6d0b0d]
C  [ucrtbase.dll+0x37b0]
C  [KERNEL32.DLL+0x2e8d7]
C  [ntdll.dll+0x8d9c]


---------------  P R O C E S S  ---------------

Threads class SMR info:
_java_thread_list=0x00000216140f2230, length=81, elements={
0x00000215b2c8d230, 0x000002160c6644b0, 0x000002160c665770, 0x000002160c666230,
0x000002160c6676c0, 0x000002160c68a820, 0x000002160c68d500, 0x000002160c698e70,
0x000002160c6aace0, 0x000002160c7cd7b0, 0x000002160ca05bd0, 0x0000021611891440,
0x00000216116e8880, 0x000002161184d3a0, 0x0000021611340440, 0x00000216122c01f0,
0x0000021611e2f650, 0x000002160c9989e0, 0x000002160c99b140, 0x000002160c999d90,
0x000002160c997cc0, 0x000002160c99a420, 0x000002160c999070, 0x000002160c999700,
0x000002160c998350, 0x00000216137ee380, 0x00000216137f0ae0, 0x00000216137edcf0,
0x00000216137eea10, 0x00000216137ef730, 0x00000216137f0450, 0x00000216137f1170,
0x00000216137f2520, 0x00000216137f1800, 0x00000216137ef0a0, 0x00000216137f1e90,
0x00000216137f2bb0, 0x00000216137f3240, 0x00000216137efdc0, 0x00000216137f38d0,
0x00000216137f45f0, 0x00000216137f4c80, 0x00000216137f5310, 0x00000216137f3f60,
0x00000216137cea20, 0x00000216137cfdd0, 0x00000216137d0460, 0x00000216137cf0b0,
0x00000216137cd670, 0x00000216137cf740, 0x00000216137ccfe0, 0x00000216137ce390,
0x00000216137cdd00, 0x0000021612767140, 0x0000021612764350, 0x0000021612765700,
0x0000021612763cc0, 0x00000216127677d0, 0x0000021612767e60, 0x00000216127649e0,
0x0000021612765d90, 0x00000216127684f0, 0x0000021612765070, 0x0000021612768b80,
0x0000021612769210, 0x00000216127698a0, 0x0000021612766420, 0x0000021612769f30,
0x000002161276a5c0, 0x000002161276ac50, 0x000002161276b2e0, 0x00000216147504f0,
0x0000021614752c50, 0x00000216147525c0, 0x0000021614750b80, 0x0000021614754000,
0x0000021614751f30, 0x00000216147532e0, 0x0000021614754690, 0x0000021614751210,
0x0000021615177060
}

Java Threads: ( => current thread )
  0x00000215b2c8d230 JavaThread "main"                              [_thread_blocked, id=22860, stack(0x000000d1caf00000,0x000000d1cb000000) (1024K)]
  0x000002160c6644b0 JavaThread "Reference Handler"          daemon [_thread_blocked, id=20576, stack(0x000000d1cb300000,0x000000d1cb400000) (1024K)]
  0x000002160c665770 JavaThread "Finalizer"                  daemon [_thread_blocked, id=19600, stack(0x000000d1cb400000,0x000000d1cb500000) (1024K)]
  0x000002160c666230 JavaThread "Signal Dispatcher"          daemon [_thread_blocked, id=22852, stack(0x000000d1cb500000,0x000000d1cb600000) (1024K)]
  0x000002160c6676c0 JavaThread "Attach Listener"            daemon [_thread_blocked, id=18300, stack(0x000000d1cb600000,0x000000d1cb700000) (1024K)]
  0x000002160c68a820 JavaThread "Service Thread"             daemon [_thread_blocked, id=22720, stack(0x000000d1cb700000,0x000000d1cb800000) (1024K)]
  0x000002160c68d500 JavaThread "Monitor Deflation Thread"   daemon [_thread_blocked, id=22724, stack(0x000000d1cb800000,0x000000d1cb900000) (1024K)]
=>0x000002160c698e70 JavaThread "C2 CompilerThread0"         daemon [_thread_in_native, id=22764, stack(0x000000d1cb900000,0x000000d1cba00000) (1024K)]
  0x000002160c6aace0 JavaThread "C1 CompilerThread0"         daemon [_thread_blocked, id=24356, stack(0x000000d1cba00000,0x000000d1cbb00000) (1024K)]
  0x000002160c7cd7b0 JavaThread "Common-Cleaner"             daemon [_thread_blocked, id=24368, stack(0x000000d1cbb00000,0x000000d1cbc00000) (1024K)]
  0x000002160ca05bd0 JavaThread "Notification Thread"        daemon [_thread_blocked, id=19748, stack(0x000000d1cbd00000,0x000000d1cbe00000) (1024K)]
  0x0000021611891440 JavaThread "Active Thread: Equinox Container: 1cd8c972-5baf-4d93-b749-8178bd21e656"        [_thread_blocked, id=24380, stack(0x000000d1cc500000,0x000000d1cc600000) (1024K)]
  0x00000216116e8880 JavaThread "Refresh Thread: Equinox Container: 1cd8c972-5baf-4d93-b749-8178bd21e656" daemon [_thread_blocked, id=16816, stack(0x000000d1cc600000,0x000000d1cc700000) (1024K)]
  0x000002161184d3a0 JavaThread "Framework Event Dispatcher: Equinox Container: 1cd8c972-5baf-4d93-b749-8178bd21e656" daemon [_thread_blocked, id=14972, stack(0x000000d1cc700000,0x000000d1cc800000) (1024K)]
  0x0000021611340440 JavaThread "Start Level: Equinox Container: 1cd8c972-5baf-4d93-b749-8178bd21e656" daemon [_thread_blocked, id=16188, stack(0x000000d1cc800000,0x000000d1cc900000) (1024K)]
  0x00000216122c01f0 JavaThread "Bundle File Closer"         daemon [_thread_blocked, id=22020, stack(0x000000d1cca00000,0x000000d1ccb00000) (1024K)]
  0x0000021611e2f650 JavaThread "SCR Component Actor"        daemon [_thread_blocked, id=25996, stack(0x000000d1ccb00000,0x000000d1ccc00000) (1024K)]
  0x000002160c9989e0 JavaThread "Worker-JM"                         [_thread_blocked, id=26028, stack(0x000000d1ccd00000,0x000000d1cce00000) (1024K)]
  0x000002160c99b140 JavaThread "JNA Cleaner"                daemon [_thread_blocked, id=19180, stack(0x000000d1ccc00000,0x000000d1ccd00000) (1024K)]
  0x000002160c999d90 JavaThread "Worker-0"                          [_thread_blocked, id=19164, stack(0x000000d1cce00000,0x000000d1ccf00000) (1024K)]
  0x000002160c997cc0 JavaThread "Worker-1: Building"                [_thread_in_native, id=10348, stack(0x000000d1ccf00000,0x000000d1cd000000) (1024K)]
  0x000002160c99a420 JavaThread "Java indexing"              daemon [_thread_blocked, id=24704, stack(0x000000d1cae00000,0x000000d1caf00000) (1024K)]
  0x000002160c999070 JavaThread "Worker-2"                          [_thread_blocked, id=25820, stack(0x000000d1cd000000,0x000000d1cd100000) (1024K)]
  0x000002160c999700 JavaThread "Worker-3"                          [_thread_blocked, id=4204, stack(0x000000d1cd200000,0x000000d1cd300000) (1024K)]
  0x000002160c998350 JavaThread "Worker-4: Initialize Workspace"        [_thread_blocked, id=7128, stack(0x000000d1cd300000,0x000000d1cd400000) (1024K)]
  0x00000216137ee380 JavaThread "Thread-1"                   daemon [_thread_in_native, id=13668, stack(0x000000d1cd400000,0x000000d1cd500000) (1024K)]
  0x00000216137f0ae0 JavaThread "Thread-2"                   daemon [_thread_in_native, id=22240, stack(0x000000d1cd500000,0x000000d1cd600000) (1024K)]
  0x00000216137edcf0 JavaThread "Thread-3"                   daemon [_thread_in_native, id=22264, stack(0x000000d1cd600000,0x000000d1cd700000) (1024K)]
  0x00000216137eea10 JavaThread "Thread-4"                   daemon [_thread_in_native, id=22268, stack(0x000000d1cd700000,0x000000d1cd800000) (1024K)]
  0x00000216137ef730 JavaThread "Thread-5"                   daemon [_thread_in_native, id=22248, stack(0x000000d1cd800000,0x000000d1cd900000) (1024K)]
  0x00000216137f0450 JavaThread "Thread-6"                   daemon [_thread_in_native, id=22236, stack(0x000000d1cd900000,0x000000d1cda00000) (1024K)]
  0x00000216137f1170 JavaThread "Thread-7"                   daemon [_thread_in_native, id=22876, stack(0x000000d1cda00000,0x000000d1cdb00000) (1024K)]
  0x00000216137f2520 JavaThread "Thread-8"                   daemon [_thread_in_native, id=17576, stack(0x000000d1cdb00000,0x000000d1cdc00000) (1024K)]
  0x00000216137f1800 JavaThread "Thread-9"                   daemon [_thread_in_native, id=21432, stack(0x000000d1cdc00000,0x000000d1cdd00000) (1024K)]
  0x00000216137ef0a0 JavaThread "Thread-10"                  daemon [_thread_in_native, id=18032, stack(0x000000d1cdd00000,0x000000d1cde00000) (1024K)]
  0x00000216137f1e90 JavaThread "Thread-11"                  daemon [_thread_in_native, id=11652, stack(0x000000d1cde00000,0x000000d1cdf00000) (1024K)]
  0x00000216137f2bb0 JavaThread "Thread-12"                  daemon [_thread_in_native, id=21540, stack(0x000000d1cdf00000,0x000000d1ce000000) (1024K)]
  0x00000216137f3240 JavaThread "Thread-13"                  daemon [_thread_in_native, id=21884, stack(0x000000d1ce000000,0x000000d1ce100000) (1024K)]
  0x00000216137efdc0 JavaThread "pool-2-thread-1"                   [_thread_blocked, id=11352, stack(0x000000d1ce300000,0x000000d1ce400000) (1024K)]
  0x00000216137f38d0 JavaThread "WorkspaceEventsHandler"            [_thread_blocked, id=4768, stack(0x000000d1ce100000,0x000000d1ce200000) (1024K)]
  0x00000216137f45f0 JavaThread "pool-1-thread-1"                   [_thread_blocked, id=22276, stack(0x000000d1ce200000,0x000000d1ce300000) (1024K)]
  0x00000216137f4c80 JavaThread "Worker-5"                          [_thread_blocked, id=15904, stack(0x000000d1ce400000,0x000000d1ce500000) (1024K)]
  0x00000216137f5310 JavaThread "ForkJoinPool.commonPool-worker-1" daemon [_thread_blocked, id=14284, stack(0x000000d1ce500000,0x000000d1ce600000) (1024K)]
  0x00000216137f3f60 JavaThread "ForkJoinPool.commonPool-worker-2" daemon [_thread_blocked, id=26088, stack(0x000000d1ce600000,0x000000d1ce700000) (1024K)]
  0x00000216137cea20 JavaThread "ForkJoinPool.commonPool-worker-3" daemon [_thread_blocked, id=4536, stack(0x000000d1ce700000,0x000000d1ce800000) (1024K)]
  0x00000216137cfdd0 JavaThread "ForkJoinPool.commonPool-worker-4" daemon [_thread_blocked, id=2988, stack(0x000000d1ce800000,0x000000d1ce900000) (1024K)]
  0x00000216137d0460 JavaThread "ForkJoinPool.commonPool-worker-5" daemon [_thread_blocked, id=14416, stack(0x000000d1ce900000,0x000000d1cea00000) (1024K)]
  0x00000216137cf0b0 JavaThread "ForkJoinPool.commonPool-worker-6" daemon [_thread_blocked, id=5916, stack(0x000000d1cea00000,0x000000d1ceb00000) (1024K)]
  0x00000216137cd670 JavaThread "ForkJoinPool.commonPool-worker-7" daemon [_thread_blocked, id=26112, stack(0x000000d1ceb00000,0x000000d1cec00000) (1024K)]
  0x00000216137cf740 JavaThread "ForkJoinPool.commonPool-worker-8" daemon [_thread_blocked, id=19280, stack(0x000000d1cec00000,0x000000d1ced00000) (1024K)]
  0x00000216137ccfe0 JavaThread "ForkJoinPool.commonPool-worker-9" daemon [_thread_blocked, id=10508, stack(0x000000d1ced00000,0x000000d1cee00000) (1024K)]
  0x00000216137ce390 JavaThread "ForkJoinPool.commonPool-worker-10" daemon [_thread_blocked, id=26360, stack(0x000000d1cee00000,0x000000d1cef00000) (1024K)]
  0x00000216137cdd00 JavaThread "ForkJoinPool.commonPool-worker-11" daemon [_thread_blocked, id=26184, stack(0x000000d1cef00000,0x000000d1cf000000) (1024K)]
  0x0000021612767140 JavaThread "LocalFile Deleter"          daemon [_thread_blocked, id=15684, stack(0x000000d1cf000000,0x000000d1cf100000) (1024K)]
  0x0000021612764350 JavaThread "LocalFile Deleter"          daemon [_thread_blocked, id=13900, stack(0x000000d1cf100000,0x000000d1cf200000) (1024K)]
  0x0000021612765700 JavaThread "LocalFile Deleter"          daemon [_thread_blocked, id=5964, stack(0x000000d1cf200000,0x000000d1cf300000) (1024K)]
  0x0000021612763cc0 JavaThread "LocalFile Deleter"          daemon [_thread_blocked, id=20972, stack(0x000000d1cf300000,0x000000d1cf400000) (1024K)]
  0x00000216127677d0 JavaThread "LocalFile Deleter"          daemon [_thread_blocked, id=15384, stack(0x000000d1cf400000,0x000000d1cf500000) (1024K)]
  0x0000021612767e60 JavaThread "LocalFile Deleter"          daemon [_thread_blocked, id=15540, stack(0x000000d1cf500000,0x000000d1cf600000) (1024K)]
  0x00000216127649e0 JavaThread "LocalFile Deleter"          daemon [_thread_blocked, id=25836, stack(0x000000d1cf600000,0x000000d1cf700000) (1024K)]
  0x0000021612765d90 JavaThread "LocalFile Deleter"          daemon [_thread_blocked, id=23224, stack(0x000000d1cf700000,0x000000d1cf800000) (1024K)]
  0x00000216127684f0 JavaThread "LocalFile Deleter"          daemon [_thread_blocked, id=25660, stack(0x000000d1cf800000,0x000000d1cf900000) (1024K)]
  0x0000021612765070 JavaThread "LocalFile Deleter"          daemon [_thread_blocked, id=9204, stack(0x000000d1cf900000,0x000000d1cfa00000) (1024K)]
  0x0000021612768b80 JavaThread "LocalFile Deleter"          daemon [_thread_blocked, id=3344, stack(0x000000d1cfa00000,0x000000d1cfb00000) (1024K)]
  0x0000021612769210 JavaThread "LocalFile Deleter"          daemon [_thread_blocked, id=9720, stack(0x000000d1cfb00000,0x000000d1cfc00000) (1024K)]
  0x00000216127698a0 JavaThread "Compiler Source File Reader" daemon [_thread_blocked, id=11580, stack(0x000000d1cfc00000,0x000000d1cfd00000) (1024K)]
  0x0000021612766420 JavaThread "Compiler Source File Reader" daemon [_thread_blocked, id=14108, stack(0x000000d1cfd00000,0x000000d1cfe00000) (1024K)]
  0x0000021612769f30 JavaThread "Compiler Source File Reader" daemon [_thread_blocked, id=15236, stack(0x000000d1cfe00000,0x000000d1cff00000) (1024K)]
  0x000002161276a5c0 JavaThread "Compiler Source File Reader" daemon [_thread_blocked, id=9200, stack(0x000000d1cff00000,0x000000d1d0000000) (1024K)]
  0x000002161276ac50 JavaThread "Compiler Source File Reader" daemon [_thread_blocked, id=18692, stack(0x000000d1d0000000,0x000000d1d0100000) (1024K)]
  0x000002161276b2e0 JavaThread "Compiler Source File Reader" daemon [_thread_blocked, id=7104, stack(0x000000d1d0100000,0x000000d1d0200000) (1024K)]
  0x00000216147504f0 JavaThread "Compiler Processing Task"   daemon [_thread_blocked, id=2368, stack(0x000000d1d0200000,0x000000d1d0300000) (1024K)]
  0x0000021614752c50 JavaThread "Compiler Class File Writer" daemon [_thread_blocked, id=15720, stack(0x000000d1d0300000,0x000000d1d0400000) (1024K)]
  0x00000216147525c0 JavaThread "Compiler Class File Writer" daemon [_thread_blocked, id=14092, stack(0x000000d1d0400000,0x000000d1d0500000) (1024K)]
  0x0000021614750b80 JavaThread "Compiler Class File Writer" daemon [_thread_blocked, id=21956, stack(0x000000d1d0500000,0x000000d1d0600000) (1024K)]
  0x0000021614754000 JavaThread "Compiler Class File Writer" daemon [_thread_blocked, id=8928, stack(0x000000d1d0600000,0x000000d1d0700000) (1024K)]
  0x0000021614751f30 JavaThread "Compiler Class File Writer" daemon [_thread_blocked, id=21820, stack(0x000000d1d0700000,0x000000d1d0800000) (1024K)]
  0x00000216147532e0 JavaThread "Compiler Class File Writer" daemon [_thread_blocked, id=8676, stack(0x000000d1d0800000,0x000000d1d0900000) (1024K)]
  0x0000021614754690 JavaThread "Compiler Source File Reader" daemon [_thread_blocked, id=24328, stack(0x000000d1d0900000,0x000000d1d0a00000) (1024K)]
  0x0000021614751210 JavaThread "Compiler Class File Writer" daemon [_thread_blocked, id=15932, stack(0x000000d1d0a00000,0x000000d1d0b00000) (1024K)]
  0x0000021615177060 JavaThread "C2 CompilerThread1"         daemon [_thread_in_vm, id=19508, stack(0x000000d1cac00000,0x000000d1cad00000) (1024K)]
Total: 81

Other Threads:
  0x00000215b2d4e890 VMThread "VM Thread"                           [id=23940, stack(0x000000d1cb200000,0x000000d1cb300000) (1024K)]
  0x00000215c960ca00 WatcherThread "VM Periodic Task Thread"        [id=23904, stack(0x000000d1cb100000,0x000000d1cb200000) (1024K)]
  0x00000215b2cab9a0 WorkerThread "GC Thread#0"                     [id=19676, stack(0x000000d1cb000000,0x000000d1cb100000) (1024K)]
  0x0000021611749e80 WorkerThread "GC Thread#1"                     [id=24024, stack(0x000000d1cbf00000,0x000000d1cc000000) (1024K)]
  0x000002161169b290 WorkerThread "GC Thread#2"                     [id=24492, stack(0x000000d1cc000000,0x000000d1cc100000) (1024K)]
  0x000002161169b9d0 WorkerThread "GC Thread#3"                     [id=23772, stack(0x000000d1cc100000,0x000000d1cc200000) (1024K)]
  0x000002161169aef0 WorkerThread "GC Thread#4"                     [id=21800, stack(0x000000d1cc200000,0x000000d1cc300000) (1024K)]
  0x000002161169b630 WorkerThread "GC Thread#5"                     [id=14768, stack(0x000000d1cc300000,0x000000d1cc400000) (1024K)]
  0x000002161169bd70 WorkerThread "GC Thread#6"                     [id=24200, stack(0x000000d1cc400000,0x000000d1cc500000) (1024K)]
  0x000002161169ab50 WorkerThread "GC Thread#7"                     [id=26052, stack(0x000000d1cbe00000,0x000000d1cbf00000) (1024K)]
  0x00000216125c8860 WorkerThread "GC Thread#8"                     [id=2452, stack(0x000000d1cad00000,0x000000d1cae00000) (1024K)]
  0x00000216125c8c00 WorkerThread "GC Thread#9"                     [id=4948, stack(0x000000d1cc900000,0x000000d1cca00000) (1024K)]
Total: 12

Threads with active compile tasks:
C2 CompilerThread0  140389 11504       4       org.codehaus.plexus.util.xml.Xpp3DomBuilder::build (413 bytes)
Total: 1

VM state: not at safepoint (normal execution)

VM Mutex/Monitor currently owned by a thread: None

Heap address: 0x0000000080000000, size: 2048 MB, Compressed Oops mode: 32-bit

CDS archive(s) mapped at: [0x00000215ca000000-0x00000215caba0000-0x00000215caba0000), size 12189696, SharedBaseAddress: 0x00000215ca000000, ArchiveRelocationMode: 1.
Compressed class space mapped at: 0x00000215cb000000-0x000002160b000000, reserved size: 1073741824
Narrow klass base: 0x00000215ca000000, Narrow klass shift: 0, Narrow klass range: 0x100000000

GC Precious Log:
 CardTable entry size: 512
 CPUs: 12 total, 12 available
 Memory: 16095M
 Large Page Support: Disabled
 NUMA Support: Disabled
 Compressed Oops: Enabled (32-bit)
 Alignments: Space 512K, Generation 512K, Heap 2M
 Heap Min Capacity: 100M
 Heap Initial Capacity: 100M
 Heap Max Capacity: 2G
 Pre-touch: Disabled
 Parallel Workers: 10

Heap:
 PSYoungGen      total 8704K, used 4553K [0x00000000d5580000, 0x00000000d5f80000, 0x0000000100000000)
  eden space 8192K, 49% used [0x00000000d5580000,0x00000000d59725a8,0x00000000d5d80000)
  from space 512K, 100% used [0x00000000d5f00000,0x00000000d5f80000,0x00000000d5f80000)
  to   space 1024K, 0% used [0x00000000d5e00000,0x00000000d5e00000,0x00000000d5f00000)
 ParOldGen       total 80384K, used 78181K [0x0000000080000000, 0x0000000084e80000, 0x00000000d5580000)
  object space 80384K, 97% used [0x0000000080000000,0x0000000084c59668,0x0000000084e80000)
 Metaspace       used 63833K, committed 65344K, reserved 1114112K
  class space    used 6833K, committed 7488K, reserved 1048576K

Card table byte_map: [0x00000215b2650000,0x00000215b2a60000] _byte_map_base: 0x00000215b2250000

Marking Bits: (ParMarkBitMap*) 0x00007ffe7dbea340
 Begin Bits: [0x00000215c5130000, 0x00000215c7130000)
 End Bits:   [0x00000215c7130000, 0x00000215c9130000)

Polling page: 0x00000215b0f10000

Metaspace:

Usage:
  Non-class:     55.66 MB used.
      Class:      6.67 MB used.
       Both:     62.34 MB used.

Virtual space:
  Non-class space:       64.00 MB reserved,      56.50 MB ( 88%) committed,  1 nodes.
      Class space:        1.00 GB reserved,       7.31 MB ( <1%) committed,  1 nodes.
             Both:        1.06 GB reserved,      63.81 MB (  6%) committed. 

Chunk freelists:
   Non-Class:  7.10 MB
       Class:  8.67 MB
        Both:  15.76 MB

MaxMetaspaceSize: unlimited
CompressedClassSpaceSize: 1.00 GB
Initial GC threshold: 21.00 MB
Current GC threshold: 97.31 MB
CDS: on
 - commit_granule_bytes: 65536.
 - commit_granule_words: 8192.
 - virtual_space_node_default_size: 8388608.
 - enlarge_chunks_in_place: 1.
 - use_allocation_guard: 0.


Internal statistics:

num_allocs_failed_limit: 9.
num_arena_births: 1234.
num_arena_deaths: 14.
num_vsnodes_births: 2.
num_vsnodes_deaths: 0.
num_space_committed: 1021.
num_space_uncommitted: 0.
num_chunks_returned_to_freelist: 23.
num_chunks_taken_from_freelist: 4343.
num_chunk_merges: 15.
num_chunk_splits: 2618.
num_chunks_enlarged: 1395.
num_inconsistent_stats: 0.

CodeHeap 'non-profiled nmethods': size=120000Kb used=8448Kb max_used=8448Kb free=111551Kb
 bounds [0x00000215bd950000, 0x00000215be1a0000, 0x00000215c4e80000]
CodeHeap 'profiled nmethods': size=120000Kb used=24170Kb max_used=24170Kb free=95829Kb
 bounds [0x00000215b5e80000, 0x00000215b7620000, 0x00000215bd3b0000]
CodeHeap 'non-nmethods': size=5760Kb used=1421Kb max_used=1497Kb free=4338Kb
 bounds [0x00000215bd3b0000, 0x00000215bd620000, 0x00000215bd950000]
CodeCache: size=245760Kb, used=34039Kb, max_used=34115Kb, free=211718Kb
 total_blobs=11414, nmethods=10679, adapters=641, full_count=0
Compilation: enabled, stopped_count=0, restarted_count=0

Compilation events (20 events):
Event: 138.273 Thread 0x000002160c6aace0 11516       3       org.objectweb.asm.tree.MethodNode::visitJumpInsn (21 bytes)
Event: 138.274 Thread 0x000002160c6aace0 nmethod 11516 0x00000215b7616490 code [0x00000215b76166a0, 0x00000215b7616e48]
Event: 138.274 Thread 0x000002160c6aace0 11520       3       org.objectweb.asm.Frame::setInputFrameFromDescriptor (175 bytes)
Event: 138.274 Thread 0x0000021615177060 nmethod 11515 0x00000215be18a090 code [0x00000215be18a220, 0x00000215be18a2e0]
Event: 138.275 Thread 0x000002160c6aace0 nmethod 11520 0x00000215b7617110 code [0x00000215b7617340, 0x00000215b7617a68]
Event: 138.275 Thread 0x000002160c6aace0 11519       3       org.objectweb.asm.Frame::getInitializedType (163 bytes)
Event: 138.276 Thread 0x000002160c6aace0 nmethod 11519 0x00000215b7617e90 code [0x00000215b76180a0, 0x00000215b76185e8]
Event: 138.276 Thread 0x000002160c6aace0 11517       3       org.objectweb.asm.tree.MethodNode::visitTypeInsn (17 bytes)
Event: 138.277 Thread 0x000002160c6aace0 nmethod 11517 0x00000215b7618890 code [0x00000215b7618a60, 0x00000215b7618d70]
Event: 138.277 Thread 0x000002160c6aace0 11518       3       org.objectweb.asm.tree.TypeInsnNode::accept (18 bytes)
Event: 138.277 Thread 0x000002160c6aace0 nmethod 11518 0x00000215b7618f10 code [0x00000215b76190c0, 0x00000215b76192f8]
Event: 138.279 Thread 0x000002160c6aace0 11521       3       org.objectweb.asm.commons.GeneratorAdapter::setLocalType (49 bytes)
Event: 138.280 Thread 0x000002160c6aace0 nmethod 11521 0x00000215b7619410 code [0x00000215b7619600, 0x00000215b7619a48]
Event: 138.280 Thread 0x000002160c6aace0 11522       3       org.apache.aries.spifly.weaver.TCCLSetterVisitor$TCCLSetterMethodVisitor::findWeavingData (142 bytes)
Event: 138.280 Thread 0x0000021615177060 11523       4       org.objectweb.asm.SymbolTable::addConstantUtf8 (98 bytes)
Event: 138.281 Thread 0x000002160c6aace0 nmethod 11522 0x00000215b7619b90 code [0x00000215b7619e20, 0x00000215b761a8f8]
Event: 138.304 Thread 0x000002160c6aace0 11525       3       java.time.Instant::<init> (15 bytes)
Event: 138.305 Thread 0x000002160c6aace0 nmethod 11525 0x00000215b761ad10 code [0x00000215b761aec0, 0x00000215b761b030]
Event: 138.310 Thread 0x0000021615177060 nmethod 11523 0x00000215be18a390 code [0x00000215be18a5e0, 0x00000215be18b3c8]
Event: 138.310 Thread 0x0000021615177060 11524   !   4       java.util.zip.ZipFile::getInputStream (275 bytes)

GC Heap History (20 events):
Event: 119.314 GC heap before
{Heap before GC invocations=110 (full 3):
 PSYoungGen      total 9216K, used 9216K [0x00000000d5580000, 0x00000000d6280000, 0x0000000100000000)
  eden space 8192K, 100% used [0x00000000d5580000,0x00000000d5d80000,0x00000000d5d80000)
  from space 1024K, 100% used [0x00000000d5f80000,0x00000000d6080000,0x00000000d6080000)
  to   space 2048K, 0% used [0x00000000d5d80000,0x00000000d5d80000,0x00000000d5f80000)
 ParOldGen       total 80384K, used 72119K [0x0000000080000000, 0x0000000084e80000, 0x00000000d5580000)
  object space 80384K, 89% used [0x0000000080000000,0x000000008466de90,0x0000000084e80000)
 Metaspace       used 62806K, committed 64256K, reserved 1114112K
  class space    used 6717K, committed 7360K, reserved 1048576K
}
Event: 119.318 GC heap after
{Heap after GC invocations=110 (full 3):
 PSYoungGen      total 9216K, used 672K [0x00000000d5580000, 0x00000000d6000000, 0x0000000100000000)
  eden space 8192K, 0% used [0x00000000d5580000,0x00000000d5580000,0x00000000d5d80000)
  from space 1024K, 65% used [0x00000000d5d80000,0x00000000d5e28000,0x00000000d5e80000)
  to   space 1024K, 0% used [0x00000000d5f00000,0x00000000d5f00000,0x00000000d6000000)
 ParOldGen       total 80384K, used 72855K [0x0000000080000000, 0x0000000084e80000, 0x00000000d5580000)
  object space 80384K, 90% used [0x0000000080000000,0x0000000084725e90,0x0000000084e80000)
 Metaspace       used 62806K, committed 64256K, reserved 1114112K
  class space    used 6717K, committed 7360K, reserved 1048576K
}
Event: 126.854 GC heap before
{Heap before GC invocations=111 (full 3):
 PSYoungGen      total 9216K, used 8864K [0x00000000d5580000, 0x00000000d6000000, 0x0000000100000000)
  eden space 8192K, 100% used [0x00000000d5580000,0x00000000d5d80000,0x00000000d5d80000)
  from space 1024K, 65% used [0x00000000d5d80000,0x00000000d5e28000,0x00000000d5e80000)
  to   space 1024K, 0% used [0x00000000d5f00000,0x00000000d5f00000,0x00000000d6000000)
 ParOldGen       total 80384K, used 72855K [0x0000000080000000, 0x0000000084e80000, 0x00000000d5580000)
  object space 80384K, 90% used [0x0000000080000000,0x0000000084725e90,0x0000000084e80000)
 Metaspace       used 63089K, committed 64640K, reserved 1114112K
  class space    used 6761K, committed 7424K, reserved 1048576K
}
Event: 126.856 GC heap after
{Heap after GC invocations=111 (full 3):
 PSYoungGen      total 9216K, used 800K [0x00000000d5580000, 0x00000000d6000000, 0x0000000100000000)
  eden space 8192K, 0% used [0x00000000d5580000,0x00000000d5580000,0x00000000d5d80000)
  from space 1024K, 78% used [0x00000000d5f00000,0x00000000d5fc8000,0x00000000d6000000)
  to   space 1024K, 0% used [0x00000000d5d80000,0x00000000d5d80000,0x00000000d5e80000)
 ParOldGen       total 80384K, used 73335K [0x0000000080000000, 0x0000000084e80000, 0x00000000d5580000)
  object space 80384K, 91% used [0x0000000080000000,0x000000008479de90,0x0000000084e80000)
 Metaspace       used 63089K, committed 64640K, reserved 1114112K
  class space    used 6761K, committed 7424K, reserved 1048576K
}
Event: 128.066 GC heap before
{Heap before GC invocations=112 (full 3):
 PSYoungGen      total 9216K, used 8992K [0x00000000d5580000, 0x00000000d6000000, 0x0000000100000000)
  eden space 8192K, 100% used [0x00000000d5580000,0x00000000d5d80000,0x00000000d5d80000)
  from space 1024K, 78% used [0x00000000d5f00000,0x00000000d5fc8000,0x00000000d6000000)
  to   space 1024K, 0% used [0x00000000d5d80000,0x00000000d5d80000,0x00000000d5e80000)
 ParOldGen       total 80384K, used 73335K [0x0000000080000000, 0x0000000084e80000, 0x00000000d5580000)
  object space 80384K, 91% used [0x0000000080000000,0x000000008479de90,0x0000000084e80000)
 Metaspace       used 63118K, committed 64640K, reserved 1114112K
  class space    used 6765K, committed 7424K, reserved 1048576K
}
Event: 128.069 GC heap after
{Heap after GC invocations=112 (full 3):
 PSYoungGen      total 9216K, used 832K [0x00000000d5580000, 0x00000000d5f80000, 0x0000000100000000)
  eden space 8192K, 0% used [0x00000000d5580000,0x00000000d5580000,0x00000000d5d80000)
  from space 1024K, 81% used [0x00000000d5d80000,0x00000000d5e50020,0x00000000d5e80000)
  to   space 1024K, 0% used [0x00000000d5e80000,0x00000000d5e80000,0x00000000d5f80000)
 ParOldGen       total 80384K, used 73999K [0x0000000080000000, 0x0000000084e80000, 0x00000000d5580000)
  object space 80384K, 92% used [0x0000000080000000,0x0000000084843e90,0x0000000084e80000)
 Metaspace       used 63118K, committed 64640K, reserved 1114112K
  class space    used 6765K, committed 7424K, reserved 1048576K
}
Event: 132.456 GC heap before
{Heap before GC invocations=113 (full 3):
 PSYoungGen      total 9216K, used 9024K [0x00000000d5580000, 0x00000000d5f80000, 0x0000000100000000)
  eden space 8192K, 100% used [0x00000000d5580000,0x00000000d5d80000,0x00000000d5d80000)
  from space 1024K, 81% used [0x00000000d5d80000,0x00000000d5e50020,0x00000000d5e80000)
  to   space 1024K, 0% used [0x00000000d5e80000,0x00000000d5e80000,0x00000000d5f80000)
 ParOldGen       total 80384K, used 73999K [0x0000000080000000, 0x0000000084e80000, 0x00000000d5580000)
  object space 80384K, 92% used [0x0000000080000000,0x0000000084843e90,0x0000000084e80000)
 Metaspace       used 63463K, committed 65024K, reserved 1114112K
  class space    used 6799K, committed 7488K, reserved 1048576K
}
Event: 132.458 GC heap after
{Heap after GC invocations=113 (full 3):
 PSYoungGen      total 9216K, used 750K [0x00000000d5580000, 0x00000000d5f80000, 0x0000000100000000)
  eden space 8192K, 0% used [0x00000000d5580000,0x00000000d5580000,0x00000000d5d80000)
  from space 1024K, 73% used [0x00000000d5e80000,0x00000000d5f3bb98,0x00000000d5f80000)
  to   space 1024K, 0% used [0x00000000d5d80000,0x00000000d5d80000,0x00000000d5e80000)
 ParOldGen       total 80384K, used 74431K [0x0000000080000000, 0x0000000084e80000, 0x00000000d5580000)
  object space 80384K, 92% used [0x0000000080000000,0x00000000848afe90,0x0000000084e80000)
 Metaspace       used 63463K, committed 65024K, reserved 1114112K
  class space    used 6799K, committed 7488K, reserved 1048576K
}
Event: 133.268 GC heap before
{Heap before GC invocations=114 (full 3):
 PSYoungGen      total 9216K, used 8942K [0x00000000d5580000, 0x00000000d5f80000, 0x0000000100000000)
  eden space 8192K, 100% used [0x00000000d5580000,0x00000000d5d80000,0x00000000d5d80000)
  from space 1024K, 73% used [0x00000000d5e80000,0x00000000d5f3bb98,0x00000000d5f80000)
  to   space 1024K, 0% used [0x00000000d5d80000,0x00000000d5d80000,0x00000000d5e80000)
 ParOldGen       total 80384K, used 74431K [0x0000000080000000, 0x0000000084e80000, 0x00000000d5580000)
  object space 80384K, 92% used [0x0000000080000000,0x00000000848afe90,0x0000000084e80000)
 Metaspace       used 63616K, committed 65152K, reserved 1114112K
  class space    used 6818K, committed 7488K, reserved 1048576K
}
Event: 133.273 GC heap after
{Heap after GC invocations=114 (full 3):
 PSYoungGen      total 9216K, used 1008K [0x00000000d5580000, 0x00000000d6180000, 0x0000000100000000)
  eden space 8192K, 0% used [0x00000000d5580000,0x00000000d5580000,0x00000000d5d80000)
  from space 1024K, 98% used [0x00000000d5d80000,0x00000000d5e7c010,0x00000000d5e80000)
  to   space 2048K, 0% used [0x00000000d5f80000,0x00000000d5f80000,0x00000000d6180000)
 ParOldGen       total 80384K, used 75176K [0x0000000080000000, 0x0000000084e80000, 0x00000000d5580000)
  object space 80384K, 93% used [0x0000000080000000,0x000000008496a1b0,0x0000000084e80000)
 Metaspace       used 63616K, committed 65152K, reserved 1114112K
  class space    used 6818K, committed 7488K, reserved 1048576K
}
Event: 133.607 GC heap before
{Heap before GC invocations=115 (full 3):
 PSYoungGen      total 9216K, used 9200K [0x00000000d5580000, 0x00000000d6180000, 0x0000000100000000)
  eden space 8192K, 100% used [0x00000000d5580000,0x00000000d5d80000,0x00000000d5d80000)
  from space 1024K, 98% used [0x00000000d5d80000,0x00000000d5e7c010,0x00000000d5e80000)
  to   space 2048K, 0% used [0x00000000d5f80000,0x00000000d5f80000,0x00000000d6180000)
 ParOldGen       total 80384K, used 75176K [0x0000000080000000, 0x0000000084e80000, 0x00000000d5580000)
  object space 80384K, 93% used [0x0000000080000000,0x000000008496a1b0,0x0000000084e80000)
 Metaspace       used 63627K, committed 65152K, reserved 1114112K
  class space    used 6818K, committed 7488K, reserved 1048576K
}
Event: 133.610 GC heap after
{Heap after GC invocations=115 (full 3):
 PSYoungGen      total 9216K, used 800K [0x00000000d5580000, 0x00000000d6080000, 0x0000000100000000)
  eden space 8192K, 0% used [0x00000000d5580000,0x00000000d5580000,0x00000000d5d80000)
  from space 1024K, 78% used [0x00000000d5f80000,0x00000000d6048000,0x00000000d6080000)
  to   space 1536K, 0% used [0x00000000d5d80000,0x00000000d5d80000,0x00000000d5f00000)
 ParOldGen       total 80384K, used 76142K [0x0000000080000000, 0x0000000084e80000, 0x00000000d5580000)
  object space 80384K, 94% used [0x0000000080000000,0x0000000084a5bbd0,0x0000000084e80000)
 Metaspace       used 63627K, committed 65152K, reserved 1114112K
  class space    used 6818K, committed 7488K, reserved 1048576K
}
Event: 134.059 GC heap before
{Heap before GC invocations=116 (full 3):
 PSYoungGen      total 9216K, used 8980K [0x00000000d5580000, 0x00000000d6080000, 0x0000000100000000)
  eden space 8192K, 99% used [0x00000000d5580000,0x00000000d5d7d1e0,0x00000000d5d80000)
  from space 1024K, 78% used [0x00000000d5f80000,0x00000000d6048000,0x00000000d6080000)
  to   space 1536K, 0% used [0x00000000d5d80000,0x00000000d5d80000,0x00000000d5f00000)
 ParOldGen       total 80384K, used 76142K [0x0000000080000000, 0x0000000084e80000, 0x00000000d5580000)
  object space 80384K, 94% used [0x0000000080000000,0x0000000084a5bbd0,0x0000000084e80000)
 Metaspace       used 63658K, committed 65216K, reserved 1114112K
  class space    used 6818K, committed 7488K, reserved 1048576K
}
Event: 134.062 GC heap after
{Heap after GC invocations=116 (full 3):
 PSYoungGen      total 9728K, used 976K [0x00000000d5580000, 0x00000000d6000000, 0x0000000100000000)
  eden space 8192K, 0% used [0x00000000d5580000,0x00000000d5580000,0x00000000d5d80000)
  from space 1536K, 63% used [0x00000000d5d80000,0x00000000d5e74010,0x00000000d5f00000)
  to   space 1024K, 0% used [0x00000000d5f00000,0x00000000d5f00000,0x00000000d6000000)
 ParOldGen       total 80384K, used 76550K [0x0000000080000000, 0x0000000084e80000, 0x00000000d5580000)
  object space 80384K, 95% used [0x0000000080000000,0x0000000084ac1bd0,0x0000000084e80000)
 Metaspace       used 63658K, committed 65216K, reserved 1114112K
  class space    used 6818K, committed 7488K, reserved 1048576K
}
Event: 134.403 GC heap before
{Heap before GC invocations=117 (full 3):
 PSYoungGen      total 9728K, used 9154K [0x00000000d5580000, 0x00000000d6000000, 0x0000000100000000)
  eden space 8192K, 99% used [0x00000000d5580000,0x00000000d5d7cae0,0x00000000d5d80000)
  from space 1536K, 63% used [0x00000000d5d80000,0x00000000d5e74010,0x00000000d5f00000)
  to   space 1024K, 0% used [0x00000000d5f00000,0x00000000d5f00000,0x00000000d6000000)
 ParOldGen       total 80384K, used 76550K [0x0000000080000000, 0x0000000084e80000, 0x00000000d5580000)
  object space 80384K, 95% used [0x0000000080000000,0x0000000084ac1bd0,0x0000000084e80000)
 Metaspace       used 63672K, committed 65216K, reserved 1114112K
  class space    used 6818K, committed 7488K, reserved 1048576K
}
Event: 134.405 GC heap after
{Heap after GC invocations=117 (full 3):
 PSYoungGen      total 9216K, used 656K [0x00000000d5580000, 0x00000000d6000000, 0x0000000100000000)
  eden space 8192K, 0% used [0x00000000d5580000,0x00000000d5580000,0x00000000d5d80000)
  from space 1024K, 64% used [0x00000000d5f00000,0x00000000d5fa4010,0x00000000d6000000)
  to   space 1024K, 0% used [0x00000000d5e00000,0x00000000d5e00000,0x00000000d5f00000)
 ParOldGen       total 80384K, used 77174K [0x0000000080000000, 0x0000000084e80000, 0x00000000d5580000)
  object space 80384K, 96% used [0x0000000080000000,0x0000000084b5dbd0,0x0000000084e80000)
 Metaspace       used 63672K, committed 65216K, reserved 1114112K
  class space    used 6818K, committed 7488K, reserved 1048576K
}
Event: 134.694 GC heap before
{Heap before GC invocations=118 (full 3):
 PSYoungGen      total 9216K, used 8838K [0x00000000d5580000, 0x00000000d6000000, 0x0000000100000000)
  eden space 8192K, 99% used [0x00000000d5580000,0x00000000d5d7d8d8,0x00000000d5d80000)
  from space 1024K, 64% used [0x00000000d5f00000,0x00000000d5fa4010,0x00000000d6000000)
  to   space 1024K, 0% used [0x00000000d5e00000,0x00000000d5e00000,0x00000000d5f00000)
 ParOldGen       total 80384K, used 77174K [0x0000000080000000, 0x0000000084e80000, 0x00000000d5580000)
  object space 80384K, 96% used [0x0000000080000000,0x0000000084b5dbd0,0x0000000084e80000)
 Metaspace       used 63681K, committed 65216K, reserved 1114112K
  class space    used 6818K, committed 7488K, reserved 1048576K
}
Event: 134.697 GC heap after
{Heap after GC invocations=118 (full 3):
 PSYoungGen      total 9216K, used 704K [0x00000000d5580000, 0x00000000d5f80000, 0x0000000100000000)
  eden space 8192K, 0% used [0x00000000d5580000,0x00000000d5580000,0x00000000d5d80000)
  from space 1024K, 68% used [0x00000000d5e00000,0x00000000d5eb0000,0x00000000d5f00000)
  to   space 512K, 0% used [0x00000000d5f00000,0x00000000d5f00000,0x00000000d5f80000)
 ParOldGen       total 80384K, used 77542K [0x0000000080000000, 0x0000000084e80000, 0x00000000d5580000)
  object space 80384K, 96% used [0x0000000080000000,0x0000000084bb9bd0,0x0000000084e80000)
 Metaspace       used 63681K, committed 65216K, reserved 1114112K
  class space    used 6818K, committed 7488K, reserved 1048576K
}
Event: 136.151 GC heap before
{Heap before GC invocations=119 (full 3):
 PSYoungGen      total 9216K, used 8896K [0x00000000d5580000, 0x00000000d5f80000, 0x0000000100000000)
  eden space 8192K, 100% used [0x00000000d5580000,0x00000000d5d80000,0x00000000d5d80000)
  from space 1024K, 68% used [0x00000000d5e00000,0x00000000d5eb0000,0x00000000d5f00000)
  to   space 512K, 0% used [0x00000000d5f00000,0x00000000d5f00000,0x00000000d5f80000)
 ParOldGen       total 80384K, used 77542K [0x0000000080000000, 0x0000000084e80000, 0x00000000d5580000)
  object space 80384K, 96% used [0x0000000080000000,0x0000000084bb9bd0,0x0000000084e80000)
 Metaspace       used 63785K, committed 65280K, reserved 1114112K
  class space    used 6829K, committed 7488K, reserved 1048576K
}
Event: 138.177 GC heap after
{Heap after GC invocations=119 (full 3):
 PSYoungGen      total 8704K, used 512K [0x00000000d5580000, 0x00000000d5f80000, 0x0000000100000000)
  eden space 8192K, 0% used [0x00000000d5580000,0x00000000d5580000,0x00000000d5d80000)
  from space 512K, 100% used [0x00000000d5f00000,0x00000000d5f80000,0x00000000d5f80000)
  to   space 1024K, 0% used [0x00000000d5e00000,0x00000000d5e00000,0x00000000d5f00000)
 ParOldGen       total 80384K, used 78181K [0x0000000080000000, 0x0000000084e80000, 0x00000000d5580000)
  object space 80384K, 97% used [0x0000000080000000,0x0000000084c59668,0x0000000084e80000)
 Metaspace       used 63785K, committed 65280K, reserved 1114112K
  class space    used 6829K, committed 7488K, reserved 1048576K
}

Dll operation events (10 events):
Event: 0.013 Loaded shared library c:\Users\Shaik\.vscode\extensions\redhat.java-1.46.0-win32-x64\jre\21.0.8-win32-x86_64\bin\java.dll
Event: 0.065 Loaded shared library c:\Users\Shaik\.vscode\extensions\redhat.java-1.46.0-win32-x64\jre\21.0.8-win32-x86_64\bin\zip.dll
Event: 0.082 Loaded shared library C:\Users\Shaik\.vscode\extensions\redhat.java-1.46.0-win32-x64\jre\21.0.8-win32-x86_64\bin\instrument.dll
Event: 0.087 Loaded shared library C:\Users\Shaik\.vscode\extensions\redhat.java-1.46.0-win32-x64\jre\21.0.8-win32-x86_64\bin\net.dll
Event: 0.089 Loaded shared library C:\Users\Shaik\.vscode\extensions\redhat.java-1.46.0-win32-x64\jre\21.0.8-win32-x86_64\bin\nio.dll
Event: 0.092 Loaded shared library C:\Users\Shaik\.vscode\extensions\redhat.java-1.46.0-win32-x64\jre\21.0.8-win32-x86_64\bin\zip.dll
Event: 0.106 Loaded shared library C:\Users\Shaik\.vscode\extensions\redhat.java-1.46.0-win32-x64\jre\21.0.8-win32-x86_64\bin\jimage.dll
Event: 0.161 Loaded shared library c:\Users\Shaik\.vscode\extensions\redhat.java-1.46.0-win32-x64\jre\21.0.8-win32-x86_64\bin\verify.dll
Event: 16.014 Loaded shared library C:\Users\Shaik\AppData\Roaming\Code\User\globalStorage\redhat.java\1.46.0\config_win\org.eclipse.equinox.launcher\org.eclipse.equinox.launcher.win32.win32.x86_64_1.2.1400.v20250801-0854\eclipse_11916.dll
Event: 56.316 Loaded shared library C:\Users\Shaik\AppData\Local\Temp\jna-79847086\jna13623545595347294870.dll

Deoptimization events (20 events):
Event: 128.965 Thread 0x000002160c997cc0 DEOPT PACKING pc=0x00000215be12b928 sp=0x000000d1ccffc8e0
Event: 128.965 Thread 0x000002160c997cc0 DEOPT UNPACKING pc=0x00000215bd403aa2 sp=0x000000d1ccffc868 mode 2
Event: 132.323 Thread 0x000002160c997cc0 DEOPT PACKING pc=0x00000215b5faf3b9 sp=0x000000d1ccffc7c0
Event: 132.323 Thread 0x000002160c997cc0 DEOPT UNPACKING pc=0x00000215bd404242 sp=0x000000d1ccffbcc0 mode 0
Event: 132.432 Thread 0x000002160c997cc0 DEOPT PACKING pc=0x00000215b757351e sp=0x000000d1ccff6fc0
Event: 132.432 Thread 0x000002160c997cc0 DEOPT UNPACKING pc=0x00000215bd404242 sp=0x000000d1ccff64a0 mode 0
Event: 132.890 Thread 0x000002160c997cc0 Uncommon trap: trap_request=0xffffffde fr.pc=0x00000215bda37be0 relative=0x0000000000000a20
Event: 132.890 Thread 0x000002160c997cc0 Uncommon trap: reason=class_check action=maybe_recompile pc=0x00000215bda37be0 method=java.util.HashMap.computeIfAbsent(Ljava/lang/Object;Ljava/util/function/Function;)Ljava/lang/Object; @ 142 c2
Event: 132.890 Thread 0x000002160c997cc0 DEOPT PACKING pc=0x00000215bda37be0 sp=0x000000d1ccffda10
Event: 132.890 Thread 0x000002160c997cc0 DEOPT UNPACKING pc=0x00000215bd403aa2 sp=0x000000d1ccffd9b8 mode 2
Event: 133.025 Thread 0x000002160c997cc0 Uncommon trap: trap_request=0xffffff6e fr.pc=0x00000215be13c864 relative=0x00000000000005a4
Event: 133.025 Thread 0x000002160c997cc0 Uncommon trap: reason=loop_limit_check action=maybe_recompile pc=0x00000215be13c864 method=org.codehaus.plexus.util.xml.Xpp3Dom.getChild(Ljava/lang/String;)Lorg/codehaus/plexus/util/xml/Xpp3Dom; @ 29 c2
Event: 133.025 Thread 0x000002160c997cc0 DEOPT PACKING pc=0x00000215be13c864 sp=0x000000d1ccffdc30
Event: 133.025 Thread 0x000002160c997cc0 DEOPT UNPACKING pc=0x00000215bd403aa2 sp=0x000000d1ccffdbe0 mode 2
Event: 133.210 Thread 0x0000021614757b10 DEOPT PACKING pc=0x00000215b7519fc8 sp=0x000000d1d0dfe540
Event: 133.210 Thread 0x0000021614757b10 DEOPT UNPACKING pc=0x00000215bd404242 sp=0x000000d1d0dfd9e8 mode 0
Event: 134.374 Thread 0x00000216147518a0 DEOPT PACKING pc=0x00000215b7519fc8 sp=0x000000d1d0cfe420
Event: 134.374 Thread 0x00000216147518a0 DEOPT UNPACKING pc=0x00000215bd404242 sp=0x000000d1d0cfd8c8 mode 0
Event: 135.768 Thread 0x000002160c997cc0 DEOPT PACKING pc=0x00000215b7519fc8 sp=0x000000d1ccffd520
Event: 135.768 Thread 0x000002160c997cc0 DEOPT UNPACKING pc=0x00000215bd404242 sp=0x000000d1ccffc9c8 mode 0

Classes loaded (20 events):
Event: 101.171 Loading class com/sun/org/apache/xerces/internal/xni/XNIException
Event: 101.171 Loading class com/sun/org/apache/xerces/internal/xni/XNIException done
Event: 101.171 Loading class com/sun/org/apache/xerces/internal/xni/parser/XMLParseException
Event: 101.172 Loading class com/sun/org/apache/xerces/internal/xni/parser/XMLParseException done
Event: 104.072 Loading class java/util/concurrent/ArrayBlockingQueue
Event: 104.073 Loading class java/util/concurrent/ArrayBlockingQueue done
Event: 104.426 Loading class java/util/concurrent/ConcurrentHashMap$KeySpliterator
Event: 104.426 Loading class java/util/concurrent/ConcurrentHashMap$KeySpliterator done
Event: 104.436 Loading class sun/nio/ch/ChannelOutputStream
Event: 104.436 Loading class sun/nio/ch/ChannelOutputStream done
Event: 109.989 Loading class java/util/stream/ReferencePipeline$4
Event: 109.990 Loading class java/util/stream/ReferencePipeline$4 done
Event: 109.990 Loading class java/util/stream/Nodes$IntFixedNodeBuilder
Event: 109.990 Loading class java/util/stream/Node$Builder$OfInt
Event: 109.990 Loading class java/util/stream/Node$Builder$OfInt done
Event: 109.990 Loading class java/util/stream/Nodes$IntArrayNode
Event: 109.990 Loading class java/util/stream/Nodes$IntArrayNode done
Event: 109.990 Loading class java/util/stream/Nodes$IntFixedNodeBuilder done
Event: 109.991 Loading class java/util/stream/ReferencePipeline$4$1
Event: 109.991 Loading class java/util/stream/ReferencePipeline$4$1 done

Classes unloaded (7 events):
Event: 57.642 Thread 0x00000215b2d4e890 Unloading class 0x00000215cb1a9400 'java/lang/invoke/LambdaForm$MH+0x00000215cb1a9400'
Event: 57.642 Thread 0x00000215b2d4e890 Unloading class 0x00000215cb1a9000 'java/lang/invoke/LambdaForm$MH+0x00000215cb1a9000'
Event: 57.642 Thread 0x00000215b2d4e890 Unloading class 0x00000215cb1a8c00 'java/lang/invoke/LambdaForm$MH+0x00000215cb1a8c00'
Event: 57.642 Thread 0x00000215b2d4e890 Unloading class 0x00000215cb1a8800 'java/lang/invoke/LambdaForm$MH+0x00000215cb1a8800'
Event: 57.642 Thread 0x00000215b2d4e890 Unloading class 0x00000215cb1a8400 'java/lang/invoke/LambdaForm$BMH+0x00000215cb1a8400'
Event: 57.642 Thread 0x00000215b2d4e890 Unloading class 0x00000215cb1a8000 'java/lang/invoke/LambdaForm$DMH+0x00000215cb1a8000'
Event: 57.642 Thread 0x00000215b2d4e890 Unloading class 0x00000215cb1a6c00 'java/lang/invoke/LambdaForm$DMH+0x00000215cb1a6c00'

Classes redefined (0 events):
No events

Internal exceptions (20 events):
Event: 112.923 Thread 0x0000021612767140 Exception <a 'sun/nio/fs/WindowsException'{0x00000000d55ca888}> (0x00000000d55ca888) 
thrown [s\src\hotspot\share\prims\jni.cpp, line 520]
Event: 113.658 Thread 0x000002160c997cc0 Exception <a 'sun/nio/fs/WindowsException'{0x00000000d5bee590}> (0x00000000d5bee590) 
thrown [s\src\hotspot\share\prims\jni.cpp, line 520]
Event: 113.658 Thread 0x000002160c997cc0 Exception <a 'sun/nio/fs/WindowsException'{0x00000000d5beebc0}> (0x00000000d5beebc0) 
thrown [s\src\hotspot\share\prims\jni.cpp, line 520]
Event: 114.062 Thread 0x000002160c997cc0 Exception <a 'java/lang/NoSuchMethodError'{0x00000000d5c58148}: 'java.lang.Object java.lang.invoke.DirectMethodHandle$Holder.newInvokeSpecial(java.lang.Object, java.lang.Object, int, java.lang.Object, java.lang.Object)'> (0x00000000d5c58148) 
thrown [s\src\hotspot\share\interpreter\linkResolver.cpp, line 773]
Event: 114.102 Thread 0x000002160c997cc0 Exception <a 'java/lang/NoSuchMethodError'{0x00000000d5c865f0}: 'void java.lang.invoke.DirectMethodHandle$Holder.invokeStatic(java.lang.Object, java.lang.Object, java.lang.Object, java.lang.Object, java.lang.Object, java.lang.Object, java.lang.Object, java.lang.Object)'> (0x00000000d5c865f0) 
thrown [s\src\hotspot\share\interpreter\linkResolver.cpp, line 773]
Event: 119.292 Thread 0x000002160c997cc0 Exception <a 'java/lang/NoSuchMethodError'{0x00000000d5d25270}: 'java.lang.Object java.lang.invoke.DirectMethodHandle$Holder.newInvokeSpecial(java.lang.Object, java.lang.Object, java.lang.Object, java.lang.Object, java.lang.Object, java.lang.Object, java.lang.Object, java.lang.Object)'> (0x00000000d5d25270) 
thrown [s\src\hotspot\share\interpreter\linkResolver.cpp, line 773]
Event: 119.297 Thread 0x000002160c997cc0 Exception <a 'java/lang/NoSuchMethodError'{0x00000000d5d393f8}: 'java.lang.Object java.lang.invoke.DirectMethodHandle$Holder.invokeStatic(java.lang.Object, java.lang.Object, int, java.lang.Object, java.lang.Object)'> (0x00000000d5d393f8) 
thrown [s\src\hotspot\share\interpreter\linkResolver.cpp, line 773]
Event: 119.325 Thread 0x000002160c997cc0 Exception <a 'java/lang/NoSuchMethodError'{0x00000000d55b9210}: 'void java.lang.invoke.DirectMethodHandle$Holder.invokeStatic(java.lang.Object, int)'> (0x00000000d55b9210) 
thrown [s\src\hotspot\share\interpreter\linkResolver.cpp, line 773]
Event: 119.797 Thread 0x000002160c997cc0 Exception <a 'java/io/FileNotFoundException'{0x00000000d59256f0}> (0x00000000d59256f0) 
thrown [s\src\hotspot\share\prims\jni.cpp, line 520]
Event: 124.125 Thread 0x000002160c997cc0 Implicit null exception at 0x00000215bdc66dca to 0x00000215bdc674f8
Event: 126.862 Thread 0x000002160c997cc0 Implicit null exception at 0x00000215bdf56815 to 0x00000215bdf56e04
Event: 128.938 Thread 0x000002160c997cc0 Implicit null exception at 0x00000215bdc9f8e3 to 0x00000215bdca085c
Event: 136.034 Thread 0x000002160c997cc0 Exception <a 'java/lang/NoSuchMethodError'{0x00000000d5c250a8}: 'long java.lang.invoke.DirectMethodHandle$Holder.invokeStatic(java.lang.Object, java.lang.Object)'> (0x00000000d5c250a8) 
thrown [s\src\hotspot\share\interpreter\linkResolver.cpp, line 773]
Event: 136.089 Thread 0x000002160c997cc0 Exception <a 'java/lang/NoSuchMethodError'{0x00000000d5c9f548}: static Lorg/apache/maven/model/InputLocation;.<clinit>()V> (0x00000000d5c9f548) 
thrown [s\src\hotspot\share\prims\jni.cpp, line 1111]
Event: 136.091 Thread 0x000002160c997cc0 Exception <a 'java/lang/NoSuchMethodError'{0x00000000d5cb29b8}: static Lorg/apache/maven/model/InputSource;.<clinit>()V> (0x00000000d5cb29b8) 
thrown [s\src\hotspot\share\prims\jni.cpp, line 1111]
Event: 138.272 Thread 0x000002160c997cc0 Exception <a 'java/io/IOException'{0x00000000d56e6028}> (0x00000000d56e6028) 
thrown [s\src\hotspot\share\prims\jni.cpp, line 520]
Event: 138.304 Thread 0x000002160c997cc0 Exception <a 'java/io/IOException'{0x00000000d580e2e0}> (0x00000000d580e2e0) 
thrown [s\src\hotspot\share\prims\jni.cpp, line 520]
Event: 138.305 Thread 0x000002160c997cc0 Exception <a 'java/io/IOException'{0x00000000d5814aa8}> (0x00000000d5814aa8) 
thrown [s\src\hotspot\share\prims\jni.cpp, line 520]
Event: 138.314 Thread 0x000002160c997cc0 Exception <a 'java/io/IOException'{0x00000000d583fd30}> (0x00000000d583fd30) 
thrown [s\src\hotspot\share\prims\jni.cpp, line 520]
Event: 138.314 Thread 0x000002160c997cc0 Exception <a 'java/io/IOException'{0x00000000d5842008}> (0x00000000d5842008) 
thrown [s\src\hotspot\share\prims\jni.cpp, line 520]

ZGC Phase Switch (0 events):
No events

VM Operations (20 events):
Event: 130.071 Executing VM operation: Cleanup
Event: 130.071 Executing VM operation: Cleanup done
Event: 132.456 Executing VM operation: ParallelGCFailedAllocation (Allocation Failure)
Event: 132.458 Executing VM operation: ParallelGCFailedAllocation (Allocation Failure) done
Event: 133.268 Executing VM operation: ParallelGCFailedAllocation (Allocation Failure)
Event: 133.273 Executing VM operation: ParallelGCFailedAllocation (Allocation Failure) done
Event: 133.606 Executing VM operation: ParallelGCFailedAllocation (Allocation Failure)
Event: 133.610 Executing VM operation: ParallelGCFailedAllocation (Allocation Failure) done
Event: 134.058 Executing VM operation: ParallelGCFailedAllocation (Allocation Failure)
Event: 134.062 Executing VM operation: ParallelGCFailedAllocation (Allocation Failure) done
Event: 134.386 Executing VM operation: ParallelGCFailedAllocation (Allocation Failure)
Event: 134.405 Executing VM operation: ParallelGCFailedAllocation (Allocation Failure) done
Event: 134.693 Executing VM operation: ParallelGCFailedAllocation (Allocation Failure)
Event: 134.697 Executing VM operation: ParallelGCFailedAllocation (Allocation Failure) done
Event: 135.699 Executing VM operation: Cleanup
Event: 135.699 Executing VM operation: Cleanup done
Event: 136.151 Executing VM operation: ParallelGCFailedAllocation (Allocation Failure)
Event: 138.180 Executing VM operation: ParallelGCFailedAllocation (Allocation Failure) done
Event: 139.192 Executing VM operation: Cleanup
Event: 139.192 Executing VM operation: Cleanup done

Memory protections (0 events):
No events

Nmethod flushes (20 events):
Event: 98.122 Thread 0x00000215b2d4e890 flushing  nmethod 0x00000215b67b2190
Event: 98.122 Thread 0x00000215b2d4e890 flushing  nmethod 0x00000215b67b3790
Event: 98.122 Thread 0x00000215b2d4e890 flushing  nmethod 0x00000215b67b4790
Event: 98.122 Thread 0x00000215b2d4e890 flushing  nmethod 0x00000215b67b4b90
Event: 98.122 Thread 0x00000215b2d4e890 flushing  nmethod 0x00000215b67b5610
Event: 98.122 Thread 0x00000215b2d4e890 flushing  nmethod 0x00000215b67b5a10
Event: 98.122 Thread 0x00000215b2d4e890 flushing  nmethod 0x00000215b67b6e90
Event: 98.122 Thread 0x00000215b2d4e890 flushing  nmethod 0x00000215b67b7310
Event: 98.122 Thread 0x00000215b2d4e890 flushing  nmethod 0x00000215b67bd810
Event: 98.122 Thread 0x00000215b2d4e890 flushing  nmethod 0x00000215b67bdd90
Event: 98.122 Thread 0x00000215b2d4e890 flushing  nmethod 0x00000215b67bf310
Event: 98.122 Thread 0x00000215b2d4e890 flushing  nmethod 0x00000215b67bfc90
Event: 98.122 Thread 0x00000215b2d4e890 flushing  nmethod 0x00000215b67c0510
Event: 98.122 Thread 0x00000215b2d4e890 flushing  nmethod 0x00000215b67c0b10
Event: 98.122 Thread 0x00000215b2d4e890 flushing  nmethod 0x00000215b67cc310
Event: 98.122 Thread 0x00000215b2d4e890 flushing  nmethod 0x00000215b67d3290
Event: 98.122 Thread 0x00000215b2d4e890 flushing  nmethod 0x00000215b67f7f10
Event: 98.122 Thread 0x00000215b2d4e890 flushing  nmethod 0x00000215b67fa710
Event: 98.122 Thread 0x00000215b2d4e890 flushing  nmethod 0x00000215b67fb710
Event: 98.122 Thread 0x00000215b2d4e890 flushing  nmethod 0x00000215b68a2490

Events (20 events):
Event: 128.731 Thread 0x00000216147560d0 Thread exited: 0x00000216147560d0
Event: 128.731 Thread 0x0000021614754d20 Thread exited: 0x0000021614754d20
Event: 128.732 Thread 0x0000021614755a40 Thread exited: 0x0000021614755a40
Event: 128.732 Thread 0x00000216147518a0 Thread exited: 0x00000216147518a0
Event: 128.756 Thread 0x00000216147553b0 Thread exited: 0x00000216147553b0
Event: 132.901 Thread 0x000002160c6aace0 Thread added: 0x0000021611ae76e0
Event: 133.077 Thread 0x000002160c997cc0 Thread added: 0x0000021614754d20
Event: 133.077 Thread 0x000002160c997cc0 Thread added: 0x00000216147518a0
Event: 133.077 Thread 0x000002160c997cc0 Thread added: 0x0000021614757b10
Event: 133.087 Thread 0x000002160c997cc0 Thread added: 0x00000216147553b0
Event: 133.088 Thread 0x000002160c997cc0 Thread added: 0x0000021614757480
Event: 133.234 Thread 0x0000021611ae76e0 Thread exited: 0x0000021611ae76e0
Event: 133.420 Thread 0x000002160c6aace0 Thread added: 0x0000021611ae76e0
Event: 133.739 Thread 0x0000021611ae76e0 Thread exited: 0x0000021611ae76e0
Event: 135.009 Thread 0x00000216147553b0 Thread exited: 0x00000216147553b0
Event: 135.009 Thread 0x0000021614757b10 Thread exited: 0x0000021614757b10
Event: 135.009 Thread 0x0000021614754d20 Thread exited: 0x0000021614754d20
Event: 135.019 Thread 0x00000216147518a0 Thread exited: 0x00000216147518a0
Event: 135.021 Thread 0x0000021614757480 Thread exited: 0x0000021614757480
Event: 136.090 Thread 0x000002160c6aace0 Thread added: 0x0000021615177060


Dynamic libraries:
0x00007ff74cb30000 - 0x00007ff74cb3e000 	c:\Users\Shaik\.vscode\extensions\redhat.java-1.46.0-win32-x64\jre\21.0.8-win32-x86_64\bin\java.exe
0x00007fff5cdc0000 - 0x00007fff5d029000 	C:\WINDOWS\SYSTEM32\ntdll.dll
0x00007fff5ac30000 - 0x00007fff5acf9000 	C:\WINDOWS\System32\KERNEL32.DLL
0x00007fff5a310000 - 0x00007fff5a703000 	C:\WINDOWS\System32\KERNELBASE.dll
0x00007fff5aa40000 - 0x00007fff5ab8b000 	C:\WINDOWS\System32\ucrtbase.dll
0x00007ffef7d30000 - 0x00007ffef7d48000 	c:\Users\Shaik\.vscode\extensions\redhat.java-1.46.0-win32-x64\jre\21.0.8-win32-x86_64\bin\jli.dll
0x00007fff5b260000 - 0x00007fff5b424000 	C:\WINDOWS\System32\USER32.dll
0x00007fff5a190000 - 0x00007fff5a1b7000 	C:\WINDOWS\System32\win32u.dll
0x00007ffef4110000 - 0x00007ffef412e000 	c:\Users\Shaik\.vscode\extensions\redhat.java-1.46.0-win32-x64\jre\21.0.8-win32-x86_64\bin\VCRUNTIME140.dll
0x00007fff5ac00000 - 0x00007fff5ac2b000 	C:\WINDOWS\System32\GDI32.dll
0x00007fff5a910000 - 0x00007fff5aa3d000 	C:\WINDOWS\System32\gdi32full.dll
0x00007fff36e90000 - 0x00007fff37123000 	C:\WINDOWS\WinSxS\amd64_microsoft.windows.common-controls_6595b64144ccf1df_6.0.26100.5074_none_3e0d6f78e32fd63f\COMCTL32.dll
0x00007fff5a1c0000 - 0x00007fff5a263000 	C:\WINDOWS\System32\msvcp_win.dll
0x00007fff5bf00000 - 0x00007fff5bfa9000 	C:\WINDOWS\System32\msvcrt.dll
0x00007fff5c270000 - 0x00007fff5c29f000 	C:\WINDOWS\System32\IMM32.DLL
0x00007fff52040000 - 0x00007fff5204c000 	c:\Users\Shaik\.vscode\extensions\redhat.java-1.46.0-win32-x64\jre\21.0.8-win32-x86_64\bin\vcruntime140_1.dll
0x00007ffe7dcd0000 - 0x00007ffe7dd5d000 	c:\Users\Shaik\.vscode\extensions\redhat.java-1.46.0-win32-x64\jre\21.0.8-win32-x86_64\bin\msvcp140.dll
0x00007ffe7cf30000 - 0x00007ffe7dcc7000 	c:\Users\Shaik\.vscode\extensions\redhat.java-1.46.0-win32-x64\jre\21.0.8-win32-x86_64\bin\server\jvm.dll
0x00007fff5bfc0000 - 0x00007fff5c074000 	C:\WINDOWS\System32\ADVAPI32.dll
0x00007fff5b890000 - 0x00007fff5b936000 	C:\WINDOWS\System32\sechost.dll
0x00007fff5b430000 - 0x00007fff5b548000 	C:\WINDOWS\System32\RPCRT4.dll
0x00007fff5ca00000 - 0x00007fff5ca74000 	C:\WINDOWS\System32\WS2_32.dll
0x00007fff4e9d0000 - 0x00007fff4ea05000 	C:\WINDOWS\SYSTEM32\WINMM.dll
0x00007fff44fd0000 - 0x00007fff44fdb000 	C:\WINDOWS\SYSTEM32\VERSION.dll
0x00007fff59db0000 - 0x00007fff59e0e000 	C:\WINDOWS\SYSTEM32\POWRPROF.dll
0x00007fff59d90000 - 0x00007fff59da4000 	C:\WINDOWS\SYSTEM32\UMPDC.dll
0x00007fff58c90000 - 0x00007fff58cab000 	C:\WINDOWS\SYSTEM32\kernel.appcore.dll
0x00007ffec79e0000 - 0x00007ffec79ea000 	c:\Users\Shaik\.vscode\extensions\redhat.java-1.46.0-win32-x64\jre\21.0.8-win32-x86_64\bin\jimage.dll
0x00007fff57900000 - 0x00007fff57b42000 	C:\WINDOWS\SYSTEM32\DBGHELP.DLL
0x00007fff5b9c0000 - 0x00007fff5bd3b000 	C:\WINDOWS\System32\combase.dll
0x00007fff5cc80000 - 0x00007fff5cd57000 	C:\WINDOWS\System32\OLEAUT32.dll
0x00007fff31c20000 - 0x00007fff31c5d000 	C:\WINDOWS\SYSTEM32\dbgcore.DLL
0x00007fff5a270000 - 0x00007fff5a309000 	C:\WINDOWS\System32\bcryptPrimitives.dll
0x00007ffec79d0000 - 0x00007ffec79df000 	c:\Users\Shaik\.vscode\extensions\redhat.java-1.46.0-win32-x64\jre\21.0.8-win32-x86_64\bin\instrument.dll
0x00007ffec4490000 - 0x00007ffec44af000 	c:\Users\Shaik\.vscode\extensions\redhat.java-1.46.0-win32-x64\jre\21.0.8-win32-x86_64\bin\java.dll
0x00007fff5c2b0000 - 0x00007fff5c9fd000 	C:\WINDOWS\System32\SHELL32.dll
0x00007fff5a710000 - 0x00007fff5a87c000 	C:\WINDOWS\System32\wintypes.dll
0x00007fff57b80000 - 0x00007fff583d9000 	C:\WINDOWS\SYSTEM32\windows.storage.dll
0x00007fff5cab0000 - 0x00007fff5cba0000 	C:\WINDOWS\System32\SHCORE.dll
0x00007fff5ab90000 - 0x00007fff5abf2000 	C:\WINDOWS\System32\shlwapi.dll
0x00007fff59e70000 - 0x00007fff59e99000 	C:\WINDOWS\SYSTEM32\profapi.dll
0x00007ffef8630000 - 0x00007ffef8648000 	c:\Users\Shaik\.vscode\extensions\redhat.java-1.46.0-win32-x64\jre\21.0.8-win32-x86_64\bin\zip.dll
0x00007ffeb9640000 - 0x00007ffeb9650000 	C:\Users\Shaik\.vscode\extensions\redhat.java-1.46.0-win32-x64\jre\21.0.8-win32-x86_64\bin\net.dll
0x00007fff4fc00000 - 0x00007fff4fd1f000 	C:\WINDOWS\SYSTEM32\WINHTTP.dll
0x00007fff592b0000 - 0x00007fff5931b000 	C:\WINDOWS\system32\mswsock.dll
0x00007ffeb41b0000 - 0x00007ffeb41c6000 	C:\Users\Shaik\.vscode\extensions\redhat.java-1.46.0-win32-x64\jre\21.0.8-win32-x86_64\bin\nio.dll
0x00007ffeb41a0000 - 0x00007ffeb41b0000 	c:\Users\Shaik\.vscode\extensions\redhat.java-1.46.0-win32-x64\jre\21.0.8-win32-x86_64\bin\verify.dll
0x00007fff11c20000 - 0x00007fff11c64000 	C:\Users\Shaik\AppData\Roaming\Code\User\globalStorage\redhat.java\1.46.0\config_win\org.eclipse.equinox.launcher\org.eclipse.equinox.launcher.win32.win32.x86_64_1.2.1400.v20250801-0854\eclipse_11916.dll
0x00007fff5b6f0000 - 0x00007fff5b888000 	C:\WINDOWS\System32\ole32.dll
0x00007fff59550000 - 0x00007fff5956b000 	C:\WINDOWS\SYSTEM32\CRYPTSP.dll
0x00007fff58cb0000 - 0x00007fff58ceb000 	C:\WINDOWS\system32\rsaenh.dll
0x00007fff59350000 - 0x00007fff5937b000 	C:\WINDOWS\SYSTEM32\USERENV.dll
0x00007fff59e40000 - 0x00007fff59e66000 	C:\WINDOWS\SYSTEM32\bcrypt.dll
0x00007fff59570000 - 0x00007fff5957c000 	C:\WINDOWS\SYSTEM32\CRYPTBASE.dll
0x00007fff58710000 - 0x00007fff58744000 	C:\WINDOWS\SYSTEM32\IPHLPAPI.DLL
0x00007fff5c080000 - 0x00007fff5c08a000 	C:\WINDOWS\System32\NSI.dll
0x00007fff12430000 - 0x00007fff12479000 	C:\Users\Shaik\AppData\Local\Temp\jna-79847086\jna13623545595347294870.dll
0x00007fff5b550000 - 0x00007fff5b558000 	C:\WINDOWS\System32\PSAPI.DLL
0x00007fff505e0000 - 0x00007fff505fe000 	C:\WINDOWS\SYSTEM32\dhcpcsvc6.DLL
0x00007fff505b0000 - 0x00007fff505d3000 	C:\WINDOWS\SYSTEM32\dhcpcsvc.DLL

JVMTI agents:
c:\Users\Shaik\.vscode\extensions\redhat.java-1.46.0-win32-x64\lombok\lombok-1.18.39-4050.jar path:c:\Users\Shaik\.vscode\extensions\redhat.java-1.46.0-win32-x64\jre\21.0.8-win32-x86_64\bin\instrument.dll, loaded, initialized, instrumentlib options:none

dbghelp: loaded successfully - version: 4.0.5 - missing functions: none
symbol engine: initialized successfully - sym options: 0x614 - pdb path: .;c:\Users\Shaik\.vscode\extensions\redhat.java-1.46.0-win32-x64\jre\21.0.8-win32-x86_64\bin;C:\WINDOWS\SYSTEM32;C:\WINDOWS\WinSxS\amd64_microsoft.windows.common-controls_6595b64144ccf1df_6.0.26100.5074_none_3e0d6f78e32fd63f;c:\Users\Shaik\.vscode\extensions\redhat.java-1.46.0-win32-x64\jre\21.0.8-win32-x86_64\bin\server;C:\Users\Shaik\AppData\Roaming\Code\User\globalStorage\redhat.java\1.46.0\config_win\org.eclipse.equinox.launcher\org.eclipse.equinox.launcher.win32.win32.x86_64_1.2.1400.v20250801-0854;C:\Users\Shaik\AppData\Local\Temp\jna-79847086

VM Arguments:
jvm_args: --add-modules=ALL-SYSTEM --add-opens=java.base/java.util=ALL-UNNAMED --add-opens=java.base/java.lang=ALL-UNNAMED --add-opens=java.base/sun.nio.fs=ALL-UNNAMED -Declipse.application=org.eclipse.jdt.ls.core.id1 -Dosgi.bundles.defaultStartLevel=4 -Declipse.product=org.eclipse.jdt.ls.core.product -Djava.import.generatesMetadataFilesAtProjectRoot=false -DDetectVMInstallationsJob.disabled=true -Dfile.encoding=utf8 -XX:+UseParallelGC -XX:GCTimeRatio=4 -XX:AdaptiveSizePolicyWeight=90 -Dsun.zip.disableMemoryMapping=true -Xmx2G -Xms100m -Xlog:disable -javaagent:c:\Users\Shaik\.vscode\extensions\redhat.java-1.46.0-win32-x64\lombok\lombok-1.18.39-4050.jar -XX:+HeapDumpOnOutOfMemoryError -XX:HeapDumpPath=c:\Users\Shaik\AppData\Roaming\Code\User\workspaceStorage\b969609c57074d7f45bfa7cd6e1570cd\redhat.java -Daether.dependencyCollector.impl=bf 
java_command: c:\Users\Shaik\.vscode\extensions\redhat.java-1.46.0-win32-x64\server\plugins\org.eclipse.equinox.launcher_1.7.0.v20250519-0528.jar -configuration c:\Users\Shaik\AppData\Roaming\Code\User\globalStorage\redhat.java\1.46.0\config_win -data c:\Users\Shaik\AppData\Roaming\Code\User\workspaceStorage\b969609c57074d7f45bfa7cd6e1570cd\redhat.java\jdt_ws --pipe=\\.\pipe\lsp-509f48e2d0fcf2b8474c7d9639acdff7-sock
java_class_path (initial): c:\Users\Shaik\.vscode\extensions\redhat.java-1.46.0-win32-x64\server\plugins\org.eclipse.equinox.launcher_1.7.0.v20250519-0528.jar
Launcher Type: SUN_STANDARD

[Global flags]
    uintx AdaptiveSizePolicyWeight                 = 90                                        {product} {command line}
     intx CICompilerCount                          = 4                                         {product} {ergonomic}
    uintx GCTimeRatio                              = 4                                         {product} {command line}
     bool HeapDumpOnOutOfMemoryError               = true                                   {manageable} {command line}
    ccstr HeapDumpPath                             = c:\Users\Shaik\AppData\Roaming\Code\User\workspaceStorage\b969609c57074d7f45bfa7cd6e1570cd\redhat.java         {manageable} {command line}
   size_t InitialHeapSize                          = 104857600                                 {product} {command line}
   size_t MaxHeapSize                              = 2147483648                                {product} {command line}
   size_t MaxNewSize                               = 715653120                                 {product} {ergonomic}
   size_t MinHeapDeltaBytes                        = 524288                                    {product} {ergonomic}
   size_t MinHeapSize                              = 104857600                                 {product} {command line}
   size_t NewSize                                  = 34603008                                  {product} {ergonomic}
    uintx NonNMethodCodeHeapSize                   = 5839372                                {pd product} {ergonomic}
    uintx NonProfiledCodeHeapSize                  = 122909434                              {pd product} {ergonomic}
   size_t OldSize                                  = 70254592                                  {product} {ergonomic}
    uintx ProfiledCodeHeapSize                     = 122909434                              {pd product} {ergonomic}
    uintx ReservedCodeCacheSize                    = 251658240                              {pd product} {ergonomic}
     bool SegmentedCodeCache                       = true                                      {product} {ergonomic}
   size_t SoftMaxHeapSize                          = 2147483648                             {manageable} {ergonomic}
     bool UseCompressedOops                        = true                           {product lp64_product} {ergonomic}
     bool UseLargePagesIndividualAllocation        = false                                  {pd product} {ergonomic}
     bool UseParallelGC                            = true                                      {product} {command line}

Logging:
Log output configuration:
 #0: stdout all=off uptime,level,tags foldmultilines=false
 #1: stderr all=off uptime,level,tags foldmultilines=false

Environment Variables:
JAVA_HOME=C:\Program Files\Java\jdk-21
PATH=C:\3-1\apache-maven-3.9.11-bin\apache-maven-3.9.11\bin;C:\Program Files\Java\jdk-21\bin;C:\Program Files\nodejs;C:\Program Files\Docker\Docker\resources\bin;C:\Program Files\Git\cmd;C:\Program Files\nodejs\;C:\Windows\System32;;C:\ProgramData\chocolatey\bin;C:\Program Files\MySQL\MySQL Shell 8.0\bin\;C:\Users\Shaik\Downloads\apache-maven-3.9.11\bin;C:\Users\Shaik\AppData\Local\Programs\Microsoft VS Code\bin;C:\Users\Shaik\AppData\Roaming\npm;C:\Users\Shaik\AppData\Local\Programs\cursor\resources\app\bin
USERNAME=Shaik
OS=Windows_NT
PROCESSOR_IDENTIFIER=Intel64 Family 6 Model 186 Stepping 3, GenuineIntel
TMP=C:\Users\Shaik\AppData\Local\Temp
TEMP=C:\Users\Shaik\AppData\Local\Temp




Periodic native trim disabled

---------------  S Y S T E M  ---------------

OS:
 Windows 11 , 64 bit Build 26100 (10.0.26100.5074)
OS uptime: 0 days 0:04 hours
Hyper-V role detected

CPU: total 12 (initial active 12) (6 cores per cpu, 2 threads per core) family 6 model 186 stepping 3 microcode 0x4128, cx8, cmov, fxsr, ht, mmx, 3dnowpref, sse, sse2, sse3, ssse3, sse4.1, sse4.2, popcnt, lzcnt, tsc, tscinvbit, avx, avx2, aes, erms, clmul, bmi1, bmi2, adx, sha, fma, vzeroupper, clflush, clflushopt, clwb, hv, serialize, rdtscp, rdpid, fsrm, f16c, cet_ibt, cet_ss
Processor Information for processor 0
  Max Mhz: 1300, Current Mhz: 1300, Mhz Limit: 1300
Processor Information for processor 1
  Max Mhz: 1300, Current Mhz: 1300, Mhz Limit: 1300
Processor Information for processor 2
  Max Mhz: 1300, Current Mhz: 1300, Mhz Limit: 1300
Processor Information for processor 3
  Max Mhz: 1300, Current Mhz: 1300, Mhz Limit: 1300
Processor Information for processor 4
  Max Mhz: 1300, Current Mhz: 900, Mhz Limit: 897
Processor Information for processor 5
  Max Mhz: 1300, Current Mhz: 900, Mhz Limit: 897
Processor Information for processor 6
  Max Mhz: 1300, Current Mhz: 900, Mhz Limit: 897
Processor Information for processor 7
  Max Mhz: 1300, Current Mhz: 900, Mhz Limit: 897
Processor Information for processor 8
  Max Mhz: 1300, Current Mhz: 900, Mhz Limit: 897
Processor Information for processor 9
  Max Mhz: 1300, Current Mhz: 900, Mhz Limit: 897
Processor Information for processor 10
  Max Mhz: 1300, Current Mhz: 900, Mhz Limit: 897
Processor Information for processor 11
  Max Mhz: 1300, Current Mhz: 900, Mhz Limit: 897

Memory: 4k page, system-wide physical 16095M (3118M free)
TotalPageFile size 16095M (AvailPageFile size 91M)
current process WorkingSet (physical memory assigned to process): 309M, peak: 346M
current process commit charge ("private bytes"): 385M, peak: 425M

vm_info: OpenJDK 64-Bit Server VM (21.0.8+9-LTS) for windows-amd64 JRE (21.0.8+9-LTS), built on 2025-07-15T00:00:00Z by "admin" with MS VC++ 17.7 (VS2022)

END.
